 rmc.shift.swap.mac
 Fm-3m             225
 Lattice constants :
    a          b          c         alpha      beta       gamma      volume
    4.07890    4.07890    4.07890   90.00000   90.00000   90.00000    67.8624    

 Metric Tensor     :
      16.63743      0.00000      0.00000
       0.00000     16.63743      0.00000
       0.00000      0.00000     16.63743

 Reciprocal Lattice constants :
    a*         b*         c*        alpha*     beta*      gamma*     volume
    0.24516    0.24516    0.24516   90.00000   90.00000   90.00000   0.147357E-01

 Reciprocal metric tensor     : 
       0.06011     -0.00000     -0.00000
      -0.00000      0.06011     -0.00000
      -0.00000     -0.00000      0.06011

 Setting PDF calculation to no periodic bound., 3D, exact mode ..
 Read PDF data (r =   0.010 to  50.000 A, 49990 points) ...
 Setting up PDF segment ...
 Extending PDF search distance to  51.1429 A ...
 Current PDF calculation settings : 
   Maximum r [A]              :  51.1429
   Grid size DR [A]           :   0.0100    (        51142 pts)
   Radiation                  :   X-Rays    (at   0.0000 A**-1)

   Applied corrections        : 
     Q termination (SINC)     : applied, Qmax =  35.0000 A**-1
     Instrument resolution    : not applied
     Periodic boundaries      : not applied
     4 Pi Rho r correction    :  50.0000 A diameter sphere
     Weight correction        :   1.00000000
     Convolution therm. Gauss.: applied
     Resolution broadening    :   0.0000
     Quad. correlation fac.   :   0.3000
     Linear correlation fac.  :   0.0000
     PDF peak width ratio     :   1.0000 below   0.0000 A
     Number density           : automatic
     Correction for RHO0      :   1.0000
     PDF calculation mode     : all atoms

   Refinement settings        : 
     Fit minimum r [A]        :   0.0100   (pt.    1)
     Fit maximum r [A]        :  50.0000   (pt. 5000)
     Current scale factor     :   1.0000   (refined = F)

   Selected atoms for PDF calculation :
     Atoms (i)                : AU(1)     PD(2)    
     Atoms (j)                : AU(1)     PD(2)    

   Weights for PDF calculation (internal) :
     AU(1)     - AU(1)        :      1.6125153    
     AU(1)     - PD(2)        :     0.93902152    
     PD(2)     - PD(2)        :     0.54682359    

 Current RMC settings (not all used here) :
   Valid neighbours          : all
   Calc. scaling/backgr.     : none
   Fourier volume            : complete crystal
   Max. number of RMC cycles :    39250
   Output update intervall   :    39250   (logging to rmc.log=F)
   SIGMA for CHI calculation :   0.0100
 Minimal allowed distances   : 
     AU(1)     and AU(1)     :   0.500
     AU(1)     and PD(2)     :   0.500
     PD(2)     and PD(2)     :   0.500

 Sigma for created RMC moves : 
              Atom AU(1)     :   0.200   0.200   0.200
              Atom PD(2)     :   0.200   0.200   0.200

 Selected atoms for RMC      : VOID(0)   AU(1)     PD(2)    
 Setting up PDF segment ...
 Extending PDF search distance to  51.1429 A ...
 Running PDF-Fit ...

 Size of model crystal     :   1 x   1 x   1 containing      3925 atoms

 Elapsed time    :  0.378010     sec

 Starting main RMC loop ...
 (Mode SHIFT) 

 Gen:    39250 try:    17391 acc: (good/bad):     2638 /     1471 s2x2:   4.4448631    
 Gen:    78500 try:    35006 acc: (good/bad):     4149 /     2999 s2x2:   4.4440676    

 ---- Final configuration (s=   1.0000) ---- 

 Gen:    87976 try:    39250 acc: (good/bad):     4487 /     3339 s2x2:   4.4454932    

 Delta Chi    : ave:      0.2676E-03 sig:      0.1859E-03 max:      0.1043E-02

 Elapsed time :    6 h 10 min 49 sec 
 Time/cycle   :     0.567 sec

 Setting up PDF segment ...
 Extending PDF search distance to  51.1429 A ...
 Running PDF-Fit ...

 Size of model crystal     :   1 x   1 x   1 containing      3925 atoms

 Elapsed time    :  0.376590     sec

 Starting main RMC loop ...
 (Mode SWCHEM) 

 Gen:    39250 try:    26281 acc: (good/bad):     6608 /     2206 s2x2:  0.16041974    

 ---- Final configuration (s=   1.0000) ---- 

 Gen:    58656 try:    39250 acc: (good/bad):     8171 /     3627 s2x2:  0.13261110    

 Delta Chi    : ave:      0.2579E-03 sig:      0.2018E-03 max:      0.1998E-02

 Elapsed time :    4 h 27 min 44 sec 
 Time/cycle   :     0.409 sec

 Saving structure to file : RMC_Dt10_1-10-10/1-1.stru ...
 Setting up PDF segment ...
 Extending PDF search distance to  51.1429 A ...
 Running PDF-Fit ...

 Size of model crystal     :   1 x   1 x   1 containing      3925 atoms

 Elapsed time    :  0.424370     sec

 Starting main RMC loop ...
 (Mode SWCHEM) 

 Gen:    39250 try:    26178 acc: (good/bad):     2448 /     1072 s2x2:  0.57423771E-01

 ---- Final configuration (s=   1.0000) ---- 

 Gen:    58703 try:    39250 acc: (good/bad):     3457 /     1825 s2x2:  0.46644121E-01

 Delta Chi    : ave:      0.1469E-03 sig:      0.1235E-03 max:      0.8980E-03

 Elapsed time :    4 h 36 min 28 sec 
 Time/cycle   :     0.423 sec

 Setting up PDF segment ...
 Extending PDF search distance to  51.1429 A ...
 Running PDF-Fit ...

 Size of model crystal     :   1 x   1 x   1 containing      3925 atoms

 Elapsed time    :  0.418760     sec

 Starting main RMC loop ...
 (Mode SWCHEM) 

 Gen:    39250 try:    26061 acc: (good/bad):     1953 /     1677 s2x2:  0.34143594E-01

 ---- Final configuration (s=   1.0000) ---- 

 Gen:    58895 try:    39250 acc: (good/bad):     2955 /     2578 s2x2:  0.30088792E-01

 Delta Chi    : ave:      0.1018E-03 sig:      0.8311E-04 max:      0.4876E-03

 Elapsed time :    4 h 33 min  3 sec 
 Time/cycle   :     0.417 sec

 Saving structure to file : RMC_Dt10_1-10-10/1-2.stru ...
 Setting up PDF segment ...
 Extending PDF search distance to  51.1429 A ...
 Running PDF-Fit ...

 Size of model crystal     :   1 x   1 x   1 containing      3925 atoms

 Elapsed time    :  0.419314     sec

 Starting main RMC loop ...
 (Mode SHIFT) 

 Gen:    39250 try:    26138 acc: (good/bad):     1789 /     1108 s2x2:  0.17079895E-01

 ---- Final configuration (s=   1.0000) ---- 

 Gen:    58823 try:    39250 acc: (good/bad):     2563 /     1712 s2x2:  0.14334852E-01

 Delta Chi    : ave:      0.7114E-04 sig:      0.6184E-04 max:      0.4172E-03

 Elapsed time :    4 h 34 min 48 sec 
 Time/cycle   :     0.420 sec

 Setting up PDF segment ...
 Extending PDF search distance to  51.1429 A ...
 Running PDF-Fit ...

 Size of model crystal     :   1 x   1 x   1 containing      3925 atoms

 Elapsed time    :  0.425579     sec

 Starting main RMC loop ...
 (Mode SWCHEM) 

 Gen:    39250 try:    26168 acc: (good/bad):     1587 /     1406 s2x2:  0.11468698E-01

 ---- Final configuration (s=   1.0000) ---- 

 Gen:    58738 try:    39250 acc: (good/bad):     2454 /     2146 s2x2:  0.10001976E-01

 Delta Chi    : ave:      0.5721E-04 sig:      0.4971E-04 max:      0.3030E-03

 Elapsed time :    4 h 34 min 48 sec 
 Time/cycle   :     0.420 sec

 Saving structure to file : RMC_Dt10_1-10-10/1-3.stru ...
 Setting up PDF segment ...
 Extending PDF search distance to  51.1429 A ...
 Running PDF-Fit ...

 Size of model crystal     :   1 x   1 x   1 containing      3925 atoms

 Elapsed time    :  0.421011     sec

 Starting main RMC loop ...
 (Mode SHIFT) 

 Gen:    39250 try:    26351 acc: (good/bad):     1606 /     1222 s2x2:  0.62710889E-02

 ---- Final configuration (s=   1.0000) ---- 

 Gen:    58538 try:    39250 acc: (good/bad):     2370 /     1877 s2x2:  0.53625034E-02

 Delta Chi    : ave:      0.3736E-04 sig:      0.3427E-04 max:      0.2248E-03

 Elapsed time :    4 h 35 min  3 sec 
 Time/cycle   :     0.420 sec

 Setting up PDF segment ...
 Extending PDF search distance to  51.1429 A ...
 Running PDF-Fit ...

 Size of model crystal     :   1 x   1 x   1 containing      3925 atoms

 Elapsed time    :  0.413327     sec

 Starting main RMC loop ...
 (Mode SWCHEM) 

 Gen:    39250 try:    26171 acc: (good/bad):     1548 /     1461 s2x2:  0.48617679E-02

 ---- Final configuration (s=   1.0000) ---- 

 Gen:    58761 try:    39250 acc: (good/bad):     2379 /     2236 s2x2:  0.47148109E-02

 Delta Chi    : ave:      0.3218E-04 sig:      0.2894E-04 max:      0.1755E-03

 Elapsed time :    4 h 36 min 19 sec 
 Time/cycle   :     0.422 sec

 Saving structure to file : RMC_Dt10_1-10-10/1-4.stru ...
 Setting up PDF segment ...
 Extending PDF search distance to  51.1429 A ...
 Running PDF-Fit ...

 Size of model crystal     :   1 x   1 x   1 containing      3925 atoms

 Elapsed time    :  0.418229     sec

 Starting main RMC loop ...
 (Mode SWCHEM) 

 Gen:    39250 try:    26256 acc: (good/bad):     1530 /     1209 s2x2:  0.33364565E-02

 ---- Final configuration (s=   1.0000) ---- 

 Gen:    58629 try:    39250 acc: (good/bad):     2232 /     1887 s2x2:  0.32758449E-02

 Delta Chi    : ave:      0.2459E-04 sig:      0.2283E-04 max:      0.1478E-03

 Elapsed time :    4 h 34 min 21 sec 
 Time/cycle   :     0.419 sec

 Setting up PDF segment ...
 Extending PDF search distance to  51.1429 A ...
 Running PDF-Fit ...

 Size of model crystal     :   1 x   1 x   1 containing      3925 atoms

 Elapsed time    :  0.424904     sec

 Starting main RMC loop ...
 (Mode SHIFT) 

 Gen:    39250 try:    26122 acc: (good/bad):     1415 /     1345 s2x2:  0.28325963E-02

 ---- Final configuration (s=   1.0000) ---- 

 Gen:    58944 try:    39250 acc: (good/bad):     2142 /     2037 s2x2:  0.27575888E-02

 Delta Chi    : ave:      0.2210E-04 sig:      0.2044E-04 max:      0.1276E-03

 Elapsed time :    4 h 34 min 55 sec 
 Time/cycle   :     0.420 sec

 Saving structure to file : RMC_Dt10_1-10-10/1-5.stru ...
 Setting up PDF segment ...
 Extending PDF search distance to  51.1429 A ...
 Running PDF-Fit ...

 Size of model crystal     :   1 x   1 x   1 containing      3925 atoms

 Elapsed time    :  0.414554     sec

 Starting main RMC loop ...
 (Mode SHIFT) 

 Gen:    39250 try:    26149 acc: (good/bad):     1344 /     1101 s2x2:  0.21551965E-02

 ---- Final configuration (s=   1.0000) ---- 

 Gen:    58850 try:    39250 acc: (good/bad):     1979 /     1723 s2x2:  0.19949488E-02

 Delta Chi    : ave:      0.1803E-04 sig:      0.1711E-04 max:      0.1068E-03

 Elapsed time :    4 h 35 min 30 sec 
 Time/cycle   :     0.421 sec

 Setting up PDF segment ...
 Extending PDF search distance to  51.1429 A ...
 Running PDF-Fit ...

 Size of model crystal     :   1 x   1 x   1 containing      3925 atoms

 Elapsed time    :  0.424514     sec

 Starting main RMC loop ...
 (Mode SWCHEM) 

 Gen:    39250 try:    26127 acc: (good/bad):     1278 /     1266 s2x2:  0.17503642E-02

 ---- Final configuration (s=   1.0000) ---- 

 Gen:    58796 try:    39250 acc: (good/bad):     1928 /     1939 s2x2:  0.16497223E-02

 Delta Chi    : ave:      0.1608E-04 sig:      0.1507E-04 max:      0.9130E-04

 Elapsed time :    4 h 34 min 53 sec 
 Time/cycle   :     0.420 sec

 Saving structure to file : RMC_Dt10_1-10-10/1-6.stru ...
 Setting up PDF segment ...
 Extending PDF search distance to  51.1429 A ...
 Running PDF-Fit ...

 Size of model crystal     :   1 x   1 x   1 containing      3925 atoms

 Elapsed time    :  0.416924     sec

 Starting main RMC loop ...
 (Mode SHIFT) 

 Gen:    39250 try:    26071 acc: (good/bad):     1294 /     1156 s2x2:  0.13054164E-02

 ---- Final configuration (s=   1.0000) ---- 

 Gen:    58951 try:    39250 acc: (good/bad):     1935 /     1778 s2x2:  0.12075179E-02

 Delta Chi    : ave:      0.1313E-04 sig:      0.1248E-04 max:      0.7578E-04

 Elapsed time :    4 h 35 min 55 sec 
 Time/cycle   :     0.422 sec

 Setting up PDF segment ...
 Extending PDF search distance to  51.1429 A ...
 Running PDF-Fit ...

 Size of model crystal     :   1 x   1 x   1 containing      3925 atoms

 Elapsed time    :  0.436521     sec

 Starting main RMC loop ...
 (Mode SWCHEM) 

 Gen:    39250 try:    26126 acc: (good/bad):     1233 /     1260 s2x2:  0.11661198E-02

 ---- Final configuration (s=   1.0000) ---- 

 Gen:    58865 try:    39250 acc: (good/bad):     1840 /     1838 s2x2:  0.11199647E-02

 Delta Chi    : ave:      0.1250E-04 sig:      0.1166E-04 max:      0.6967E-04

 Elapsed time :    4 h 35 min 57 sec 
 Time/cycle   :     0.422 sec

 Saving structure to file : RMC_Dt10_1-10-10/1-7.stru ...
 Setting up PDF segment ...
 Extending PDF search distance to  51.1429 A ...
 Running PDF-Fit ...

 Size of model crystal     :   1 x   1 x   1 containing      3925 atoms

 Elapsed time    :  0.417282     sec

 Starting main RMC loop ...
 (Mode SHIFT) 

 Gen:    39250 try:    26237 acc: (good/bad):     1208 /     1051 s2x2:  0.88939860E-03

 ---- Final configuration (s=   1.0000) ---- 

 Gen:    58769 try:    39250 acc: (good/bad):     1788 /     1620 s2x2:  0.87147249E-03

 Delta Chi    : ave:      0.1060E-04 sig:      0.1012E-04 max:      0.6602E-04

 Elapsed time :    4 h 37 min 38 sec 
 Time/cycle   :     0.424 sec

 Setting up PDF segment ...
 Extending PDF search distance to  51.1429 A ...
 Running PDF-Fit ...

 Size of model crystal     :   1 x   1 x   1 containing      3925 atoms

 Elapsed time    :  0.455006     sec

 Starting main RMC loop ...
 (Mode SWCHEM) 

 Gen:    39250 try:    25987 acc: (good/bad):     1191 /     1128 s2x2:  0.80387222E-03

 ---- Final configuration (s=   1.0000) ---- 

 Gen:    59264 try:    39250 acc: (good/bad):     1787 /     1732 s2x2:  0.82766998E-03

 Delta Chi    : ave:      0.9782E-05 sig:      0.9277E-05 max:      0.5665E-04

 Elapsed time :    4 h 36 min  8 sec 
 Time/cycle   :     0.422 sec

 Saving structure to file : RMC_Dt10_1-10-10/1-8.stru ...
 Setting up PDF segment ...
 Extending PDF search distance to  51.1429 A ...
 Running PDF-Fit ...

 Size of model crystal     :   1 x   1 x   1 containing      3925 atoms

 Elapsed time    :  0.412489     sec

 Starting main RMC loop ...
 (Mode SHIFT) 

 Gen:    39250 try:    26069 acc: (good/bad):     1186 /     1085 s2x2:  0.67430872E-03

 ---- Final configuration (s=   1.0000) ---- 

 Gen:    58869 try:    39250 acc: (good/bad):     1746 /     1676 s2x2:  0.66610704E-03

 Delta Chi    : ave:      0.8484E-05 sig:      0.8213E-05 max:      0.5655E-04

 Elapsed time :    4 h 35 min 56 sec 
 Time/cycle   :     0.422 sec

 Setting up PDF segment ...
 Extending PDF search distance to  51.1429 A ...
 Running PDF-Fit ...

 Size of model crystal     :   1 x   1 x   1 containing      3925 atoms

 Elapsed time    :  0.418702     sec

 Starting main RMC loop ...
 (Mode SHIFT) 

 Gen:    39250 try:    26065 acc: (good/bad):     1118 /     1048 s2x2:  0.61651029E-03

 ---- Final configuration (s=   1.0000) ---- 

 Gen:    59089 try:    39250 acc: (good/bad):     1692 /     1596 s2x2:  0.61572037E-03

 Delta Chi    : ave:      0.8080E-05 sig:      0.7631E-05 max:      0.4847E-04

 Elapsed time :    4 h 36 min 26 sec 
 Time/cycle   :     0.423 sec

 Saving structure to file : RMC_Dt10_1-10-10/1-9.stru ...
 Setting up PDF segment ...
 Extending PDF search distance to  51.1429 A ...
 Running PDF-Fit ...

 Size of model crystal     :   1 x   1 x   1 containing      3925 atoms

 Elapsed time    :  0.410190     sec

 Starting main RMC loop ...
 (Mode SHIFT) 

 Gen:    39250 try:    26071 acc: (good/bad):     1018 /      952 s2x2:  0.53586255E-03

 ---- Final configuration (s=   1.0000) ---- 

 Gen:    58770 try:    39250 acc: (good/bad):     1543 /     1483 s2x2:  0.54234721E-03

 Delta Chi    : ave:      0.7148E-05 sig:      0.6937E-05 max:      0.4417E-04

 Elapsed time :    4 h 37 min 39 sec 
 Time/cycle   :     0.424 sec

 Setting up PDF segment ...
 Extending PDF search distance to  51.1429 A ...
 Running PDF-Fit ...

 Size of model crystal     :   1 x   1 x   1 containing      3925 atoms

 Elapsed time    :  0.420899     sec

 Starting main RMC loop ...
 (Mode SHIFT) 

 Gen:    39250 try:    25984 acc: (good/bad):     1026 /     1028 s2x2:  0.51009994E-03

 ---- Final configuration (s=   1.0000) ---- 

 Gen:    59270 try:    39250 acc: (good/bad):     1596 /     1601 s2x2:  0.48746581E-03

 Delta Chi    : ave:      0.6893E-05 sig:      0.6668E-05 max:      0.4031E-04

 Elapsed time :    4 h 37 min 56 sec 
 Time/cycle   :     0.425 sec

 Saving structure to file : RMC_Dt10_1-10-10/1-10.stru ...
 Fm-3m             225
 Lattice constants :
    a          b          c         alpha      beta       gamma      volume
    4.07890    4.07890    4.07890   90.00000   90.00000   90.00000    67.8624    

 Metric Tensor     :
      16.63743      0.00000      0.00000
       0.00000     16.63743      0.00000
       0.00000      0.00000     16.63743

 Reciprocal Lattice constants :
    a*         b*         c*        alpha*     beta*      gamma*     volume
    0.24516    0.24516    0.24516   90.00000   90.00000   90.00000   0.147357E-01

 Reciprocal metric tensor     : 
       0.06011     -0.00000     -0.00000
      -0.00000      0.06011     -0.00000
      -0.00000     -0.00000      0.06011

    Neighbour determination mode   : quick = F
    Periodic boundaries (x,y,z)    : F F F
    Current operation mode         : atoms
    Sample volume for homo-check   : complete crystal
    Allowed bond length range      :  1.500 A to  7.500 A
    # points for histogramms       :    601

    Neighbour definitions          : 

        #  Mode  Neighbour (or vec.)  fsig  wsig   rmin[A] rmax[A] ang sym
       -------------------------------------------------------------------

    Defined correlation vectors    : 

       ** none defined **

    Defined correlation angles     : 

       ** none defined **

    Defined correlation environments: 

       ** none defined **

    Defined correlation ranges: 

       ** none defined **

    Defined displacement direc.    : 

       ** none defined **

    Defined correlation connectiv. : 

       ** none defined **
 Size of the crystal (unit cells) :    1 x    1 x    1
 Total number of atoms            :      3925
 Number of atoms per unit cell    :      3925
 Number of different atoms        :         2

    Element : VOID(0)   rel. abundance : 0.000  (        0 atoms)
    Element : AU(1)     rel. abundance : 0.491  (     1928 atoms)
    Element : PD(2)     rel. abundance : 0.509  (     1997 atoms)
 Computing powder sine lookup table ...
 Computing sin(theta)/lambda table ...
  Starting histogram

 Elapsed time H  :   3.32477     sec
  Starting convolution

 Elapsed time    :   336239.     sec
 Resetting - all parameters ..
 Reading file MC_Dt10/2000.xrd ..
 Column assignement (x y dx dy):     1    2    0    0
 Data set no.:   1

   Filename : MC_Dt10/2000.xrd
   Size     :   8692 points

   Range  x :    30.00     to    120.0    
   Range  y :   0.2412E-09 to   0.1575E+05

 Reading file RMC_Dt10_1-10-10/1-1.xrd ..
 Column assignement (x y dx dy):     1    2    0    0
 Data set no.:   2

   Filename : RMC_Dt10_1-10-10/1-1.xrd
   Size     :   8692 points

   Range  x :    30.00     to    120.0    
   Range  y :   0.3802E-09 to   0.1447E+05

 Data set no.:   1

   Filename : MC_Dt10/2000.xrd
   Size     :   8692 points

   Range  x :    30.00     to    120.0    
   Range  y :   0.1531E-12 to    10.00    

 Data set no.:   2

   Filename : RMC_Dt10_1-10-10/1-1.xrd
   Size     :   8692 points

   Range  x :    30.00     to    120.0    
   Range  y :   0.2413E-12 to    9.188    

 ------ > Saving window   1 to file : RMC_Dt10_1-10-10/1-1XRD.pdf ..
 Setting PDF calculation to no periodic bound., 3D, exact mode ..
 Setting up PDF segment ...
 Extending PDF search distance to  51.1429 A ...
 Calculating PDF (exact mode) ...
    20.00 % done  ...
    40.00 % done  ...
    60.00 % done  ...
    80.00 % done  ...
   100.00 % done  ...

 Elapsed time    :  0.402645     sec
 Required time        :     4.72 s

 Total sum of weights :    181961.2827    
 Saving PDF to file : RMC_Dt10_1-10-10/1-1.apd ...
 Resetting - all parameters ..
 Reading file MC_Dt10/2000.apd ..
 Column assignement (x y dx dy):     1    2    3    4
 Data set no.:   1

   Filename : MC_Dt10/2000.apd
   Size     :   5000 points

   Range  x :   0.1000E-01 to    50.00    
   Range  y :   -3.776     to    15.21    

 Reading file RMC_Dt10_1-10-10/1-1.apd ..
 Column assignement (x y dx dy):     1    2    3    4
 Data set no.:   2

   Filename : RMC_Dt10_1-10-10/1-1.apd
   Size     :   5000 points

   Range  x :   0.1000E-01 to    50.00    
   Range  y :   -3.326     to    11.76    

 Data set no.:   1

   Filename : MC_Dt10/2000.apd
   Size     :   5000 points

   Range  x :   0.1000E-01 to    50.00    
   Range  y :   -2.483     to    10.00    

 Data set no.:   2

   Filename : RMC_Dt10_1-10-10/1-1.apd
   Size     :   5000 points

   Range  x :   0.1000E-01 to    50.00    
   Range  y :   -2.187     to    7.732    

 ------ > Saving window   1 to file : RMC_Dt10_1-10-10/1-1PDF.pdf ..
 Calculating bond-length distibution
    Allowed range :   1.00 A to  15.00  A / File : RMC_Dt10_1-1 ( 801 pts)

    AU(1)    - AU(1)    : d = 10.944 +-  3.028 A (Min =  0.000, Max = 15.000)
                                                 (Pairs =             774680)
                                                 (Total =             774680)
 Calculating bond-length distibution
    Allowed range :   1.00 A to  15.00  A / File : RMC_Dt10_1-1 ( 801 pts)

    AU(1)    - PD(2)    : d = 11.124 +-  2.955 A (Min =  0.000, Max = 15.000)
                                                 (Pairs =             491467)
                                                 (Total =             491467)
 Calculating bond-length distibution
    Allowed range :   1.00 A to  15.00  A / File : RMC_Dt10_1-1 ( 801 pts)

    PD(2)    - PD(2)    : d = 10.639 +-  3.169 A (Min =  0.000, Max = 15.000)
                                                 (Pairs =             458794)
                                                 (Total =             458794)
 Resetting ..
 Reading file MC_Dt10/2000_AuAu.bld ..
 Column assignement (x y dx dy):     1    2    0    0
 Data set no.:   1

   Filename : MC_Dt10/2000_AuAu.bld
   Size     :    801 points

   Range  x :    1.000     to    14.98    
   Range  y :    0.000     to    4260.    

 Reading file RMC_Dt10_1-10-10/1-1_AuAu.bld ..
 Column assignement (x y dx dy):     1    2    0    0
 Data set no.:   2

   Filename : RMC_Dt10_1-10-10/1-1_AuAu.bld
   Size     :    801 points

   Range  x :    1.000     to    14.98    
   Range  y :    0.000     to   0.1258E+05

 Reading file MC_Dt10/2000_AuPd.bld ..
 Column assignement (x y dx dy):     1    2    0    0
 Data set no.:   3

   Filename : MC_Dt10/2000_AuPd.bld
   Size     :    801 points

   Range  x :    1.000     to    14.98    
   Range  y :    0.000     to    2618.    

 Reading file RMC_Dt10_1-10-10/1-1_AuPd.bld ..
 Column assignement (x y dx dy):     1    2    0    0
 Data set no.:   4

   Filename : RMC_Dt10_1-10-10/1-1_AuPd.bld
   Size     :    801 points

   Range  x :    1.000     to    14.98    
   Range  y :    0.000     to    4103.    

 Reading file MC_Dt10/2000_PdPd.bld ..
 Column assignement (x y dx dy):     1    2    0    0
 Data set no.:   5

   Filename : MC_Dt10/2000_PdPd.bld
   Size     :    801 points

   Range  x :    1.000     to    14.98    
   Range  y :    0.000     to    2142.    

 Reading file RMC_Dt10_1-10-10/1-1_PdPd.bld ..
 Column assignement (x y dx dy):     1    2    0    0
 Data set no.:   6

   Filename : RMC_Dt10_1-10-10/1-1_PdPd.bld
   Size     :    801 points

   Range  x :    1.000     to    14.98    
   Range  y :    0.000     to    2068.    

 Data set no.:   1

   Filename : MC_Dt10/2000_AuAu.bld
   Size     :    801 points

   Range  x :    1.000     to    14.98    
   Range  y :    0.000     to    10.00    

 Data set no.:   2

   Filename : RMC_Dt10_1-10-10/1-1_AuAu.bld
   Size     :    801 points

   Range  x :    1.000     to    14.98    
   Range  y :    0.000     to    29.54    

 Data set no.:   3

   Filename : MC_Dt10/2000_AuPd.bld
   Size     :    801 points

   Range  x :    1.000     to    14.98    
   Range  y :    0.000     to    10.00    

 Data set no.:   4

   Filename : RMC_Dt10_1-10-10/1-1_AuPd.bld
   Size     :    801 points

   Range  x :    1.000     to    14.98    
   Range  y :    0.000     to    15.67    

 Data set no.:   5

   Filename : MC_Dt10/2000_PdPd.bld
   Size     :    801 points

   Range  x :    1.000     to    14.98    
   Range  y :    0.000     to    10.00    

 Data set no.:   6

   Filename : RMC_Dt10_1-10-10/1-1_PdPd.bld
   Size     :    801 points

   Range  x :    1.000     to    14.98    
   Range  y :    0.000     to    9.655    

 ------ > Saving window   3 to file : RMC_Dt10_1-10-10/1-1BLD.pdf ..
 Fm-3m             225
 Lattice constants :
    a          b          c         alpha      beta       gamma      volume
    4.07890    4.07890    4.07890   90.00000   90.00000   90.00000    67.8624    

 Metric Tensor     :
      16.63743      0.00000      0.00000
       0.00000     16.63743      0.00000
       0.00000      0.00000     16.63743

 Reciprocal Lattice constants :
    a*         b*         c*        alpha*     beta*      gamma*     volume
    0.24516    0.24516    0.24516   90.00000   90.00000   90.00000   0.147357E-01

 Reciprocal metric tensor     : 
       0.06011     -0.00000     -0.00000
      -0.00000      0.06011     -0.00000
      -0.00000     -0.00000      0.06011

    Neighbour determination mode   : quick = F
    Periodic boundaries (x,y,z)    : F F F
    Current operation mode         : atoms
    Sample volume for homo-check   : complete crystal
    Allowed bond length range      :  1.500 A to  7.500 A
    # points for histogramms       :    601

    Neighbour definitions          : 

        #  Mode  Neighbour (or vec.)  fsig  wsig   rmin[A] rmax[A] ang sym
       -------------------------------------------------------------------

    Defined correlation vectors    : 

       ** none defined **

    Defined correlation angles     : 

       ** none defined **

    Defined correlation environments: 

       ** none defined **

    Defined correlation ranges: 

       ** none defined **

    Defined displacement direc.    : 

       ** none defined **

    Defined correlation connectiv. : 

       ** none defined **
 Size of the crystal (unit cells) :    1 x    1 x    1
 Total number of atoms            :      3925
 Number of atoms per unit cell    :      3925
 Number of different atoms        :         2

    Element : VOID(0)   rel. abundance : 0.000  (        0 atoms)
    Element : PD(1)     rel. abundance : 0.509  (     1997 atoms)
    Element : AU(2)     rel. abundance : 0.491  (     1928 atoms)
 Computing powder sine lookup table ...
 Computing sin(theta)/lambda table ...
  Starting histogram

 Elapsed time H  :   3.19372     sec
  Starting convolution

 Elapsed time    :   336265.     sec
 Resetting - all parameters ..
 Reading file MC_Dt10/2000.xrd ..
 Column assignement (x y dx dy):     1    2    0    0
 Data set no.:   1

   Filename : MC_Dt10/2000.xrd
   Size     :   8692 points

   Range  x :    30.00     to    120.0    
   Range  y :   0.2412E-09 to   0.1575E+05

 Reading file RMC_Dt10_1-10-10/1-2.xrd ..
 Column assignement (x y dx dy):     1    2    0    0
 Data set no.:   2

   Filename : RMC_Dt10_1-10-10/1-2.xrd
   Size     :   8692 points

   Range  x :    30.00     to    120.0    
   Range  y :   0.3231E-09 to   0.1483E+05

 Data set no.:   1

   Filename : MC_Dt10/2000.xrd
   Size     :   8692 points

   Range  x :    30.00     to    120.0    
   Range  y :   0.1531E-12 to    10.00    

 Data set no.:   2

   Filename : RMC_Dt10_1-10-10/1-2.xrd
   Size     :   8692 points

   Range  x :    30.00     to    120.0    
   Range  y :   0.2051E-12 to    9.413    

 ------ > Saving window   1 to file : RMC_Dt10_1-10-10/1-2XRD.pdf ..
 Setting PDF calculation to no periodic bound., 3D, exact mode ..
 Setting up PDF segment ...
 Extending PDF search distance to  51.1429 A ...
 Calculating PDF (exact mode) ...
    20.00 % done  ...
    40.00 % done  ...
    60.00 % done  ...
    80.00 % done  ...
   100.00 % done  ...

 Elapsed time    :  0.418943     sec
 Required time        :     4.56 s

 Total sum of weights :    175611.3572    
 Saving PDF to file : RMC_Dt10_1-10-10/1-2.apd ...
 Resetting - all parameters ..
 Reading file MC_Dt10/2000.apd ..
 Column assignement (x y dx dy):     1    2    3    4
 Data set no.:   1

   Filename : MC_Dt10/2000.apd
   Size     :   5000 points

   Range  x :   0.1000E-01 to    50.00    
   Range  y :   -3.776     to    15.21    

 Reading file RMC_Dt10_1-10-10/1-2.apd ..
 Column assignement (x y dx dy):     1    2    3    4
 Data set no.:   2

   Filename : RMC_Dt10_1-10-10/1-2.apd
   Size     :   5000 points

   Range  x :   0.1000E-01 to    50.00    
   Range  y :   -3.560     to    13.60    

 Data set no.:   1

   Filename : MC_Dt10/2000.apd
   Size     :   5000 points

   Range  x :   0.1000E-01 to    50.00    
   Range  y :   -2.483     to    10.00    

 Data set no.:   2

   Filename : RMC_Dt10_1-10-10/1-2.apd
   Size     :   5000 points

   Range  x :   0.1000E-01 to    50.00    
   Range  y :   -2.341     to    8.941    

 ------ > Saving window   1 to file : RMC_Dt10_1-10-10/1-2PDF.pdf ..
 Calculating bond-length distibution
    Allowed range :   1.00 A to  15.00  A / File : RMC_Dt10_1-1 ( 801 pts)

    AU(2)    - AU(2)    : d = 10.861 +-  3.046 A (Min =  0.000, Max = 15.000)
                                                 (Pairs =             820204)
                                                 (Total =             820204)
 Calculating bond-length distibution
    Allowed range :   1.00 A to  15.00  A / File : RMC_Dt10_1-1 ( 801 pts)

    AU(2)    - PD(1)    : d = 11.214 +-  2.894 A (Min =  0.000, Max = 15.000)
                                                 (Pairs =             473085)
                                                 (Total =             473085)
 Calculating bond-length distibution
    Allowed range :   1.00 A to  15.00  A / File : RMC_Dt10_1-1 ( 801 pts)

    PD(1)    - PD(1)    : d = 10.545 +-  3.220 A (Min =  0.000, Max = 15.000)
                                                 (Pairs =             444436)
                                                 (Total =             444436)
 Resetting ..
 Reading file MC_Dt10/2000_AuAu.bld ..
 Column assignement (x y dx dy):     1    2    0    0
 Data set no.:   1

   Filename : MC_Dt10/2000_AuAu.bld
   Size     :    801 points

   Range  x :    1.000     to    14.98    
   Range  y :    0.000     to    4260.    

 Reading file RMC_Dt10_1-10-10/1-2_AuAu.bld ..
 Column assignement (x y dx dy):     1    2    0    0
 Data set no.:   2

   Filename : RMC_Dt10_1-10-10/1-2_AuAu.bld
   Size     :    801 points

   Range  x :    1.000     to    14.98    
   Range  y :    0.000     to    6990.    

 Reading file MC_Dt10/2000_AuPd.bld ..
 Column assignement (x y dx dy):     1    2    0    0
 Data set no.:   3

   Filename : MC_Dt10/2000_AuPd.bld
   Size     :    801 points

   Range  x :    1.000     to    14.98    
   Range  y :    0.000     to    2618.    

 Reading file RMC_Dt10_1-10-10/1-2_AuPd.bld ..
 Column assignement (x y dx dy):     1    2    0    0
 Data set no.:   4

   Filename : RMC_Dt10_1-10-10/1-2_AuPd.bld
   Size     :    801 points

   Range  x :    1.000     to    14.98    
   Range  y :    0.000     to    2655.    

 Reading file MC_Dt10/2000_PdPd.bld ..
 Column assignement (x y dx dy):     1    2    0    0
 Data set no.:   5

   Filename : MC_Dt10/2000_PdPd.bld
   Size     :    801 points

   Range  x :    1.000     to    14.98    
   Range  y :    0.000     to    2142.    

 Reading file RMC_Dt10_1-10-10/1-2_PdPd.bld ..
 Column assignement (x y dx dy):     1    2    0    0
 Data set no.:   6

   Filename : RMC_Dt10_1-10-10/1-2_PdPd.bld
   Size     :    801 points

   Range  x :    1.000     to    14.98    
   Range  y :    0.000     to    1696.    

 Data set no.:   1

   Filename : MC_Dt10/2000_AuAu.bld
   Size     :    801 points

   Range  x :    1.000     to    14.98    
   Range  y :    0.000     to    10.00    

 Data set no.:   2

   Filename : RMC_Dt10_1-10-10/1-2_AuAu.bld
   Size     :    801 points

   Range  x :    1.000     to    14.98    
   Range  y :    0.000     to    16.41    

 Data set no.:   3

   Filename : MC_Dt10/2000_AuPd.bld
   Size     :    801 points

   Range  x :    1.000     to    14.98    
   Range  y :    0.000     to    10.00    

 Data set no.:   4

   Filename : RMC_Dt10_1-10-10/1-2_AuPd.bld
   Size     :    801 points

   Range  x :    1.000     to    14.98    
   Range  y :    0.000     to    10.14    

 Data set no.:   5

   Filename : MC_Dt10/2000_PdPd.bld
   Size     :    801 points

   Range  x :    1.000     to    14.98    
   Range  y :    0.000     to    10.00    

 Data set no.:   6

   Filename : RMC_Dt10_1-10-10/1-2_PdPd.bld
   Size     :    801 points

   Range  x :    1.000     to    14.98    
   Range  y :    0.000     to    7.918    

 ------ > Saving window   3 to file : RMC_Dt10_1-10-10/1-2BLD.pdf ..
 Fm-3m             225
 Lattice constants :
    a          b          c         alpha      beta       gamma      volume
    4.07890    4.07890    4.07890   90.00000   90.00000   90.00000    67.8624    

 Metric Tensor     :
      16.63743      0.00000      0.00000
       0.00000     16.63743      0.00000
       0.00000      0.00000     16.63743

 Reciprocal Lattice constants :
    a*         b*         c*        alpha*     beta*      gamma*     volume
    0.24516    0.24516    0.24516   90.00000   90.00000   90.00000   0.147357E-01

 Reciprocal metric tensor     : 
       0.06011     -0.00000     -0.00000
      -0.00000      0.06011     -0.00000
      -0.00000     -0.00000      0.06011

    Neighbour determination mode   : quick = F
    Periodic boundaries (x,y,z)    : F F F
    Current operation mode         : atoms
    Sample volume for homo-check   : complete crystal
    Allowed bond length range      :  1.500 A to  7.500 A
    # points for histogramms       :    601

    Neighbour definitions          : 

        #  Mode  Neighbour (or vec.)  fsig  wsig   rmin[A] rmax[A] ang sym
       -------------------------------------------------------------------

    Defined correlation vectors    : 

       ** none defined **

    Defined correlation angles     : 

       ** none defined **

    Defined correlation environments: 

       ** none defined **

    Defined correlation ranges: 

       ** none defined **

    Defined displacement direc.    : 

       ** none defined **

    Defined correlation connectiv. : 

       ** none defined **
 Size of the crystal (unit cells) :    1 x    1 x    1
 Total number of atoms            :      3925
 Number of atoms per unit cell    :      3925
 Number of different atoms        :         2

    Element : VOID(0)   rel. abundance : 0.000  (        0 atoms)
    Element : PD(1)     rel. abundance : 0.509  (     1997 atoms)
    Element : AU(2)     rel. abundance : 0.491  (     1928 atoms)
 Computing powder sine lookup table ...
 Computing sin(theta)/lambda table ...
  Starting histogram

 Elapsed time H  :   3.18033     sec
  Starting convolution

 Elapsed time    :   336290.     sec
 Resetting - all parameters ..
 Reading file MC_Dt10/2000.xrd ..
 Column assignement (x y dx dy):     1    2    0    0
 Data set no.:   1

   Filename : MC_Dt10/2000.xrd
   Size     :   8692 points

   Range  x :    30.00     to    120.0    
   Range  y :   0.2412E-09 to   0.1575E+05

 Reading file RMC_Dt10_1-10-10/1-3.xrd ..
 Column assignement (x y dx dy):     1    2    0    0
 Data set no.:   2

   Filename : RMC_Dt10_1-10-10/1-3.xrd
   Size     :   8692 points

   Range  x :    30.00     to    120.0    
   Range  y :   0.2902E-09 to   0.1506E+05

 Data set no.:   1

   Filename : MC_Dt10/2000.xrd
   Size     :   8692 points

   Range  x :    30.00     to    120.0    
   Range  y :   0.1531E-12 to    10.00    

 Data set no.:   2

   Filename : RMC_Dt10_1-10-10/1-3.xrd
   Size     :   8692 points

   Range  x :    30.00     to    120.0    
   Range  y :   0.1842E-12 to    9.561    

 ------ > Saving window   1 to file : RMC_Dt10_1-10-10/1-3XRD.pdf ..
 Setting PDF calculation to no periodic bound., 3D, exact mode ..
 Setting up PDF segment ...
 Extending PDF search distance to  51.1429 A ...
 Calculating PDF (exact mode) ...
    20.00 % done  ...
    40.00 % done  ...
    60.00 % done  ...
    80.00 % done  ...
   100.00 % done  ...

 Elapsed time    :  0.405080     sec
 Required time        :     4.56 s

 Total sum of weights :    173539.3848    
 Saving PDF to file : RMC_Dt10_1-10-10/1-3.apd ...
 Resetting - all parameters ..
 Reading file MC_Dt10/2000.apd ..
 Column assignement (x y dx dy):     1    2    3    4
 Data set no.:   1

   Filename : MC_Dt10/2000.apd
   Size     :   5000 points

   Range  x :   0.1000E-01 to    50.00    
   Range  y :   -3.776     to    15.21    

 Reading file RMC_Dt10_1-10-10/1-3.apd ..
 Column assignement (x y dx dy):     1    2    3    4
 Data set no.:   2

   Filename : RMC_Dt10_1-10-10/1-3.apd
   Size     :   5000 points

   Range  x :   0.1000E-01 to    50.00    
   Range  y :   -3.632     to    14.37    

 Data set no.:   1

   Filename : MC_Dt10/2000.apd
   Size     :   5000 points

   Range  x :   0.1000E-01 to    50.00    
   Range  y :   -2.483     to    10.00    

 Data set no.:   2

   Filename : RMC_Dt10_1-10-10/1-3.apd
   Size     :   5000 points

   Range  x :   0.1000E-01 to    50.00    
   Range  y :   -2.389     to    9.453    

 ------ > Saving window   1 to file : RMC_Dt10_1-10-10/1-3PDF.pdf ..
 Calculating bond-length distibution
    Allowed range :   1.00 A to  15.00  A / File : RMC_Dt10_1-1 ( 801 pts)

    AU(2)    - AU(2)    : d = 10.837 +-  3.052 A (Min =  0.000, Max = 15.000)
                                                 (Pairs =             827740)
                                                 (Total =             827740)
 Calculating bond-length distibution
    Allowed range :   1.00 A to  15.00  A / File : RMC_Dt10_1-1 ( 801 pts)

    AU(2)    - PD(1)    : d = 11.246 +-  2.873 A (Min =  0.000, Max = 15.000)
                                                 (Pairs =             466511)
                                                 (Total =             466511)
 Calculating bond-length distibution
    Allowed range :   1.00 A to  15.00  A / File : RMC_Dt10_1-1 ( 801 pts)

    PD(1)    - PD(1)    : d = 10.522 +-  3.233 A (Min =  0.000, Max = 15.000)
                                                 (Pairs =             449118)
                                                 (Total =             449118)
 Resetting ..
 Reading file MC_Dt10/2000_AuAu.bld ..
 Column assignement (x y dx dy):     1    2    0    0
 Data set no.:   1

   Filename : MC_Dt10/2000_AuAu.bld
   Size     :    801 points

   Range  x :    1.000     to    14.98    
   Range  y :    0.000     to    4260.    

 Reading file RMC_Dt10_1-10-10/1-3_AuAu.bld ..
 Column assignement (x y dx dy):     1    2    0    0
 Data set no.:   2

   Filename : RMC_Dt10_1-10-10/1-3_AuAu.bld
   Size     :    801 points

   Range  x :    1.000     to    14.98    
   Range  y :    0.000     to    5368.    

 Reading file MC_Dt10/2000_AuPd.bld ..
 Column assignement (x y dx dy):     1    2    0    0
 Data set no.:   3

   Filename : MC_Dt10/2000_AuPd.bld
   Size     :    801 points

   Range  x :    1.000     to    14.98    
   Range  y :    0.000     to    2618.    

 Reading file RMC_Dt10_1-10-10/1-3_AuPd.bld ..
 Column assignement (x y dx dy):     1    2    0    0
 Data set no.:   4

   Filename : RMC_Dt10_1-10-10/1-3_AuPd.bld
   Size     :    801 points

   Range  x :    1.000     to    14.98    
   Range  y :    0.000     to    2437.    

 Reading file MC_Dt10/2000_PdPd.bld ..
 Column assignement (x y dx dy):     1    2    0    0
 Data set no.:   5

   Filename : MC_Dt10/2000_PdPd.bld
   Size     :    801 points

   Range  x :    1.000     to    14.98    
   Range  y :    0.000     to    2142.    

 Reading file RMC_Dt10_1-10-10/1-3_PdPd.bld ..
 Column assignement (x y dx dy):     1    2    0    0
 Data set no.:   6

   Filename : RMC_Dt10_1-10-10/1-3_PdPd.bld
   Size     :    801 points

   Range  x :    1.000     to    14.98    
   Range  y :    0.000     to    1734.    

 Data set no.:   1

   Filename : MC_Dt10/2000_AuAu.bld
   Size     :    801 points

   Range  x :    1.000     to    14.98    
   Range  y :    0.000     to    10.00    

 Data set no.:   2

   Filename : RMC_Dt10_1-10-10/1-3_AuAu.bld
   Size     :    801 points

   Range  x :    1.000     to    14.98    
   Range  y :    0.000     to    12.60    

 Data set no.:   3

   Filename : MC_Dt10/2000_AuPd.bld
   Size     :    801 points

   Range  x :    1.000     to    14.98    
   Range  y :    0.000     to    10.00    

 Data set no.:   4

   Filename : RMC_Dt10_1-10-10/1-3_AuPd.bld
   Size     :    801 points

   Range  x :    1.000     to    14.98    
   Range  y :    0.000     to    9.309    

 Data set no.:   5

   Filename : MC_Dt10/2000_PdPd.bld
   Size     :    801 points

   Range  x :    1.000     to    14.98    
   Range  y :    0.000     to    10.00    

 Data set no.:   6

   Filename : RMC_Dt10_1-10-10/1-3_PdPd.bld
   Size     :    801 points

   Range  x :    1.000     to    14.98    
   Range  y :    0.000     to    8.095    

 ------ > Saving window   3 to file : RMC_Dt10_1-10-10/1-3BLD.pdf ..
 Fm-3m             225
 Lattice constants :
    a          b          c         alpha      beta       gamma      volume
    4.07890    4.07890    4.07890   90.00000   90.00000   90.00000    67.8624    

 Metric Tensor     :
      16.63743      0.00000      0.00000
       0.00000     16.63743      0.00000
       0.00000      0.00000     16.63743

 Reciprocal Lattice constants :
    a*         b*         c*        alpha*     beta*      gamma*     volume
    0.24516    0.24516    0.24516   90.00000   90.00000   90.00000   0.147357E-01

 Reciprocal metric tensor     : 
       0.06011     -0.00000     -0.00000
      -0.00000      0.06011     -0.00000
      -0.00000     -0.00000      0.06011

    Neighbour determination mode   : quick = F
    Periodic boundaries (x,y,z)    : F F F
    Current operation mode         : atoms
    Sample volume for homo-check   : complete crystal
    Allowed bond length range      :  1.500 A to  7.500 A
    # points for histogramms       :    601

    Neighbour definitions          : 

        #  Mode  Neighbour (or vec.)  fsig  wsig   rmin[A] rmax[A] ang sym
       -------------------------------------------------------------------

    Defined correlation vectors    : 

       ** none defined **

    Defined correlation angles     : 

       ** none defined **

    Defined correlation environments: 

       ** none defined **

    Defined correlation ranges: 

       ** none defined **

    Defined displacement direc.    : 

       ** none defined **

    Defined correlation connectiv. : 

       ** none defined **
 Size of the crystal (unit cells) :    1 x    1 x    1
 Total number of atoms            :      3925
 Number of atoms per unit cell    :      3925
 Number of different atoms        :         2

    Element : VOID(0)   rel. abundance : 0.000  (        0 atoms)
    Element : PD(1)     rel. abundance : 0.509  (     1997 atoms)
    Element : AU(2)     rel. abundance : 0.491  (     1928 atoms)
 Computing powder sine lookup table ...
 Computing sin(theta)/lambda table ...
  Starting histogram

 Elapsed time H  :   3.18125     sec
  Starting convolution

 Elapsed time    :   336314.     sec
 Resetting - all parameters ..
 Reading file MC_Dt10/2000.xrd ..
 Column assignement (x y dx dy):     1    2    0    0
 Data set no.:   1

   Filename : MC_Dt10/2000.xrd
   Size     :   8692 points

   Range  x :    30.00     to    120.0    
   Range  y :   0.2412E-09 to   0.1575E+05

 Reading file RMC_Dt10_1-10-10/1-4.xrd ..
 Column assignement (x y dx dy):     1    2    0    0
 Data set no.:   2

   Filename : RMC_Dt10_1-10-10/1-4.xrd
   Size     :   8692 points

   Range  x :    30.00     to    120.0    
   Range  y :   0.2861E-09 to   0.1522E+05

 Data set no.:   1

   Filename : MC_Dt10/2000.xrd
   Size     :   8692 points

   Range  x :    30.00     to    120.0    
   Range  y :   0.1531E-12 to    10.00    

 Data set no.:   2

   Filename : RMC_Dt10_1-10-10/1-4.xrd
   Size     :   8692 points

   Range  x :    30.00     to    120.0    
   Range  y :   0.1816E-12 to    9.661    

 ------ > Saving window   1 to file : RMC_Dt10_1-10-10/1-4XRD.pdf ..
 Setting PDF calculation to no periodic bound., 3D, exact mode ..
 Setting up PDF segment ...
 Extending PDF search distance to  51.1429 A ...
 Calculating PDF (exact mode) ...
    20.00 % done  ...
    40.00 % done  ...
    60.00 % done  ...
    80.00 % done  ...
   100.00 % done  ...

 Elapsed time    :  0.410477     sec
 Required time        :     4.56 s

 Total sum of weights :    173655.1283    
 Saving PDF to file : RMC_Dt10_1-10-10/1-4.apd ...
 Resetting - all parameters ..
 Reading file MC_Dt10/2000.apd ..
 Column assignement (x y dx dy):     1    2    3    4
 Data set no.:   1

   Filename : MC_Dt10/2000.apd
   Size     :   5000 points

   Range  x :   0.1000E-01 to    50.00    
   Range  y :   -3.776     to    15.21    

 Reading file RMC_Dt10_1-10-10/1-4.apd ..
 Column assignement (x y dx dy):     1    2    3    4
 Data set no.:   2

   Filename : RMC_Dt10_1-10-10/1-4.apd
   Size     :   5000 points

   Range  x :   0.1000E-01 to    50.00    
   Range  y :   -3.701     to    14.72    

 Data set no.:   1

   Filename : MC_Dt10/2000.apd
   Size     :   5000 points

   Range  x :   0.1000E-01 to    50.00    
   Range  y :   -2.483     to    10.00    

 Data set no.:   2

   Filename : RMC_Dt10_1-10-10/1-4.apd
   Size     :   5000 points

   Range  x :   0.1000E-01 to    50.00    
   Range  y :   -2.434     to    9.682    

 ------ > Saving window   1 to file : RMC_Dt10_1-10-10/1-4PDF.pdf ..
 Calculating bond-length distibution
    Allowed range :   1.00 A to  15.00  A / File : RMC_Dt10_1-1 ( 801 pts)

    AU(2)    - AU(2)    : d = 10.830 +-  3.050 A (Min =  0.000, Max = 15.000)
                                                 (Pairs =             825688)
                                                 (Total =             825688)
 Calculating bond-length distibution
    Allowed range :   1.00 A to  15.00  A / File : RMC_Dt10_1-1 ( 801 pts)

    AU(2)    - PD(1)    : d = 11.260 +-  2.874 A (Min =  0.000, Max = 15.000)
                                                 (Pairs =             467858)
                                                 (Total =             467858)
 Calculating bond-length distibution
    Allowed range :   1.00 A to  15.00  A / File : RMC_Dt10_1-1 ( 801 pts)

    PD(1)    - PD(1)    : d = 10.501 +-  3.230 A (Min =  0.000, Max = 15.000)
                                                 (Pairs =             448744)
                                                 (Total =             448744)
 Resetting ..
 Reading file MC_Dt10/2000_AuAu.bld ..
 Column assignement (x y dx dy):     1    2    0    0
 Data set no.:   1

   Filename : MC_Dt10/2000_AuAu.bld
   Size     :    801 points

   Range  x :    1.000     to    14.98    
   Range  y :    0.000     to    4260.    

 Reading file RMC_Dt10_1-10-10/1-4_AuAu.bld ..
 Column assignement (x y dx dy):     1    2    0    0
 Data set no.:   2

   Filename : RMC_Dt10_1-10-10/1-4_AuAu.bld
   Size     :    801 points

   Range  x :    1.000     to    14.98    
   Range  y :    0.000     to    4626.    

 Reading file MC_Dt10/2000_AuPd.bld ..
 Column assignement (x y dx dy):     1    2    0    0
 Data set no.:   3

   Filename : MC_Dt10/2000_AuPd.bld
   Size     :    801 points

   Range  x :    1.000     to    14.98    
   Range  y :    0.000     to    2618.    

 Reading file RMC_Dt10_1-10-10/1-4_AuPd.bld ..
 Column assignement (x y dx dy):     1    2    0    0
 Data set no.:   4

   Filename : RMC_Dt10_1-10-10/1-4_AuPd.bld
   Size     :    801 points

   Range  x :    1.000     to    14.98    
   Range  y :    0.000     to    2562.    

 Reading file MC_Dt10/2000_PdPd.bld ..
 Column assignement (x y dx dy):     1    2    0    0
 Data set no.:   5

   Filename : MC_Dt10/2000_PdPd.bld
   Size     :    801 points

   Range  x :    1.000     to    14.98    
   Range  y :    0.000     to    2142.    

 Reading file RMC_Dt10_1-10-10/1-4_PdPd.bld ..
 Column assignement (x y dx dy):     1    2    0    0
 Data set no.:   6

   Filename : RMC_Dt10_1-10-10/1-4_PdPd.bld
   Size     :    801 points

   Range  x :    1.000     to    14.98    
   Range  y :    0.000     to    1720.    

 Data set no.:   1

   Filename : MC_Dt10/2000_AuAu.bld
   Size     :    801 points

   Range  x :    1.000     to    14.98    
   Range  y :    0.000     to    10.00    

 Data set no.:   2

   Filename : RMC_Dt10_1-10-10/1-4_AuAu.bld
   Size     :    801 points

   Range  x :    1.000     to    14.98    
   Range  y :    0.000     to    10.86    

 Data set no.:   3

   Filename : MC_Dt10/2000_AuPd.bld
   Size     :    801 points

   Range  x :    1.000     to    14.98    
   Range  y :    0.000     to    10.00    

 Data set no.:   4

   Filename : RMC_Dt10_1-10-10/1-4_AuPd.bld
   Size     :    801 points

   Range  x :    1.000     to    14.98    
   Range  y :    0.000     to    9.786    

 Data set no.:   5

   Filename : MC_Dt10/2000_PdPd.bld
   Size     :    801 points

   Range  x :    1.000     to    14.98    
   Range  y :    0.000     to    10.00    

 Data set no.:   6

   Filename : RMC_Dt10_1-10-10/1-4_PdPd.bld
   Size     :    801 points

   Range  x :    1.000     to    14.98    
   Range  y :    0.000     to    8.030    

 ------ > Saving window   3 to file : RMC_Dt10_1-10-10/1-4BLD.pdf ..
 Fm-3m             225
 Lattice constants :
    a          b          c         alpha      beta       gamma      volume
    4.07890    4.07890    4.07890   90.00000   90.00000   90.00000    67.8624    

 Metric Tensor     :
      16.63743      0.00000      0.00000
       0.00000     16.63743      0.00000
       0.00000      0.00000     16.63743

 Reciprocal Lattice constants :
    a*         b*         c*        alpha*     beta*      gamma*     volume
    0.24516    0.24516    0.24516   90.00000   90.00000   90.00000   0.147357E-01

 Reciprocal metric tensor     : 
       0.06011     -0.00000     -0.00000
      -0.00000      0.06011     -0.00000
      -0.00000     -0.00000      0.06011

    Neighbour determination mode   : quick = F
    Periodic boundaries (x,y,z)    : F F F
    Current operation mode         : atoms
    Sample volume for homo-check   : complete crystal
    Allowed bond length range      :  1.500 A to  7.500 A
    # points for histogramms       :    601

    Neighbour definitions          : 

        #  Mode  Neighbour (or vec.)  fsig  wsig   rmin[A] rmax[A] ang sym
       -------------------------------------------------------------------

    Defined correlation vectors    : 

       ** none defined **

    Defined correlation angles     : 

       ** none defined **

    Defined correlation environments: 

       ** none defined **

    Defined correlation ranges: 

       ** none defined **

    Defined displacement direc.    : 

       ** none defined **

    Defined correlation connectiv. : 

       ** none defined **
 Size of the crystal (unit cells) :    1 x    1 x    1
 Total number of atoms            :      3925
 Number of atoms per unit cell    :      3925
 Number of different atoms        :         2

    Element : VOID(0)   rel. abundance : 0.000  (        0 atoms)
    Element : PD(1)     rel. abundance : 0.509  (     1997 atoms)
    Element : AU(2)     rel. abundance : 0.491  (     1928 atoms)
 Computing powder sine lookup table ...
 Computing sin(theta)/lambda table ...
  Starting histogram

 Elapsed time H  :   3.23346     sec
  Starting convolution

 Elapsed time    :   336339.     sec
 Resetting - all parameters ..
 Reading file MC_Dt10/2000.xrd ..
 Column assignement (x y dx dy):     1    2    0    0
 Data set no.:   1

   Filename : MC_Dt10/2000.xrd
   Size     :   8692 points

   Range  x :    30.00     to    120.0    
   Range  y :   0.2412E-09 to   0.1575E+05

 Reading file RMC_Dt10_1-10-10/1-5.xrd ..
 Column assignement (x y dx dy):     1    2    0    0
 Data set no.:   2

   Filename : RMC_Dt10_1-10-10/1-5.xrd
   Size     :   8692 points

   Range  x :    30.00     to    120.0    
   Range  y :   0.2669E-09 to   0.1533E+05

 Data set no.:   1

   Filename : MC_Dt10/2000.xrd
   Size     :   8692 points

   Range  x :    30.00     to    120.0    
   Range  y :   0.1531E-12 to    10.00    

 Data set no.:   2

   Filename : RMC_Dt10_1-10-10/1-5.xrd
   Size     :   8692 points

   Range  x :    30.00     to    120.0    
   Range  y :   0.1694E-12 to    9.733    

 ------ > Saving window   1 to file : RMC_Dt10_1-10-10/1-5XRD.pdf ..
 Setting PDF calculation to no periodic bound., 3D, exact mode ..
 Setting up PDF segment ...
 Extending PDF search distance to  51.1429 A ...
 Calculating PDF (exact mode) ...
    20.00 % done  ...
    40.00 % done  ...
    60.00 % done  ...
    80.00 % done  ...
   100.00 % done  ...

 Elapsed time    :  0.396999     sec
 Required time        :     4.62 s

 Total sum of weights :    174468.2523    
 Saving PDF to file : RMC_Dt10_1-10-10/1-5.apd ...
 Resetting - all parameters ..
 Reading file MC_Dt10/2000.apd ..
 Column assignement (x y dx dy):     1    2    3    4
 Data set no.:   1

   Filename : MC_Dt10/2000.apd
   Size     :   5000 points

   Range  x :   0.1000E-01 to    50.00    
   Range  y :   -3.776     to    15.21    

 Reading file RMC_Dt10_1-10-10/1-5.apd ..
 Column assignement (x y dx dy):     1    2    3    4
 Data set no.:   2

   Filename : RMC_Dt10_1-10-10/1-5.apd
   Size     :   5000 points

   Range  x :   0.1000E-01 to    50.00    
   Range  y :   -3.727     to    14.88    

 Data set no.:   1

   Filename : MC_Dt10/2000.apd
   Size     :   5000 points

   Range  x :   0.1000E-01 to    50.00    
   Range  y :   -2.483     to    10.00    

 Data set no.:   2

   Filename : RMC_Dt10_1-10-10/1-5.apd
   Size     :   5000 points

   Range  x :   0.1000E-01 to    50.00    
   Range  y :   -2.451     to    9.787    

 ------ > Saving window   1 to file : RMC_Dt10_1-10-10/1-5PDF.pdf ..
 Calculating bond-length distibution
    Allowed range :   1.00 A to  15.00  A / File : RMC_Dt10_1-1 ( 801 pts)

    AU(2)    - AU(2)    : d = 10.819 +-  3.058 A (Min =  0.000, Max = 15.000)
                                                 (Pairs =             828866)
                                                 (Total =             828866)
 Calculating bond-length distibution
    Allowed range :   1.00 A to  15.00  A / File : RMC_Dt10_1-1 ( 801 pts)

    AU(2)    - PD(1)    : d = 11.286 +-  2.854 A (Min =  0.000, Max = 15.000)
                                                 (Pairs =             462042)
                                                 (Total =             462042)
 Calculating bond-length distibution
    Allowed range :   1.00 A to  15.00  A / File : RMC_Dt10_1-1 ( 801 pts)

    PD(1)    - PD(1)    : d = 10.485 +-  3.237 A (Min =  0.000, Max = 15.000)
                                                 (Pairs =             455058)
                                                 (Total =             455058)
 Resetting ..
 Reading file MC_Dt10/2000_AuAu.bld ..
 Column assignement (x y dx dy):     1    2    0    0
 Data set no.:   1

   Filename : MC_Dt10/2000_AuAu.bld
   Size     :    801 points

   Range  x :    1.000     to    14.98    
   Range  y :    0.000     to    4260.    

 Reading file RMC_Dt10_1-10-10/1-5_AuAu.bld ..
 Column assignement (x y dx dy):     1    2    0    0
 Data set no.:   2

   Filename : RMC_Dt10_1-10-10/1-5_AuAu.bld
   Size     :    801 points

   Range  x :    1.000     to    14.98    
   Range  y :    0.000     to    4458.    

 Reading file MC_Dt10/2000_AuPd.bld ..
 Column assignement (x y dx dy):     1    2    0    0
 Data set no.:   3

   Filename : MC_Dt10/2000_AuPd.bld
   Size     :    801 points

   Range  x :    1.000     to    14.98    
   Range  y :    0.000     to    2618.    

 Reading file RMC_Dt10_1-10-10/1-5_AuPd.bld ..
 Column assignement (x y dx dy):     1    2    0    0
 Data set no.:   4

   Filename : RMC_Dt10_1-10-10/1-5_AuPd.bld
   Size     :    801 points

   Range  x :    1.000     to    14.98    
   Range  y :    0.000     to    2475.    

 Reading file MC_Dt10/2000_PdPd.bld ..
 Column assignement (x y dx dy):     1    2    0    0
 Data set no.:   5

   Filename : MC_Dt10/2000_PdPd.bld
   Size     :    801 points

   Range  x :    1.000     to    14.98    
   Range  y :    0.000     to    2142.    

 Reading file RMC_Dt10_1-10-10/1-5_PdPd.bld ..
 Column assignement (x y dx dy):     1    2    0    0
 Data set no.:   6

   Filename : RMC_Dt10_1-10-10/1-5_PdPd.bld
   Size     :    801 points

   Range  x :    1.000     to    14.98    
   Range  y :    0.000     to    1750.    

 Data set no.:   1

   Filename : MC_Dt10/2000_AuAu.bld
   Size     :    801 points

   Range  x :    1.000     to    14.98    
   Range  y :    0.000     to    10.00    

 Data set no.:   2

   Filename : RMC_Dt10_1-10-10/1-5_AuAu.bld
   Size     :    801 points

   Range  x :    1.000     to    14.98    
   Range  y :    0.000     to    10.46    

 Data set no.:   3

   Filename : MC_Dt10/2000_AuPd.bld
   Size     :    801 points

   Range  x :    1.000     to    14.98    
   Range  y :    0.000     to    10.00    

 Data set no.:   4

   Filename : RMC_Dt10_1-10-10/1-5_AuPd.bld
   Size     :    801 points

   Range  x :    1.000     to    14.98    
   Range  y :    0.000     to    9.454    

 Data set no.:   5

   Filename : MC_Dt10/2000_PdPd.bld
   Size     :    801 points

   Range  x :    1.000     to    14.98    
   Range  y :    0.000     to    10.00    

 Data set no.:   6

   Filename : RMC_Dt10_1-10-10/1-5_PdPd.bld
   Size     :    801 points

   Range  x :    1.000     to    14.98    
   Range  y :    0.000     to    8.170    

 ------ > Saving window   3 to file : RMC_Dt10_1-10-10/1-5BLD.pdf ..
 Fm-3m             225
 Lattice constants :
    a          b          c         alpha      beta       gamma      volume
    4.07890    4.07890    4.07890   90.00000   90.00000   90.00000    67.8624    

 Metric Tensor     :
      16.63743      0.00000      0.00000
       0.00000     16.63743      0.00000
       0.00000      0.00000     16.63743

 Reciprocal Lattice constants :
    a*         b*         c*        alpha*     beta*      gamma*     volume
    0.24516    0.24516    0.24516   90.00000   90.00000   90.00000   0.147357E-01

 Reciprocal metric tensor     : 
       0.06011     -0.00000     -0.00000
      -0.00000      0.06011     -0.00000
      -0.00000     -0.00000      0.06011

    Neighbour determination mode   : quick = F
    Periodic boundaries (x,y,z)    : F F F
    Current operation mode         : atoms
    Sample volume for homo-check   : complete crystal
    Allowed bond length range      :  1.500 A to  7.500 A
    # points for histogramms       :    601

    Neighbour definitions          : 

        #  Mode  Neighbour (or vec.)  fsig  wsig   rmin[A] rmax[A] ang sym
       -------------------------------------------------------------------

    Defined correlation vectors    : 

       ** none defined **

    Defined correlation angles     : 

       ** none defined **

    Defined correlation environments: 

       ** none defined **

    Defined correlation ranges: 

       ** none defined **

    Defined displacement direc.    : 

       ** none defined **

    Defined correlation connectiv. : 

       ** none defined **
 Size of the crystal (unit cells) :    1 x    1 x    1
 Total number of atoms            :      3925
 Number of atoms per unit cell    :      3925
 Number of different atoms        :         2

    Element : VOID(0)   rel. abundance : 0.000  (        0 atoms)
    Element : PD(1)     rel. abundance : 0.509  (     1997 atoms)
    Element : AU(2)     rel. abundance : 0.491  (     1928 atoms)
 Computing powder sine lookup table ...
 Computing sin(theta)/lambda table ...
  Starting histogram

 Elapsed time H  :   3.19784     sec
  Starting convolution

 Elapsed time    :   336364.     sec
 Resetting - all parameters ..
 Reading file MC_Dt10/2000.xrd ..
 Column assignement (x y dx dy):     1    2    0    0
 Data set no.:   1

   Filename : MC_Dt10/2000.xrd
   Size     :   8692 points

   Range  x :    30.00     to    120.0    
   Range  y :   0.2412E-09 to   0.1575E+05

 Reading file RMC_Dt10_1-10-10/1-6.xrd ..
 Column assignement (x y dx dy):     1    2    0    0
 Data set no.:   2

   Filename : RMC_Dt10_1-10-10/1-6.xrd
   Size     :   8692 points

   Range  x :    30.00     to    120.0    
   Range  y :   0.2549E-09 to   0.1548E+05

 Data set no.:   1

   Filename : MC_Dt10/2000.xrd
   Size     :   8692 points

   Range  x :    30.00     to    120.0    
   Range  y :   0.1531E-12 to    10.00    

 Data set no.:   2

   Filename : RMC_Dt10_1-10-10/1-6.xrd
   Size     :   8692 points

   Range  x :    30.00     to    120.0    
   Range  y :   0.1618E-12 to    9.824    

 ------ > Saving window   1 to file : RMC_Dt10_1-10-10/1-6XRD.pdf ..
 Setting PDF calculation to no periodic bound., 3D, exact mode ..
 Setting up PDF segment ...
 Extending PDF search distance to  51.1429 A ...
 Calculating PDF (exact mode) ...
    20.00 % done  ...
    40.00 % done  ...
    60.00 % done  ...
    80.00 % done  ...
   100.00 % done  ...

 Elapsed time    :  0.427435     sec
 Required time        :     4.63 s

 Total sum of weights :    174515.7387    
 Saving PDF to file : RMC_Dt10_1-10-10/1-6.apd ...
 Resetting - all parameters ..
 Reading file MC_Dt10/2000.apd ..
 Column assignement (x y dx dy):     1    2    3    4
 Data set no.:   1

   Filename : MC_Dt10/2000.apd
   Size     :   5000 points

   Range  x :   0.1000E-01 to    50.00    
   Range  y :   -3.776     to    15.21    

 Reading file RMC_Dt10_1-10-10/1-6.apd ..
 Column assignement (x y dx dy):     1    2    3    4
 Data set no.:   2

   Filename : RMC_Dt10_1-10-10/1-6.apd
   Size     :   5000 points

   Range  x :   0.1000E-01 to    50.00    
   Range  y :   -3.743     to    14.94    

 Data set no.:   1

   Filename : MC_Dt10/2000.apd
   Size     :   5000 points

   Range  x :   0.1000E-01 to    50.00    
   Range  y :   -2.483     to    10.00    

 Data set no.:   2

   Filename : RMC_Dt10_1-10-10/1-6.apd
   Size     :   5000 points

   Range  x :   0.1000E-01 to    50.00    
   Range  y :   -2.462     to    9.828    

 ------ > Saving window   1 to file : RMC_Dt10_1-10-10/1-6PDF.pdf ..
 Calculating bond-length distibution
    Allowed range :   1.00 A to  15.00  A / File : RMC_Dt10_1-1 ( 801 pts)

    AU(2)    - AU(2)    : d = 10.823 +-  3.055 A (Min =  0.000, Max = 15.000)
                                                 (Pairs =             829846)
                                                 (Total =             829846)
 Calculating bond-length distibution
    Allowed range :   1.00 A to  15.00  A / File : RMC_Dt10_1-1 ( 801 pts)

    AU(2)    - PD(1)    : d = 11.289 +-  2.858 A (Min =  0.000, Max = 15.000)
                                                 (Pairs =             459204)
                                                 (Total =             459204)
 Calculating bond-length distibution
    Allowed range :   1.00 A to  15.00  A / File : RMC_Dt10_1-1 ( 801 pts)

    PD(1)    - PD(1)    : d = 10.485 +-  3.231 A (Min =  0.000, Max = 15.000)
                                                 (Pairs =             458662)
                                                 (Total =             458662)
 Resetting ..
 Reading file MC_Dt10/2000_AuAu.bld ..
 Column assignement (x y dx dy):     1    2    0    0
 Data set no.:   1

   Filename : MC_Dt10/2000_AuAu.bld
   Size     :    801 points

   Range  x :    1.000     to    14.98    
   Range  y :    0.000     to    4260.    

 Reading file RMC_Dt10_1-10-10/1-6_AuAu.bld ..
 Column assignement (x y dx dy):     1    2    0    0
 Data set no.:   2

   Filename : RMC_Dt10_1-10-10/1-6_AuAu.bld
   Size     :    801 points

   Range  x :    1.000     to    14.98    
   Range  y :    0.000     to    4638.    

 Reading file MC_Dt10/2000_AuPd.bld ..
 Column assignement (x y dx dy):     1    2    0    0
 Data set no.:   3

   Filename : MC_Dt10/2000_AuPd.bld
   Size     :    801 points

   Range  x :    1.000     to    14.98    
   Range  y :    0.000     to    2618.    

 Reading file RMC_Dt10_1-10-10/1-6_AuPd.bld ..
 Column assignement (x y dx dy):     1    2    0    0
 Data set no.:   4

   Filename : RMC_Dt10_1-10-10/1-6_AuPd.bld
   Size     :    801 points

   Range  x :    1.000     to    14.98    
   Range  y :    0.000     to    2459.    

 Reading file MC_Dt10/2000_PdPd.bld ..
 Column assignement (x y dx dy):     1    2    0    0
 Data set no.:   5

   Filename : MC_Dt10/2000_PdPd.bld
   Size     :    801 points

   Range  x :    1.000     to    14.98    
   Range  y :    0.000     to    2142.    

 Reading file RMC_Dt10_1-10-10/1-6_PdPd.bld ..
 Column assignement (x y dx dy):     1    2    0    0
 Data set no.:   6

   Filename : RMC_Dt10_1-10-10/1-6_PdPd.bld
   Size     :    801 points

   Range  x :    1.000     to    14.98    
   Range  y :    0.000     to    1800.    

 Data set no.:   1

   Filename : MC_Dt10/2000_AuAu.bld
   Size     :    801 points

   Range  x :    1.000     to    14.98    
   Range  y :    0.000     to    10.00    

 Data set no.:   2

   Filename : RMC_Dt10_1-10-10/1-6_AuAu.bld
   Size     :    801 points

   Range  x :    1.000     to    14.98    
   Range  y :    0.000     to    10.89    

 Data set no.:   3

   Filename : MC_Dt10/2000_AuPd.bld
   Size     :    801 points

   Range  x :    1.000     to    14.98    
   Range  y :    0.000     to    10.00    

 Data set no.:   4

   Filename : RMC_Dt10_1-10-10/1-6_AuPd.bld
   Size     :    801 points

   Range  x :    1.000     to    14.98    
   Range  y :    0.000     to    9.393    

 Data set no.:   5

   Filename : MC_Dt10/2000_PdPd.bld
   Size     :    801 points

   Range  x :    1.000     to    14.98    
   Range  y :    0.000     to    10.00    

 Data set no.:   6

   Filename : RMC_Dt10_1-10-10/1-6_PdPd.bld
   Size     :    801 points

   Range  x :    1.000     to    14.98    
   Range  y :    0.000     to    8.403    

 ------ > Saving window   3 to file : RMC_Dt10_1-10-10/1-6BLD.pdf ..
 Fm-3m             225
 Lattice constants :
    a          b          c         alpha      beta       gamma      volume
    4.07890    4.07890    4.07890   90.00000   90.00000   90.00000    67.8624    

 Metric Tensor     :
      16.63743      0.00000      0.00000
       0.00000     16.63743      0.00000
       0.00000      0.00000     16.63743

 Reciprocal Lattice constants :
    a*         b*         c*        alpha*     beta*      gamma*     volume
    0.24516    0.24516    0.24516   90.00000   90.00000   90.00000   0.147357E-01

 Reciprocal metric tensor     : 
       0.06011     -0.00000     -0.00000
      -0.00000      0.06011     -0.00000
      -0.00000     -0.00000      0.06011

    Neighbour determination mode   : quick = F
    Periodic boundaries (x,y,z)    : F F F
    Current operation mode         : atoms
    Sample volume for homo-check   : complete crystal
    Allowed bond length range      :  1.500 A to  7.500 A
    # points for histogramms       :    601

    Neighbour definitions          : 

        #  Mode  Neighbour (or vec.)  fsig  wsig   rmin[A] rmax[A] ang sym
       -------------------------------------------------------------------

    Defined correlation vectors    : 

       ** none defined **

    Defined correlation angles     : 

       ** none defined **

    Defined correlation environments: 

       ** none defined **

    Defined correlation ranges: 

       ** none defined **

    Defined displacement direc.    : 

       ** none defined **

    Defined correlation connectiv. : 

       ** none defined **
 Size of the crystal (unit cells) :    1 x    1 x    1
 Total number of atoms            :      3925
 Number of atoms per unit cell    :      3925
 Number of different atoms        :         2

    Element : VOID(0)   rel. abundance : 0.000  (        0 atoms)
    Element : PD(1)     rel. abundance : 0.509  (     1997 atoms)
    Element : AU(2)     rel. abundance : 0.491  (     1928 atoms)
 Computing powder sine lookup table ...
 Computing sin(theta)/lambda table ...
  Starting histogram

 Elapsed time H  :   3.24488     sec
  Starting convolution

 Elapsed time    :   336389.     sec
 Resetting - all parameters ..
 Reading file MC_Dt10/2000.xrd ..
 Column assignement (x y dx dy):     1    2    0    0
 Data set no.:   1

   Filename : MC_Dt10/2000.xrd
   Size     :   8692 points

   Range  x :    30.00     to    120.0    
   Range  y :   0.2412E-09 to   0.1575E+05

 Reading file RMC_Dt10_1-10-10/1-7.xrd ..
 Column assignement (x y dx dy):     1    2    0    0
 Data set no.:   2

   Filename : RMC_Dt10_1-10-10/1-7.xrd
   Size     :   8692 points

   Range  x :    30.00     to    120.0    
   Range  y :   0.2450E-09 to   0.1554E+05

 Data set no.:   1

   Filename : MC_Dt10/2000.xrd
   Size     :   8692 points

   Range  x :    30.00     to    120.0    
   Range  y :   0.1531E-12 to    10.00    

 Data set no.:   2

   Filename : RMC_Dt10_1-10-10/1-7.xrd
   Size     :   8692 points

   Range  x :    30.00     to    120.0    
   Range  y :   0.1556E-12 to    9.862    

 ------ > Saving window   1 to file : RMC_Dt10_1-10-10/1-7XRD.pdf ..
 Setting PDF calculation to no periodic bound., 3D, exact mode ..
 Setting up PDF segment ...
 Extending PDF search distance to  51.1429 A ...
 Calculating PDF (exact mode) ...
    20.00 % done  ...
    40.00 % done  ...
    60.00 % done  ...
    80.00 % done  ...
   100.00 % done  ...

 Elapsed time    :  0.410279     sec
 Required time        :     4.61 s

 Total sum of weights :    175037.6117    
 Saving PDF to file : RMC_Dt10_1-10-10/1-7.apd ...
 Resetting - all parameters ..
 Reading file MC_Dt10/2000.apd ..
 Column assignement (x y dx dy):     1    2    3    4
 Data set no.:   1

   Filename : MC_Dt10/2000.apd
   Size     :   5000 points

   Range  x :   0.1000E-01 to    50.00    
   Range  y :   -3.776     to    15.21    

 Reading file RMC_Dt10_1-10-10/1-7.apd ..
 Column assignement (x y dx dy):     1    2    3    4
 Data set no.:   2

   Filename : RMC_Dt10_1-10-10/1-7.apd
   Size     :   5000 points

   Range  x :   0.1000E-01 to    50.00    
   Range  y :   -3.734     to    15.03    

 Data set no.:   1

   Filename : MC_Dt10/2000.apd
   Size     :   5000 points

   Range  x :   0.1000E-01 to    50.00    
   Range  y :   -2.483     to    10.00    

 Data set no.:   2

   Filename : RMC_Dt10_1-10-10/1-7.apd
   Size     :   5000 points

   Range  x :   0.1000E-01 to    50.00    
   Range  y :   -2.456     to    9.888    

 ------ > Saving window   1 to file : RMC_Dt10_1-10-10/1-7PDF.pdf ..
 Calculating bond-length distibution
    Allowed range :   1.00 A to  15.00  A / File : RMC_Dt10_1-1 ( 801 pts)

    AU(2)    - AU(2)    : d = 10.822 +-  3.056 A (Min =  0.000, Max = 15.000)
                                                 (Pairs =             832980)
                                                 (Total =             832980)
 Calculating bond-length distibution
    Allowed range :   1.00 A to  15.00  A / File : RMC_Dt10_1-1 ( 801 pts)

    AU(2)    - PD(1)    : d = 11.301 +-  2.854 A (Min =  0.000, Max = 15.000)
                                                 (Pairs =             456069)
                                                 (Total =             456069)
 Calculating bond-length distibution
    Allowed range :   1.00 A to  15.00  A / File : RMC_Dt10_1-1 ( 801 pts)

    PD(1)    - PD(1)    : d = 10.474 +-  3.230 A (Min =  0.000, Max = 15.000)
                                                 (Pairs =             460746)
                                                 (Total =             460746)
 Resetting ..
 Reading file MC_Dt10/2000_AuAu.bld ..
 Column assignement (x y dx dy):     1    2    0    0
 Data set no.:   1

   Filename : MC_Dt10/2000_AuAu.bld
   Size     :    801 points

   Range  x :    1.000     to    14.98    
   Range  y :    0.000     to    4260.    

 Reading file RMC_Dt10_1-10-10/1-7_AuAu.bld ..
 Column assignement (x y dx dy):     1    2    0    0
 Data set no.:   2

   Filename : RMC_Dt10_1-10-10/1-7_AuAu.bld
   Size     :    801 points

   Range  x :    1.000     to    14.98    
   Range  y :    0.000     to    4360.    

 Reading file MC_Dt10/2000_AuPd.bld ..
 Column assignement (x y dx dy):     1    2    0    0
 Data set no.:   3

   Filename : MC_Dt10/2000_AuPd.bld
   Size     :    801 points

   Range  x :    1.000     to    14.98    
   Range  y :    0.000     to    2618.    

 Reading file RMC_Dt10_1-10-10/1-7_AuPd.bld ..
 Column assignement (x y dx dy):     1    2    0    0
 Data set no.:   4

   Filename : RMC_Dt10_1-10-10/1-7_AuPd.bld
   Size     :    801 points

   Range  x :    1.000     to    14.98    
   Range  y :    0.000     to    2486.    

 Reading file MC_Dt10/2000_PdPd.bld ..
 Column assignement (x y dx dy):     1    2    0    0
 Data set no.:   5

   Filename : MC_Dt10/2000_PdPd.bld
   Size     :    801 points

   Range  x :    1.000     to    14.98    
   Range  y :    0.000     to    2142.    

 Reading file RMC_Dt10_1-10-10/1-7_PdPd.bld ..
 Column assignement (x y dx dy):     1    2    0    0
 Data set no.:   6

   Filename : RMC_Dt10_1-10-10/1-7_PdPd.bld
   Size     :    801 points

   Range  x :    1.000     to    14.98    
   Range  y :    0.000     to    1856.    

 Data set no.:   1

   Filename : MC_Dt10/2000_AuAu.bld
   Size     :    801 points

   Range  x :    1.000     to    14.98    
   Range  y :    0.000     to    10.00    

 Data set no.:   2

   Filename : RMC_Dt10_1-10-10/1-7_AuAu.bld
   Size     :    801 points

   Range  x :    1.000     to    14.98    
   Range  y :    0.000     to    10.23    

 Data set no.:   3

   Filename : MC_Dt10/2000_AuPd.bld
   Size     :    801 points

   Range  x :    1.000     to    14.98    
   Range  y :    0.000     to    10.00    

 Data set no.:   4

   Filename : RMC_Dt10_1-10-10/1-7_AuPd.bld
   Size     :    801 points

   Range  x :    1.000     to    14.98    
   Range  y :    0.000     to    9.496    

 Data set no.:   5

   Filename : MC_Dt10/2000_PdPd.bld
   Size     :    801 points

   Range  x :    1.000     to    14.98    
   Range  y :    0.000     to    10.00    

 Data set no.:   6

   Filename : RMC_Dt10_1-10-10/1-7_PdPd.bld
   Size     :    801 points

   Range  x :    1.000     to    14.98    
   Range  y :    0.000     to    8.665    

 ------ > Saving window   3 to file : RMC_Dt10_1-10-10/1-7BLD.pdf ..
 Fm-3m             225
 Lattice constants :
    a          b          c         alpha      beta       gamma      volume
    4.07890    4.07890    4.07890   90.00000   90.00000   90.00000    67.8624    

 Metric Tensor     :
      16.63743      0.00000      0.00000
       0.00000     16.63743      0.00000
       0.00000      0.00000     16.63743

 Reciprocal Lattice constants :
    a*         b*         c*        alpha*     beta*      gamma*     volume
    0.24516    0.24516    0.24516   90.00000   90.00000   90.00000   0.147357E-01

 Reciprocal metric tensor     : 
       0.06011     -0.00000     -0.00000
      -0.00000      0.06011     -0.00000
      -0.00000     -0.00000      0.06011

    Neighbour determination mode   : quick = F
    Periodic boundaries (x,y,z)    : F F F
    Current operation mode         : atoms
    Sample volume for homo-check   : complete crystal
    Allowed bond length range      :  1.500 A to  7.500 A
    # points for histogramms       :    601

    Neighbour definitions          : 

        #  Mode  Neighbour (or vec.)  fsig  wsig   rmin[A] rmax[A] ang sym
       -------------------------------------------------------------------

    Defined correlation vectors    : 

       ** none defined **

    Defined correlation angles     : 

       ** none defined **

    Defined correlation environments: 

       ** none defined **

    Defined correlation ranges: 

       ** none defined **

    Defined displacement direc.    : 

       ** none defined **

    Defined correlation connectiv. : 

       ** none defined **
 Size of the crystal (unit cells) :    1 x    1 x    1
 Total number of atoms            :      3925
 Number of atoms per unit cell    :      3925
 Number of different atoms        :         2

    Element : VOID(0)   rel. abundance : 0.000  (        0 atoms)
    Element : PD(1)     rel. abundance : 0.509  (     1997 atoms)
    Element : AU(2)     rel. abundance : 0.491  (     1928 atoms)
 Computing powder sine lookup table ...
 Computing sin(theta)/lambda table ...
  Starting histogram

 Elapsed time H  :   3.23604     sec
  Starting convolution

 Elapsed time    :   336414.     sec
 Resetting - all parameters ..
 Reading file MC_Dt10/2000.xrd ..
 Column assignement (x y dx dy):     1    2    0    0
 Data set no.:   1

   Filename : MC_Dt10/2000.xrd
   Size     :   8692 points

   Range  x :    30.00     to    120.0    
   Range  y :   0.2412E-09 to   0.1575E+05

 Reading file RMC_Dt10_1-10-10/1-8.xrd ..
 Column assignement (x y dx dy):     1    2    0    0
 Data set no.:   2

   Filename : RMC_Dt10_1-10-10/1-8.xrd
   Size     :   8692 points

   Range  x :    30.00     to    120.0    
   Range  y :   0.2401E-09 to   0.1557E+05

 Data set no.:   1

   Filename : MC_Dt10/2000.xrd
   Size     :   8692 points

   Range  x :    30.00     to    120.0    
   Range  y :   0.1531E-12 to    10.00    

 Data set no.:   2

   Filename : RMC_Dt10_1-10-10/1-8.xrd
   Size     :   8692 points

   Range  x :    30.00     to    120.0    
   Range  y :   0.1524E-12 to    9.883    

 ------ > Saving window   1 to file : RMC_Dt10_1-10-10/1-8XRD.pdf ..
 Setting PDF calculation to no periodic bound., 3D, exact mode ..
 Setting up PDF segment ...
 Extending PDF search distance to  51.1429 A ...
 Calculating PDF (exact mode) ...
    20.00 % done  ...
    40.00 % done  ...
    60.00 % done  ...
    80.00 % done  ...
   100.00 % done  ...

 Elapsed time    :  0.401086     sec
 Required time        :     4.66 s

 Total sum of weights :    175104.1678    
 Saving PDF to file : RMC_Dt10_1-10-10/1-8.apd ...
 Resetting - all parameters ..
 Reading file MC_Dt10/2000.apd ..
 Column assignement (x y dx dy):     1    2    3    4
 Data set no.:   1

   Filename : MC_Dt10/2000.apd
   Size     :   5000 points

   Range  x :   0.1000E-01 to    50.00    
   Range  y :   -3.776     to    15.21    

 Reading file RMC_Dt10_1-10-10/1-8.apd ..
 Column assignement (x y dx dy):     1    2    3    4
 Data set no.:   2

   Filename : RMC_Dt10_1-10-10/1-8.apd
   Size     :   5000 points

   Range  x :   0.1000E-01 to    50.00    
   Range  y :   -3.742     to    15.07    

 Data set no.:   1

   Filename : MC_Dt10/2000.apd
   Size     :   5000 points

   Range  x :   0.1000E-01 to    50.00    
   Range  y :   -2.483     to    10.00    

 Data set no.:   2

   Filename : RMC_Dt10_1-10-10/1-8.apd
   Size     :   5000 points

   Range  x :   0.1000E-01 to    50.00    
   Range  y :   -2.461     to    9.908    

 ------ > Saving window   1 to file : RMC_Dt10_1-10-10/1-8PDF.pdf ..
 Calculating bond-length distibution
    Allowed range :   1.00 A to  15.00  A / File : RMC_Dt10_1-1 ( 801 pts)

    AU(2)    - AU(2)    : d = 10.826 +-  3.055 A (Min =  0.000, Max = 15.000)
                                                 (Pairs =             834784)
                                                 (Total =             834784)
 Calculating bond-length distibution
    Allowed range :   1.00 A to  15.00  A / File : RMC_Dt10_1-1 ( 801 pts)

    AU(2)    - PD(1)    : d = 11.297 +-  2.854 A (Min =  0.000, Max = 15.000)
                                                 (Pairs =             453467)
                                                 (Total =             453467)
 Calculating bond-length distibution
    Allowed range :   1.00 A to  15.00  A / File : RMC_Dt10_1-1 ( 801 pts)

    PD(1)    - PD(1)    : d = 10.484 +-  3.230 A (Min =  0.000, Max = 15.000)
                                                 (Pairs =             463360)
                                                 (Total =             463360)
 Resetting ..
 Reading file MC_Dt10/2000_AuAu.bld ..
 Column assignement (x y dx dy):     1    2    0    0
 Data set no.:   1

   Filename : MC_Dt10/2000_AuAu.bld
   Size     :    801 points

   Range  x :    1.000     to    14.98    
   Range  y :    0.000     to    4260.    

 Reading file RMC_Dt10_1-10-10/1-8_AuAu.bld ..
 Column assignement (x y dx dy):     1    2    0    0
 Data set no.:   2

   Filename : RMC_Dt10_1-10-10/1-8_AuAu.bld
   Size     :    801 points

   Range  x :    1.000     to    14.98    
   Range  y :    0.000     to    4428.    

 Reading file MC_Dt10/2000_AuPd.bld ..
 Column assignement (x y dx dy):     1    2    0    0
 Data set no.:   3

   Filename : MC_Dt10/2000_AuPd.bld
   Size     :    801 points

   Range  x :    1.000     to    14.98    
   Range  y :    0.000     to    2618.    

 Reading file RMC_Dt10_1-10-10/1-8_AuPd.bld ..
 Column assignement (x y dx dy):     1    2    0    0
 Data set no.:   4

   Filename : RMC_Dt10_1-10-10/1-8_AuPd.bld
   Size     :    801 points

   Range  x :    1.000     to    14.98    
   Range  y :    0.000     to    2485.    

 Reading file MC_Dt10/2000_PdPd.bld ..
 Column assignement (x y dx dy):     1    2    0    0
 Data set no.:   5

   Filename : MC_Dt10/2000_PdPd.bld
   Size     :    801 points

   Range  x :    1.000     to    14.98    
   Range  y :    0.000     to    2142.    

 Reading file RMC_Dt10_1-10-10/1-8_PdPd.bld ..
 Column assignement (x y dx dy):     1    2    0    0
 Data set no.:   6

   Filename : RMC_Dt10_1-10-10/1-8_PdPd.bld
   Size     :    801 points

   Range  x :    1.000     to    14.98    
   Range  y :    0.000     to    1834.    

 Data set no.:   1

   Filename : MC_Dt10/2000_AuAu.bld
   Size     :    801 points

   Range  x :    1.000     to    14.98    
   Range  y :    0.000     to    10.00    

 Data set no.:   2

   Filename : RMC_Dt10_1-10-10/1-8_AuAu.bld
   Size     :    801 points

   Range  x :    1.000     to    14.98    
   Range  y :    0.000     to    10.39    

 Data set no.:   3

   Filename : MC_Dt10/2000_AuPd.bld
   Size     :    801 points

   Range  x :    1.000     to    14.98    
   Range  y :    0.000     to    10.00    

 Data set no.:   4

   Filename : RMC_Dt10_1-10-10/1-8_AuPd.bld
   Size     :    801 points

   Range  x :    1.000     to    14.98    
   Range  y :    0.000     to    9.492    

 Data set no.:   5

   Filename : MC_Dt10/2000_PdPd.bld
   Size     :    801 points

   Range  x :    1.000     to    14.98    
   Range  y :    0.000     to    10.00    

 Data set no.:   6

   Filename : RMC_Dt10_1-10-10/1-8_PdPd.bld
   Size     :    801 points

   Range  x :    1.000     to    14.98    
   Range  y :    0.000     to    8.562    

 ------ > Saving window   3 to file : RMC_Dt10_1-10-10/1-8BLD.pdf ..
 Fm-3m             225
 Lattice constants :
    a          b          c         alpha      beta       gamma      volume
    4.07890    4.07890    4.07890   90.00000   90.00000   90.00000    67.8624    

 Metric Tensor     :
      16.63743      0.00000      0.00000
       0.00000     16.63743      0.00000
       0.00000      0.00000     16.63743

 Reciprocal Lattice constants :
    a*         b*         c*        alpha*     beta*      gamma*     volume
    0.24516    0.24516    0.24516   90.00000   90.00000   90.00000   0.147357E-01

 Reciprocal metric tensor     : 
       0.06011     -0.00000     -0.00000
      -0.00000      0.06011     -0.00000
      -0.00000     -0.00000      0.06011

    Neighbour determination mode   : quick = F
    Periodic boundaries (x,y,z)    : F F F
    Current operation mode         : atoms
    Sample volume for homo-check   : complete crystal
    Allowed bond length range      :  1.500 A to  7.500 A
    # points for histogramms       :    601

    Neighbour definitions          : 

        #  Mode  Neighbour (or vec.)  fsig  wsig   rmin[A] rmax[A] ang sym
       -------------------------------------------------------------------

    Defined correlation vectors    : 

       ** none defined **

    Defined correlation angles     : 

       ** none defined **

    Defined correlation environments: 

       ** none defined **

    Defined correlation ranges: 

       ** none defined **

    Defined displacement direc.    : 

       ** none defined **

    Defined correlation connectiv. : 

       ** none defined **
 Size of the crystal (unit cells) :    1 x    1 x    1
 Total number of atoms            :      3925
 Number of atoms per unit cell    :      3925
 Number of different atoms        :         2

    Element : VOID(0)   rel. abundance : 0.000  (        0 atoms)
    Element : PD(1)     rel. abundance : 0.509  (     1997 atoms)
    Element : AU(2)     rel. abundance : 0.491  (     1928 atoms)
 Computing powder sine lookup table ...
 Computing sin(theta)/lambda table ...
  Starting histogram

 Elapsed time H  :   3.25382     sec
  Starting convolution

 Elapsed time    :   336439.     sec
 Resetting - all parameters ..
 Reading file MC_Dt10/2000.xrd ..
 Column assignement (x y dx dy):     1    2    0    0
 Data set no.:   1

   Filename : MC_Dt10/2000.xrd
   Size     :   8692 points

   Range  x :    30.00     to    120.0    
   Range  y :   0.2412E-09 to   0.1575E+05

 Reading file RMC_Dt10_1-10-10/1-9.xrd ..
 Column assignement (x y dx dy):     1    2    0    0
 Data set no.:   2

   Filename : RMC_Dt10_1-10-10/1-9.xrd
   Size     :   8692 points

   Range  x :    30.00     to    120.0    
   Range  y :   0.2369E-09 to   0.1561E+05

 Data set no.:   1

   Filename : MC_Dt10/2000.xrd
   Size     :   8692 points

   Range  x :    30.00     to    120.0    
   Range  y :   0.1531E-12 to    10.00    

 Data set no.:   2

   Filename : RMC_Dt10_1-10-10/1-9.xrd
   Size     :   8692 points

   Range  x :    30.00     to    120.0    
   Range  y :   0.1504E-12 to    9.910    

 ------ > Saving window   1 to file : RMC_Dt10_1-10-10/1-9XRD.pdf ..
 Setting PDF calculation to no periodic bound., 3D, exact mode ..
 Setting up PDF segment ...
 Extending PDF search distance to  51.1429 A ...
 Calculating PDF (exact mode) ...
    20.00 % done  ...
    40.00 % done  ...
    60.00 % done  ...
    80.00 % done  ...
   100.00 % done  ...

 Elapsed time    :  0.410975     sec
 Required time        :     4.65 s

 Total sum of weights :    175553.0910    
 Saving PDF to file : RMC_Dt10_1-10-10/1-9.apd ...
 Resetting - all parameters ..
 Reading file MC_Dt10/2000.apd ..
 Column assignement (x y dx dy):     1    2    3    4
 Data set no.:   1

   Filename : MC_Dt10/2000.apd
   Size     :   5000 points

   Range  x :   0.1000E-01 to    50.00    
   Range  y :   -3.776     to    15.21    

 Reading file RMC_Dt10_1-10-10/1-9.apd ..
 Column assignement (x y dx dy):     1    2    3    4
 Data set no.:   2

   Filename : RMC_Dt10_1-10-10/1-9.apd
   Size     :   5000 points

   Range  x :   0.1000E-01 to    50.00    
   Range  y :   -3.761     to    15.08    

 Data set no.:   1

   Filename : MC_Dt10/2000.apd
   Size     :   5000 points

   Range  x :   0.1000E-01 to    50.00    
   Range  y :   -2.483     to    10.00    

 Data set no.:   2

   Filename : RMC_Dt10_1-10-10/1-9.apd
   Size     :   5000 points

   Range  x :   0.1000E-01 to    50.00    
   Range  y :   -2.473     to    9.919    

 ------ > Saving window   1 to file : RMC_Dt10_1-10-10/1-9PDF.pdf ..
 Calculating bond-length distibution
    Allowed range :   1.00 A to  15.00  A / File : RMC_Dt10_1-1 ( 801 pts)

    AU(2)    - AU(2)    : d = 10.830 +-  3.052 A (Min =  0.000, Max = 15.000)
                                                 (Pairs =             836740)
                                                 (Total =             836740)
 Calculating bond-length distibution
    Allowed range :   1.00 A to  15.00  A / File : RMC_Dt10_1-1 ( 801 pts)

    AU(2)    - PD(1)    : d = 11.300 +-  2.858 A (Min =  0.000, Max = 15.000)
                                                 (Pairs =             450444)
                                                 (Total =             450444)
 Calculating bond-length distibution
    Allowed range :   1.00 A to  15.00  A / File : RMC_Dt10_1-1 ( 801 pts)

    PD(1)    - PD(1)    : d = 10.481 +-  3.224 A (Min =  0.000, Max = 15.000)
                                                 (Pairs =             467024)
                                                 (Total =             467024)
 Resetting ..
 Reading file MC_Dt10/2000_AuAu.bld ..
 Column assignement (x y dx dy):     1    2    0    0
 Data set no.:   1

   Filename : MC_Dt10/2000_AuAu.bld
   Size     :    801 points

   Range  x :    1.000     to    14.98    
   Range  y :    0.000     to    4260.    

 Reading file RMC_Dt10_1-10-10/1-9_AuAu.bld ..
 Column assignement (x y dx dy):     1    2    0    0
 Data set no.:   2

   Filename : RMC_Dt10_1-10-10/1-9_AuAu.bld
   Size     :    801 points

   Range  x :    1.000     to    14.98    
   Range  y :    0.000     to    4442.    

 Reading file MC_Dt10/2000_AuPd.bld ..
 Column assignement (x y dx dy):     1    2    0    0
 Data set no.:   3

   Filename : MC_Dt10/2000_AuPd.bld
   Size     :    801 points

   Range  x :    1.000     to    14.98    
   Range  y :    0.000     to    2618.    

 Reading file RMC_Dt10_1-10-10/1-9_AuPd.bld ..
 Column assignement (x y dx dy):     1    2    0    0
 Data set no.:   4

   Filename : RMC_Dt10_1-10-10/1-9_AuPd.bld
   Size     :    801 points

   Range  x :    1.000     to    14.98    
   Range  y :    0.000     to    2493.    

 Reading file MC_Dt10/2000_PdPd.bld ..
 Column assignement (x y dx dy):     1    2    0    0
 Data set no.:   5

   Filename : MC_Dt10/2000_PdPd.bld
   Size     :    801 points

   Range  x :    1.000     to    14.98    
   Range  y :    0.000     to    2142.    

 Reading file RMC_Dt10_1-10-10/1-9_PdPd.bld ..
 Column assignement (x y dx dy):     1    2    0    0
 Data set no.:   6

   Filename : RMC_Dt10_1-10-10/1-9_PdPd.bld
   Size     :    801 points

   Range  x :    1.000     to    14.98    
   Range  y :    0.000     to    1926.    

 Data set no.:   1

   Filename : MC_Dt10/2000_AuAu.bld
   Size     :    801 points

   Range  x :    1.000     to    14.98    
   Range  y :    0.000     to    10.00    

 Data set no.:   2

   Filename : RMC_Dt10_1-10-10/1-9_AuAu.bld
   Size     :    801 points

   Range  x :    1.000     to    14.98    
   Range  y :    0.000     to    10.43    

 Data set no.:   3

   Filename : MC_Dt10/2000_AuPd.bld
   Size     :    801 points

   Range  x :    1.000     to    14.98    
   Range  y :    0.000     to    10.00    

 Data set no.:   4

   Filename : RMC_Dt10_1-10-10/1-9_AuPd.bld
   Size     :    801 points

   Range  x :    1.000     to    14.98    
   Range  y :    0.000     to    9.523    

 Data set no.:   5

   Filename : MC_Dt10/2000_PdPd.bld
   Size     :    801 points

   Range  x :    1.000     to    14.98    
   Range  y :    0.000     to    10.00    

 Data set no.:   6

   Filename : RMC_Dt10_1-10-10/1-9_PdPd.bld
   Size     :    801 points

   Range  x :    1.000     to    14.98    
   Range  y :    0.000     to    8.992    

 ------ > Saving window   3 to file : RMC_Dt10_1-10-10/1-9BLD.pdf ..
 Fm-3m             225
 Lattice constants :
    a          b          c         alpha      beta       gamma      volume
    4.07890    4.07890    4.07890   90.00000   90.00000   90.00000    67.8624    

 Metric Tensor     :
      16.63743      0.00000      0.00000
       0.00000     16.63743      0.00000
       0.00000      0.00000     16.63743

 Reciprocal Lattice constants :
    a*         b*         c*        alpha*     beta*      gamma*     volume
    0.24516    0.24516    0.24516   90.00000   90.00000   90.00000   0.147357E-01

 Reciprocal metric tensor     : 
       0.06011     -0.00000     -0.00000
      -0.00000      0.06011     -0.00000
      -0.00000     -0.00000      0.06011

    Neighbour determination mode   : quick = F
    Periodic boundaries (x,y,z)    : F F F
    Current operation mode         : atoms
    Sample volume for homo-check   : complete crystal
    Allowed bond length range      :  1.500 A to  7.500 A
    # points for histogramms       :    601

    Neighbour definitions          : 

        #  Mode  Neighbour (or vec.)  fsig  wsig   rmin[A] rmax[A] ang sym
       -------------------------------------------------------------------

    Defined correlation vectors    : 

       ** none defined **

    Defined correlation angles     : 

       ** none defined **

    Defined correlation environments: 

       ** none defined **

    Defined correlation ranges: 

       ** none defined **

    Defined displacement direc.    : 

       ** none defined **

    Defined correlation connectiv. : 

       ** none defined **
 Size of the crystal (unit cells) :    1 x    1 x    1
 Total number of atoms            :      3925
 Number of atoms per unit cell    :      3925
 Number of different atoms        :         2

    Element : VOID(0)   rel. abundance : 0.000  (        0 atoms)
    Element : PD(1)     rel. abundance : 0.509  (     1997 atoms)
    Element : AU(2)     rel. abundance : 0.491  (     1928 atoms)
 Computing powder sine lookup table ...
 Computing sin(theta)/lambda table ...
  Starting histogram

 Elapsed time H  :   3.24245     sec
  Starting convolution

 Elapsed time    :   336464.     sec
 Resetting - all parameters ..
 Reading file MC_Dt10/2000.xrd ..
 Column assignement (x y dx dy):     1    2    0    0
 Data set no.:   1

   Filename : MC_Dt10/2000.xrd
   Size     :   8692 points

   Range  x :    30.00     to    120.0    
   Range  y :   0.2412E-09 to   0.1575E+05

 Reading file RMC_Dt10_1-10-10/1-10.xrd ..
 Column assignement (x y dx dy):     1    2    0    0
 Data set no.:   2

   Filename : RMC_Dt10_1-10-10/1-10.xrd
   Size     :   8692 points

   Range  x :    30.00     to    120.0    
   Range  y :   0.2360E-09 to   0.1563E+05

 Data set no.:   1

   Filename : MC_Dt10/2000.xrd
   Size     :   8692 points

   Range  x :    30.00     to    120.0    
   Range  y :   0.1531E-12 to    10.00    

 Data set no.:   2

   Filename : RMC_Dt10_1-10-10/1-10.xrd
   Size     :   8692 points

   Range  x :    30.00     to    120.0    
   Range  y :   0.1498E-12 to    9.922    

 ------ > Saving window   1 to file : RMC_Dt10_1-10-10/1-10XRD.pdf ..
 Setting PDF calculation to no periodic bound., 3D, exact mode ..
 Setting up PDF segment ...
 Extending PDF search distance to  51.1429 A ...
 Calculating PDF (exact mode) ...
    20.00 % done  ...
    40.00 % done  ...
    60.00 % done  ...
    80.00 % done  ...
   100.00 % done  ...

 Elapsed time    :  0.435946     sec
 Required time        :     4.69 s

 Total sum of weights :    175923.5829    
 Saving PDF to file : RMC_Dt10_1-10-10/1-10.apd ...
 Resetting - all parameters ..
 Reading file MC_Dt10/2000.apd ..
 Column assignement (x y dx dy):     1    2    3    4
 Data set no.:   1

   Filename : MC_Dt10/2000.apd
   Size     :   5000 points

   Range  x :   0.1000E-01 to    50.00    
   Range  y :   -3.776     to    15.21    

 Reading file RMC_Dt10_1-10-10/1-10.apd ..
 Column assignement (x y dx dy):     1    2    3    4
 Data set no.:   2

   Filename : RMC_Dt10_1-10-10/1-10.apd
   Size     :   5000 points

   Range  x :   0.1000E-01 to    50.00    
   Range  y :   -3.750     to    15.14    

 Data set no.:   1

   Filename : MC_Dt10/2000.apd
   Size     :   5000 points

   Range  x :   0.1000E-01 to    50.00    
   Range  y :   -2.483     to    10.00    

 Data set no.:   2

   Filename : RMC_Dt10_1-10-10/1-10.apd
   Size     :   5000 points

   Range  x :   0.1000E-01 to    50.00    
   Range  y :   -2.466     to    9.957    

 ------ > Saving window   1 to file : RMC_Dt10_1-10-10/1-10PDF.pdf ..
 Calculating bond-length distibution
    Allowed range :   1.00 A to  15.00  A / File : RMC_Dt10_1-1 ( 801 pts)

    AU(2)    - AU(2)    : d = 10.824 +-  3.054 A (Min =  0.000, Max = 15.000)
                                                 (Pairs =             835900)
                                                 (Total =             835900)
 Calculating bond-length distibution
    Allowed range :   1.00 A to  15.00  A / File : RMC_Dt10_1-1 ( 801 pts)

    AU(2)    - PD(1)    : d = 11.310 +-  2.853 A (Min =  0.000, Max = 15.000)
                                                 (Pairs =             451718)
                                                 (Total =             451718)
 Calculating bond-length distibution
    Allowed range :   1.00 A to  15.00  A / File : RMC_Dt10_1-1 ( 801 pts)

    PD(1)    - PD(1)    : d = 10.472 +-  3.229 A (Min =  0.000, Max = 15.000)
                                                 (Pairs =             465340)
                                                 (Total =             465340)
 Resetting ..
 Reading file MC_Dt10/2000_AuAu.bld ..
 Column assignement (x y dx dy):     1    2    0    0
 Data set no.:   1

   Filename : MC_Dt10/2000_AuAu.bld
   Size     :    801 points

   Range  x :    1.000     to    14.98    
   Range  y :    0.000     to    4260.    

 Reading file RMC_Dt10_1-10-10/1-10_AuAu.bld ..
 Column assignement (x y dx dy):     1    2    0    0
 Data set no.:   2

   Filename : RMC_Dt10_1-10-10/1-10_AuAu.bld
   Size     :    801 points

   Range  x :    1.000     to    14.98    
   Range  y :    0.000     to    4434.    

 Reading file MC_Dt10/2000_AuPd.bld ..
 Column assignement (x y dx dy):     1    2    0    0
 Data set no.:   3

   Filename : MC_Dt10/2000_AuPd.bld
   Size     :    801 points

   Range  x :    1.000     to    14.98    
   Range  y :    0.000     to    2618.    

 Reading file RMC_Dt10_1-10-10/1-10_AuPd.bld ..
 Column assignement (x y dx dy):     1    2    0    0
 Data set no.:   4

   Filename : RMC_Dt10_1-10-10/1-10_AuPd.bld
   Size     :    801 points

   Range  x :    1.000     to    14.98    
   Range  y :    0.000     to    2499.    

 Reading file MC_Dt10/2000_PdPd.bld ..
 Column assignement (x y dx dy):     1    2    0    0
 Data set no.:   5

   Filename : MC_Dt10/2000_PdPd.bld
   Size     :    801 points

   Range  x :    1.000     to    14.98    
   Range  y :    0.000     to    2142.    

 Reading file RMC_Dt10_1-10-10/1-10_PdPd.bld ..
 Column assignement (x y dx dy):     1    2    0    0
 Data set no.:   6

   Filename : RMC_Dt10_1-10-10/1-10_PdPd.bld
   Size     :    801 points

   Range  x :    1.000     to    14.98    
   Range  y :    0.000     to    1892.    

 Data set no.:   1

   Filename : MC_Dt10/2000_AuAu.bld
   Size     :    801 points

   Range  x :    1.000     to    14.98    
   Range  y :    0.000     to    10.00    

 Data set no.:   2

   Filename : RMC_Dt10_1-10-10/1-10_AuAu.bld
   Size     :    801 points

   Range  x :    1.000     to    14.98    
   Range  y :    0.000     to    10.41    

 Data set no.:   3

   Filename : MC_Dt10/2000_AuPd.bld
   Size     :    801 points

   Range  x :    1.000     to    14.98    
   Range  y :    0.000     to    10.00    

 Data set no.:   4

   Filename : RMC_Dt10_1-10-10/1-10_AuPd.bld
   Size     :    801 points

   Range  x :    1.000     to    14.98    
   Range  y :    0.000     to    9.545    

 Data set no.:   5

   Filename : MC_Dt10/2000_PdPd.bld
   Size     :    801 points

   Range  x :    1.000     to    14.98    
   Range  y :    0.000     to    10.00    

 Data set no.:   6

   Filename : RMC_Dt10_1-10-10/1-10_PdPd.bld
   Size     :    801 points

   Range  x :    1.000     to    14.98    
   Range  y :    0.000     to    8.833    

 ------ > Saving window   3 to file : RMC_Dt10_1-10-10/1-10BLD.pdf ..
 END rmc.shift.swap.mac
