  running mc.relax.mac 
 Fm-3m             225
 Lattice constants :
    a          b          c         alpha      beta       gamma      volume
    4.07890    4.07890    4.07890   90.00000   90.00000   90.00000    67.8624    

 Metric Tensor     :
      16.63743      0.00000      0.00000
       0.00000     16.63743      0.00000
       0.00000      0.00000     16.63743

 Reciprocal Lattice constants :
    a*         b*         c*        alpha*     beta*      gamma*     volume
    0.24516    0.24516    0.24516   90.00000   90.00000   90.00000   0.147357E-01

 Reciprocal metric tensor     : 
       0.06011     -0.00000     -0.00000
      -0.00000      0.06011     -0.00000
      -0.00000     -0.00000      0.06011

    Neighbour determination mode   : quick = F
    Periodic boundaries (x,y,z)    : F F F
    Current operation mode         : atoms
    Sample volume for homo-check   : complete crystal
    Allowed bond length range      :  1.500 A to  7.500 A
    # points for histogramms       :    601

    Neighbour definitions          : 

        #  Mode  Neighbour (or vec.)  fsig  wsig   rmin[A] rmax[A] ang sym
       -------------------------------------------------------------------

    Defined correlation vectors    : 

       ** none defined **

    Defined correlation angles     : 

       ** none defined **

    Defined correlation environments: 

       ** none defined **

    Defined correlation ranges: 

       ** none defined **

    Defined displacement direc.    : 

       ** none defined **

    Defined correlation connectiv. : 

       ** none defined **
 Size of the crystal (unit cells) :   14 x   14 x   14
 Total number of atoms            :     10976
 Number of atoms per unit cell    :         4
 Number of different atoms        :         2

    Element : VOID(0)   rel. abundance : 0.642  (     7051 atoms)
    Element : PD(1)     rel. abundance : 0.179  (     1965 atoms)
    Element : AU(2)     rel. abundance : 0.179  (     1960 atoms)
   Operation mode for MC        : atoms
   Max. number of MC cycles     :  5488000
   Feedback/update intervall    :  5488000
   Maximum no. non_valid cycles :     1000
   Temperature [kT]             :   0.6000
   MMC will stop at convergence
      Max rel. difference       :   0.0000 at last cycle
      Max change rel. difference:   0.0000 observed over    3 feedbacks
      Av. change rel. difference:   0.0000 averaged over    3 feedbacks

 Operation modes for MMC; atoms selected 
   Mode                  Probability  two-atom correlation
   -------------------------------------------------------
   switch chemistry      0.00000      all                 
   switch displacement   0.00000      all                 
   shift atom            1.00000      all                 
   inverse displacement  0.00000      all                 

 Correlation definitions        : 

    Neighbour definitions          : 

        #  Mode  Neighbour (or vec.)  fsig  wsig   rmin[A] rmax[A] ang sym
       -------------------------------------------------------------------
        1  vec      1   2   3   4   5   6   7   8   9  10  11  12  13  14  15  16  17  18  19  20  21  22  23  24  25  26  27  28  29  30  31  32  33  34  35  36  37  38  39  40  41  42  43  44  45  46  47  48  49  50
       51  vec     52  53  54
        2  vec     55  56  57  58  59  60  61  62  63  64  65  66  67  68  69  70  71  72  73  74  75  76  77  78  79  80  81  82  83  84  85  86  87  88  89  90  91  92  93  94  95  96  97  98  99 100 101 102 103 104
       **  vec    106 107 108
        3  vec    109 110 111 112 113 114 115 116 117 118 119 120 121 122 123 124 125 126 127 128 129 130 131 132 133 134 135 136 137 138 139 140 141 142 143 144 145 146 147 148 149 150 151 152 153 154 155 156 157 158
       **  vec    160 161 162
        4  vec    163 164 165 166 167 168 169 170 171 172 173 174 175 176 177 178 179 180 181 182 183 184 185 186 187 188 189 190 191 192 193 194 195 196 197 198 199 200 201 202 203 204 205 206 207 208 209 210 211 212
       **  vec    214 215 216

    Defined correlation vectors    : 

       Correlation vector   1      : Site  1 -> site  2, neig =  0 -1 -1
       Correlation vector   2      : Site  1 -> site  3, neig =  0  0 -1
       Correlation vector   3      : Site  1 -> site  4, neig = -1 -1  0
       Correlation vector   4      : Site  1 -> site  3, neig = -1  0  0
       Correlation vector   5      : Site  1 -> site  4, neig = -1  0  0
       Correlation vector   6      : Site  1 -> site  2, neig =  0 -1  0
       Correlation vector   7      : Site  1 -> site  2, neig =  0  0  0
       Correlation vector   8      : Site  1 -> site  2, neig =  0  0 -1
       Correlation vector   9      : Site  1 -> site  4, neig =  0 -1  0
       Correlation vector  10      : Site  1 -> site  3, neig = -1  0 -1
       Correlation vector  11      : Site  1 -> site  4, neig =  0  0  0
       Correlation vector  12      : Site  1 -> site  3, neig =  0  0  0
       Correlation vector  13      : Site  1 -> site  1, neig =  0 -1  0
       Correlation vector  14      : Site  1 -> site  1, neig =  0  1  0
       Correlation vector  15      : Site  1 -> site  1, neig = -1  0  0
       Correlation vector  16      : Site  1 -> site  1, neig =  1  0  0
       Correlation vector  17      : Site  1 -> site  1, neig =  0  0  1
       Correlation vector  18      : Site  1 -> site  1, neig =  0  0 -1
       Correlation vector  19      : Site  1 -> site  3, neig =  0  1  0
       Correlation vector  20      : Site  1 -> site  2, neig =  1  0  0
       Correlation vector  21      : Site  1 -> site  2, neig =  1 -1 -1
       Correlation vector  22      : Site  1 -> site  4, neig =  0 -1 -1
       Correlation vector  23      : Site  1 -> site  3, neig = -1 -1 -1
       Correlation vector  24      : Site  1 -> site  3, neig =  0 -1 -1
       Correlation vector  25      : Site  1 -> site  4, neig = -1 -1  1
       Correlation vector  26      : Site  1 -> site  3, neig = -1  1 -1
       Correlation vector  27      : Site  1 -> site  4, neig = -1 -1 -1
       Correlation vector  28      : Site  1 -> site  3, neig =  0  1 -1
       Correlation vector  29      : Site  1 -> site  4, neig =  0 -1  1
       Correlation vector  30      : Site  1 -> site  2, neig = -1 -1 -1
       Correlation vector  31      : Site  1 -> site  2, neig = -1  0  0
       Correlation vector  32      : Site  1 -> site  2, neig = -1  0 -1
       Correlation vector  33      : Site  1 -> site  3, neig = -1  1  0
       Correlation vector  34      : Site  1 -> site  4, neig =  0  0 -1
       Correlation vector  35      : Site  1 -> site  2, neig =  1 -1  0
       Correlation vector  36      : Site  1 -> site  3, neig =  0 -1  0
       Correlation vector  37      : Site  1 -> site  3, neig = -1 -1  0
       Correlation vector  38      : Site  1 -> site  2, neig =  1  0 -1
       Correlation vector  39      : Site  1 -> site  4, neig =  0  0  1
       Correlation vector  40      : Site  1 -> site  4, neig = -1  0  1
       Correlation vector  41      : Site  1 -> site  2, neig = -1 -1  0
       Correlation vector  42      : Site  1 -> site  4, neig = -1  0 -1
       Correlation vector  43      : Site  1 -> site  1, neig =  0  1 -1
       Correlation vector  44      : Site  1 -> site  1, neig =  0  1  1
       Correlation vector  45      : Site  1 -> site  1, neig =  1  0 -1
       Correlation vector  46      : Site  1 -> site  1, neig =  1 -1  0
       Correlation vector  47      : Site  1 -> site  1, neig =  0 -1 -1
       Correlation vector  48      : Site  1 -> site  1, neig = -1 -1  0
       Correlation vector  49      : Site  1 -> site  1, neig =  0 -1  1
       Correlation vector  50      : Site  1 -> site  1, neig = -1  1  0
       Correlation vector  51      : Site  1 -> site  1, neig = -1  0  1
       Correlation vector  52      : Site  1 -> site  1, neig = -1  0 -1
       Correlation vector  53      : Site  1 -> site  1, neig =  1  0  1
       Correlation vector  54      : Site  1 -> site  1, neig =  1  1  0
       Correlation vector  55      : Site  2 -> site  1, neig =  0  0  0
       Correlation vector  56      : Site  2 -> site  3, neig = -1  1  0
       Correlation vector  57      : Site  2 -> site  1, neig =  0  0  1
       Correlation vector  58      : Site  2 -> site  3, neig =  0  0  0
       Correlation vector  59      : Site  2 -> site  4, neig =  0  0  1
       Correlation vector  60      : Site  2 -> site  4, neig = -1  0  0
       Correlation vector  61      : Site  2 -> site  3, neig = -1  0  0
       Correlation vector  62      : Site  2 -> site  4, neig = -1  0  1
       Correlation vector  63      : Site  2 -> site  1, neig =  0  1  1
       Correlation vector  64      : Site  2 -> site  4, neig =  0  0  0
       Correlation vector  65      : Site  2 -> site  1, neig =  0  1  0
       Correlation vector  66      : Site  2 -> site  3, neig =  0  1  0
       Correlation vector  67      : Site  2 -> site  2, neig =  0  1  0
       Correlation vector  68      : Site  2 -> site  2, neig =  0  0 -1
       Correlation vector  69      : Site  2 -> site  2, neig =  0  0  1
       Correlation vector  70      : Site  2 -> site  2, neig =  0 -1  0
       Correlation vector  71      : Site  2 -> site  2, neig = -1  0  0
       Correlation vector  72      : Site  2 -> site  2, neig =  1  0  0
       Correlation vector  73      : Site  2 -> site  1, neig = -1  1  0
       Correlation vector  74      : Site  2 -> site  4, neig = -1  1  0
       Correlation vector  75      : Site  2 -> site  1, neig =  1  1  0
       Correlation vector  76      : Site  2 -> site  3, neig = -1  1 -1
       Correlation vector  77      : Site  2 -> site  4, neig = -1 -1  0
       Correlation vector  78      : Site  2 -> site  3, neig =  0  0 -1
       Correlation vector  79      : Site  2 -> site  1, neig =  1  0  0
       Correlation vector  80      : Site  2 -> site  3, neig =  0  1 -1
       Correlation vector  81      : Site  2 -> site  1, neig = -1  0  0
       Correlation vector  82      : Site  2 -> site  4, neig =  0 -1  0
       Correlation vector  83      : Site  2 -> site  4, neig =  0  1  0
       Correlation vector  84      : Site  2 -> site  3, neig = -1  0 -1
       Correlation vector  85      : Site  2 -> site  1, neig = -1  1  1
       Correlation vector  86      : Site  2 -> site  4, neig =  0 -1  1
       Correlation vector  87      : Site  2 -> site  3, neig = -1  0  1
       Correlation vector  88      : Site  2 -> site  3, neig = -1  1  1
       Correlation vector  89      : Site  2 -> site  4, neig = -1  1  1
       Correlation vector  90      : Site  2 -> site  1, neig = -1  0  1
       Correlation vector  91      : Site  2 -> site  3, neig =  0  1  1
       Correlation vector  92      : Site  2 -> site  1, neig =  1  0  1
       Correlation vector  93      : Site  2 -> site  1, neig =  1  1  1
       Correlation vector  94      : Site  2 -> site  3, neig =  0  0  1
       Correlation vector  95      : Site  2 -> site  4, neig = -1 -1  1
       Correlation vector  96      : Site  2 -> site  4, neig =  0  1  1
       Correlation vector  97      : Site  2 -> site  2, neig =  1  0 -1
       Correlation vector  98      : Site  2 -> site  2, neig =  1  0  1
       Correlation vector  99      : Site  2 -> site  2, neig = -1 -1  0
       Correlation vector 100      : Site  2 -> site  2, neig =  1 -1  0
       Correlation vector 101      : Site  2 -> site  2, neig =  0 -1 -1
       Correlation vector 102      : Site  2 -> site  2, neig =  0  1  1
       Correlation vector 103      : Site  2 -> site  2, neig =  0  1 -1
       Correlation vector 104      : Site  2 -> site  2, neig = -1  0 -1
       Correlation vector 105      : Site  2 -> site  2, neig = -1  0  1
       Correlation vector 106      : Site  2 -> site  2, neig =  0 -1  1
       Correlation vector 107      : Site  2 -> site  2, neig = -1  1  0
       Correlation vector 108      : Site  2 -> site  2, neig =  1  1  0
       Correlation vector 109      : Site  3 -> site  2, neig =  1  0  0
       Correlation vector 110      : Site  3 -> site  1, neig =  1  0  1
       Correlation vector 111      : Site  3 -> site  1, neig =  0  0  0
       Correlation vector 112      : Site  3 -> site  2, neig =  0  0  0
       Correlation vector 113      : Site  3 -> site  4, neig =  0  0  0
       Correlation vector 114      : Site  3 -> site  1, neig =  1  0  0
       Correlation vector 115      : Site  3 -> site  2, neig =  1 -1  0
       Correlation vector 116      : Site  3 -> site  4, neig =  0  0  1
       Correlation vector 117      : Site  3 -> site  2, neig =  0 -1  0
       Correlation vector 118      : Site  3 -> site  4, neig =  0 -1  1
       Correlation vector 119      : Site  3 -> site  1, neig =  0  0  1
       Correlation vector 120      : Site  3 -> site  4, neig =  0 -1  0
       Correlation vector 121      : Site  3 -> site  3, neig =  0  0 -1
       Correlation vector 122      : Site  3 -> site  3, neig =  0  0  1
       Correlation vector 123      : Site  3 -> site  3, neig =  0 -1  0
       Correlation vector 124      : Site  3 -> site  3, neig = -1  0  0
       Correlation vector 125      : Site  3 -> site  3, neig =  0  1  0
       Correlation vector 126      : Site  3 -> site  3, neig =  1  0  0
       Correlation vector 127      : Site  3 -> site  2, neig =  1 -1  1
       Correlation vector 128      : Site  3 -> site  1, neig =  1  1  0
       Correlation vector 129      : Site  3 -> site  1, neig =  1 -1  1
       Correlation vector 130      : Site  3 -> site  4, neig =  1 -1  1
       Correlation vector 131      : Site  3 -> site  2, neig =  0 -1 -1
       Correlation vector 132      : Site  3 -> site  2, neig =  1 -1 -1
       Correlation vector 133      : Site  3 -> site  1, neig =  1 -1  0
       Correlation vector 134      : Site  3 -> site  4, neig =  1  0  0
       Correlation vector 135      : Site  3 -> site  4, neig =  1 -1  0
       Correlation vector 136      : Site  3 -> site  4, neig = -1  0  0
       Correlation vector 137      : Site  3 -> site  2, neig =  0 -1  1
       Correlation vector 138      : Site  3 -> site  1, neig =  0 -1  1
       Correlation vector 139      : Site  3 -> site  4, neig = -1 -1  1
       Correlation vector 140      : Site  3 -> site  2, neig =  0  0 -1
       Correlation vector 141      : Site  3 -> site  1, neig =  0  1  0
       Correlation vector 142      : Site  3 -> site  2, neig =  1  0 -1
       Correlation vector 143      : Site  3 -> site  4, neig = -1  0  1
       Correlation vector 144      : Site  3 -> site  2, neig =  1  0  1
       Correlation vector 145      : Site  3 -> site  1, neig =  0 -1  0
       Correlation vector 146      : Site  3 -> site  1, neig =  1  1  1
       Correlation vector 147      : Site  3 -> site  4, neig = -1 -1  0
       Correlation vector 148      : Site  3 -> site  2, neig =  0  0  1
       Correlation vector 149      : Site  3 -> site  1, neig =  0  1  1
       Correlation vector 150      : Site  3 -> site  4, neig =  1  0  1
       Correlation vector 151      : Site  3 -> site  3, neig =  0 -1 -1
       Correlation vector 152      : Site  3 -> site  3, neig = -1 -1  0
       Correlation vector 153      : Site  3 -> site  3, neig = -1  1  0
       Correlation vector 154      : Site  3 -> site  3, neig =  0  1 -1
       Correlation vector 155      : Site  3 -> site  3, neig =  1  1  0
       Correlation vector 156      : Site  3 -> site  3, neig = -1  0 -1
       Correlation vector 157      : Site  3 -> site  3, neig =  0 -1  1
       Correlation vector 158      : Site  3 -> site  3, neig =  1  0 -1
       Correlation vector 159      : Site  3 -> site  3, neig =  1 -1  0
       Correlation vector 160      : Site  3 -> site  3, neig =  1  0  1
       Correlation vector 161      : Site  3 -> site  3, neig =  0  1  1
       Correlation vector 162      : Site  3 -> site  3, neig = -1  0  1
       Correlation vector 163      : Site  4 -> site  1, neig =  0  1  0
       Correlation vector 164      : Site  4 -> site  2, neig =  1  0  0
       Correlation vector 165      : Site  4 -> site  3, neig =  0  1  0
       Correlation vector 166      : Site  4 -> site  3, neig =  0  1 -1
       Correlation vector 167      : Site  4 -> site  1, neig =  0  0  0
       Correlation vector 168      : Site  4 -> site  3, neig =  0  0  0
       Correlation vector 169      : Site  4 -> site  1, neig =  1  0  0
       Correlation vector 170      : Site  4 -> site  1, neig =  1  1  0
       Correlation vector 171      : Site  4 -> site  2, neig =  0  0  0
       Correlation vector 172      : Site  4 -> site  2, neig =  1  0 -1
       Correlation vector 173      : Site  4 -> site  2, neig =  0  0 -1
       Correlation vector 174      : Site  4 -> site  3, neig =  0  0 -1
       Correlation vector 175      : Site  4 -> site  4, neig = -1  0  0
       Correlation vector 176      : Site  4 -> site  4, neig =  0  0  1
       Correlation vector 177      : Site  4 -> site  4, neig =  0  1  0
       Correlation vector 178      : Site  4 -> site  4, neig =  0  0 -1
       Correlation vector 179      : Site  4 -> site  4, neig =  0 -1  0
       Correlation vector 180      : Site  4 -> site  4, neig =  1  0  0
       Correlation vector 181      : Site  4 -> site  1, neig =  0  0 -1
       Correlation vector 182      : Site  4 -> site  3, neig = -1  0 -1
       Correlation vector 183      : Site  4 -> site  2, neig =  1 -1 -1
       Correlation vector 184      : Site  4 -> site  1, neig =  1  1  1
       Correlation vector 185      : Site  4 -> site  2, neig =  1 -1  0
       Correlation vector 186      : Site  4 -> site  3, neig =  1  0 -1
       Correlation vector 187      : Site  4 -> site  1, neig =  1  0 -1
       Correlation vector 188      : Site  4 -> site  1, neig =  1  1 -1
       Correlation vector 189      : Site  4 -> site  1, neig =  0  1 -1
       Correlation vector 190      : Site  4 -> site  2, neig =  0  1 -1
       Correlation vector 191      : Site  4 -> site  2, neig =  0 -1  0
       Correlation vector 192      : Site  4 -> site  3, neig = -1  1 -1
       Correlation vector 193      : Site  4 -> site  3, neig = -1  0  0
       Correlation vector 194      : Site  4 -> site  3, neig =  1  1 -1
       Correlation vector 195      : Site  4 -> site  2, neig =  1  1 -1
       Correlation vector 196      : Site  4 -> site  2, neig =  0 -1 -1
       Correlation vector 197      : Site  4 -> site  3, neig =  1  0  0
       Correlation vector 198      : Site  4 -> site  2, neig =  1  1  0
       Correlation vector 199      : Site  4 -> site  3, neig =  1  1  0
       Correlation vector 200      : Site  4 -> site  3, neig = -1  1  0
       Correlation vector 201      : Site  4 -> site  1, neig =  0  1  1
       Correlation vector 202      : Site  4 -> site  2, neig =  0  1  0
       Correlation vector 203      : Site  4 -> site  1, neig =  1  0  1
       Correlation vector 204      : Site  4 -> site  1, neig =  0  0  1
       Correlation vector 205      : Site  4 -> site  4, neig = -1  0 -1
       Correlation vector 206      : Site  4 -> site  4, neig =  0 -1 -1
       Correlation vector 207      : Site  4 -> site  4, neig =  1  1  0
       Correlation vector 208      : Site  4 -> site  4, neig = -1  0  1
       Correlation vector 209      : Site  4 -> site  4, neig =  1  0  1
       Correlation vector 210      : Site  4 -> site  4, neig =  1  0 -1
       Correlation vector 211      : Site  4 -> site  4, neig =  0 -1  1
       Correlation vector 212      : Site  4 -> site  4, neig =  0  1 -1
       Correlation vector 213      : Site  4 -> site  4, neig =  1 -1  0
       Correlation vector 214      : Site  4 -> site  4, neig = -1 -1  0
       Correlation vector 215      : Site  4 -> site  4, neig =  0  1  1
       Correlation vector 216      : Site  4 -> site  4, neig = -1  1  0

    Defined correlation angles     : 

       ** none defined **

    Defined correlation environments: 

       ** none defined **

    Defined correlation ranges: 

       ** none defined **

    Defined displacement direc.    : 

       Displacement corr. #  1     : all directions
       Displacement corr. #  2     : all directions
       Displacement corr. #  3     : all directions
       Displacement corr. #  4     : all directions

    Defined correlation connectiv. : 

       ** none defined **

 Desired distance for LENNARD : 

            Pairs          neigh. #   distance/A       depth/B       m       n
     PD(1)    - PD(1)          1       2.819          6.1500000    
                                   1548873.8         6172.7056     12.000    6.000
     PD(1)    - AU(2)          1       2.885          5.7200000    
                                   1901716.8         6596.3081     12.000    6.000
     AU(2)    - AU(2)          1       2.951          5.2900000    
                                   2307205.0         6987.1638     12.000    6.000
     PD(1)    - PD(1)          2       2.819          6.1500000    
                                   1548873.8         6172.7056     12.000    6.000
     PD(1)    - AU(2)          2       2.885          5.7200000    
                                   1901716.8         6596.3081     12.000    6.000
     AU(2)    - AU(2)          2       2.951          5.2900000    
                                   2307205.0         6987.1638     12.000    6.000
     PD(1)    - PD(1)          3       2.819          6.1500000    
                                   1548873.8         6172.7056     12.000    6.000
     PD(1)    - AU(2)          3       2.885          5.7200000    
                                   1901716.8         6596.3081     12.000    6.000
     AU(2)    - AU(2)          3       2.951          5.2900000    
                                   2307205.0         6987.1638     12.000    6.000
     PD(1)    - PD(1)          4       2.819          6.1500000    
                                   1548873.8         6172.7056     12.000    6.000
     PD(1)    - AU(2)          4       2.885          5.7200000    
                                   1901716.8         6596.3081     12.000    6.000
     AU(2)    - AU(2)          4       2.951          5.2900000    
                                   2307205.0         6987.1638     12.000    6.000

 Sigmas for MC shifts (l.u.)    : 
                 Atom VOID(0)   :   0.00000   0.00000   0.00000
                 Atom PD(1)     :   0.02500   0.02500   0.02500
                 Atom AU(2)     :   0.02500   0.02500   0.02500

 Gen:    5488000 try:   10976000 acc: (g/n/b):   661302 /       65 /   515511  MC moves 0.0000
                                             Correlations/
 Neig.- Energy-       Atoms           Target  Distance/    Sigma     Diff      Diff/     Number
 Def.   Type    central  Neighbors             Angle                           Target  of pairs
   1   Lennard   PD      PD            2.819     4.381     1.079    -1.562    -0.554      29664
   1   Lennard   PD      AU            2.885     4.791     0.916    -1.906    -0.661       8880
   1   Lennard   AU      AU            2.951     4.576     1.058    -1.625    -0.551      42240
   2   Lennard   PD      PD            2.819     4.372     1.077    -1.553    -0.551      29352
   2   Lennard   PD      AU            2.885     4.773     0.921    -1.888    -0.654       9200
   2   Lennard   AU      AU            2.951     4.591     1.056    -1.640    -0.556      44288
   3   Lennard   PD      PD            2.819     4.371     1.077    -1.552    -0.551      29352
   3   Lennard   PD      AU            2.885     4.777     0.922    -1.892    -0.656       9200
   3   Lennard   AU      AU            2.951     4.590     1.056    -1.639    -0.556      44288
   4   Lennard   PD      PD            2.819     4.373     1.077    -1.554    -0.551      29352
   4   Lennard   PD      AU            2.885     4.776     0.923    -1.891    -0.655       9200
   4   Lennard   AU      AU            2.951     4.591     1.056    -1.640    -0.556      44288

 --- Final multiple energy configuration ---

 Gen:    5488000 try:    5488000 acc: (g/n/b):   661302 /       65 /   515511  MC moves 
                                             Correlations/
 Neig.- Energy-       Atoms           Target  Distance/    Sigma     Diff      Diff/     Number
 Def.   Type    central  Neighbors             Angle                           Target  of pairs
   1   Lennard   PD      PD            2.819     4.381     1.079    -1.562    -0.554      29664
   1   Lennard   PD      AU            2.885     4.791     0.916    -1.906    -0.661       8880
   1   Lennard   AU      AU            2.951     4.576     1.058    -1.625    -0.551      42240
   2   Lennard   PD      PD            2.819     4.372     1.077    -1.553    -0.551      29352
   2   Lennard   PD      AU            2.885     4.773     0.921    -1.888    -0.654       9200
   2   Lennard   AU      AU            2.951     4.591     1.056    -1.640    -0.556      44288
   3   Lennard   PD      PD            2.819     4.371     1.077    -1.552    -0.551      29352
   3   Lennard   PD      AU            2.885     4.777     0.922    -1.892    -0.656       9200
   3   Lennard   AU      AU            2.951     4.590     1.056    -1.639    -0.556      44288
   4   Lennard   PD      PD            2.819     4.373     1.077    -1.554    -0.551      29352
   4   Lennard   PD      AU            2.885     4.776     0.923    -1.891    -0.655       9200
   4   Lennard   AU      AU            2.951     4.591     1.056    -1.640    -0.556      44288

 Maximum Cycles reached 
 Largest          difference ************ ?       0.0000
 Largest relative difference ************ ?       0.0000
 Stagnant: average changes   ************ ?       0.0000
 Stagnant: largest changes   ************ ?       0.0000

 --- Average energy changes ---

 Energy type              number                 number  number
                             E < 0      <E>           E = 0     E > 0     <E>
Occupation correlation           0       0.000000         0         0       0.000000
Displacement correlation         0       0.000000         0         0       0.000000
Displacement energy              0       0.000000         0         0       0.000000
Angular energy                   0       0.000000         0         0       0.000000
Vector energy                    0       0.000000         0         0       0.000000
Bond length energy               0       0.000000         0         0       0.000000
Lennard Jones Potential     661312      -0.510419        65    515513       0.642805
Buckingham Potential             0       0.000000         0         0       0.000000
Repulsive     Potential          0       0.000000         0         0       0.000000
Coordination Number              0       0.000000         0         0       0.000000
Unidirectional Corr              0       0.000000         0         0       0.000000
Groupwise correlation            0       0.000000         0         0       0.000000

 Elapsed time :    0 h 33 min 40 sec 
 Time/cycle   :     0.000 sec


 Gen:    5488000 try:   10976000 acc: (g/n/b):   667151 /       60 /   516812  MC moves 0.0000
                                             Correlations/
 Neig.- Energy-       Atoms           Target  Distance/    Sigma     Diff      Diff/     Number
 Def.   Type    central  Neighbors             Angle                           Target  of pairs
   1   Lennard   PD      PD            2.819     4.375     1.077    -1.556    -0.552      29664
   1   Lennard   PD      AU            2.885     4.798     0.917    -1.913    -0.663       8880
   1   Lennard   AU      AU            2.951     4.571     1.055    -1.620    -0.549      42240
   2   Lennard   PD      PD            2.819     4.371     1.076    -1.552    -0.551      29352
   2   Lennard   PD      AU            2.885     4.776     0.922    -1.891    -0.655       9200
   2   Lennard   AU      AU            2.951     4.586     1.054    -1.635    -0.554      44288
   3   Lennard   PD      PD            2.819     4.371     1.076    -1.552    -0.551      29352
   3   Lennard   PD      AU            2.885     4.774     0.922    -1.889    -0.655       9200
   3   Lennard   AU      AU            2.951     4.587     1.054    -1.636    -0.554      44288
   4   Lennard   PD      PD            2.819     4.371     1.077    -1.552    -0.551      29352
   4   Lennard   PD      AU            2.885     4.773     0.922    -1.888    -0.654       9200
   4   Lennard   AU      AU            2.951     4.587     1.055    -1.636    -0.554      44288

 --- Final multiple energy configuration ---

 Gen:    5488000 try:    5488000 acc: (g/n/b):   667151 /       60 /   516812  MC moves 
                                             Correlations/
 Neig.- Energy-       Atoms           Target  Distance/    Sigma     Diff      Diff/     Number
 Def.   Type    central  Neighbors             Angle                           Target  of pairs
   1   Lennard   PD      PD            2.819     4.375     1.077    -1.556    -0.552      29664
   1   Lennard   PD      AU            2.885     4.798     0.917    -1.913    -0.663       8880
   1   Lennard   AU      AU            2.951     4.571     1.055    -1.620    -0.549      42240
   2   Lennard   PD      PD            2.819     4.371     1.076    -1.552    -0.551      29352
   2   Lennard   PD      AU            2.885     4.776     0.922    -1.891    -0.655       9200
   2   Lennard   AU      AU            2.951     4.586     1.054    -1.635    -0.554      44288
   3   Lennard   PD      PD            2.819     4.371     1.076    -1.552    -0.551      29352
   3   Lennard   PD      AU            2.885     4.774     0.922    -1.889    -0.655       9200
   3   Lennard   AU      AU            2.951     4.587     1.054    -1.636    -0.554      44288
   4   Lennard   PD      PD            2.819     4.371     1.077    -1.552    -0.551      29352
   4   Lennard   PD      AU            2.885     4.773     0.922    -1.888    -0.654       9200
   4   Lennard   AU      AU            2.951     4.587     1.055    -1.636    -0.554      44288

 Maximum Cycles reached 
 Largest          difference ************ ?       0.0000
 Largest relative difference ************ ?       0.0000
 Stagnant: average changes   ************ ?       0.0000
 Stagnant: largest changes   ************ ?       0.0000

 --- Average energy changes ---

 Energy type              number                 number  number
                             E < 0      <E>           E = 0     E > 0     <E>
Occupation correlation           0       0.000000         0         0       0.000000
Displacement correlation         0       0.000000         0         0       0.000000
Displacement energy              0       0.000000         0         0       0.000000
Angular energy                   0       0.000000         0         0       0.000000
Vector energy                    0       0.000000         0         0       0.000000
Bond length energy               0       0.000000         0         0       0.000000
Lennard Jones Potential     667161      -0.510552        60    516812       0.642552
Buckingham Potential             0       0.000000         0         0       0.000000
Repulsive     Potential          0       0.000000         0         0       0.000000
Coordination Number              0       0.000000         0         0       0.000000
Unidirectional Corr              0       0.000000         0         0       0.000000
Groupwise correlation            0       0.000000         0         0       0.000000

 Elapsed time :    0 h 33 min 44 sec 
 Time/cycle   :     0.000 sec


 Gen:    5488000 try:   10976000 acc: (g/n/b):   668346 /       75 /   518716  MC moves 0.0000
                                             Correlations/
 Neig.- Energy-       Atoms           Target  Distance/    Sigma     Diff      Diff/     Number
 Def.   Type    central  Neighbors             Angle                           Target  of pairs
   1   Lennard   PD      PD            2.819     4.380     1.078    -1.561    -0.554      29664
   1   Lennard   PD      AU            2.885     4.792     0.916    -1.907    -0.661       8880
   1   Lennard   AU      AU            2.951     4.577     1.058    -1.626    -0.551      42240
   2   Lennard   PD      PD            2.819     4.376     1.078    -1.557    -0.552      29352
   2   Lennard   PD      AU            2.885     4.773     0.923    -1.888    -0.654       9200
   2   Lennard   AU      AU            2.951     4.592     1.056    -1.641    -0.556      44288
   3   Lennard   PD      PD            2.819     4.374     1.077    -1.555    -0.551      29352
   3   Lennard   PD      AU            2.885     4.770     0.921    -1.885    -0.653       9200
   3   Lennard   AU      AU            2.951     4.592     1.056    -1.641    -0.556      44288
   4   Lennard   PD      PD            2.819     4.373     1.077    -1.554    -0.551      29352
   4   Lennard   PD      AU            2.885     4.775     0.922    -1.890    -0.655       9200
   4   Lennard   AU      AU            2.951     4.592     1.056    -1.641    -0.556      44288

 --- Final multiple energy configuration ---

 Gen:    5488000 try:    5488000 acc: (g/n/b):   668346 /       75 /   518716  MC moves 
                                             Correlations/
 Neig.- Energy-       Atoms           Target  Distance/    Sigma     Diff      Diff/     Number
 Def.   Type    central  Neighbors             Angle                           Target  of pairs
   1   Lennard   PD      PD            2.819     4.380     1.078    -1.561    -0.554      29664
   1   Lennard   PD      AU            2.885     4.792     0.916    -1.907    -0.661       8880
   1   Lennard   AU      AU            2.951     4.577     1.058    -1.626    -0.551      42240
   2   Lennard   PD      PD            2.819     4.376     1.078    -1.557    -0.552      29352
   2   Lennard   PD      AU            2.885     4.773     0.923    -1.888    -0.654       9200
   2   Lennard   AU      AU            2.951     4.592     1.056    -1.641    -0.556      44288
   3   Lennard   PD      PD            2.819     4.374     1.077    -1.555    -0.551      29352
   3   Lennard   PD      AU            2.885     4.770     0.921    -1.885    -0.653       9200
   3   Lennard   AU      AU            2.951     4.592     1.056    -1.641    -0.556      44288
   4   Lennard   PD      PD            2.819     4.373     1.077    -1.554    -0.551      29352
   4   Lennard   PD      AU            2.885     4.775     0.922    -1.890    -0.655       9200
   4   Lennard   AU      AU            2.951     4.592     1.056    -1.641    -0.556      44288

 Maximum Cycles reached 
 Largest          difference ************ ?       0.0000
 Largest relative difference ************ ?       0.0000
 Stagnant: average changes   ************ ?       0.0000
 Stagnant: largest changes   ************ ?       0.0000

 --- Average energy changes ---

 Energy type              number                 number  number
                             E < 0      <E>           E = 0     E > 0     <E>
Occupation correlation           0       0.000000         0         0       0.000000
Displacement correlation         0       0.000000         0         0       0.000000
Displacement energy              0       0.000000         0         0       0.000000
Angular energy                   0       0.000000         0         0       0.000000
Vector energy                    0       0.000000         0         0       0.000000
Bond length energy               0       0.000000         0         0       0.000000
Lennard Jones Potential     668356      -0.510654        75    518716       0.641569
Buckingham Potential             0       0.000000         0         0       0.000000
Repulsive     Potential          0       0.000000         0         0       0.000000
Coordination Number              0       0.000000         0         0       0.000000
Unidirectional Corr              0       0.000000         0         0       0.000000
Groupwise correlation            0       0.000000         0         0       0.000000

 Elapsed time :    0 h 33 min 46 sec 
 Time/cycle   :     0.000 sec


 Gen:    5488000 try:   10976000 acc: (g/n/b):   667558 /       62 /   519520  MC moves 0.0000
                                             Correlations/
 Neig.- Energy-       Atoms           Target  Distance/    Sigma     Diff      Diff/     Number
 Def.   Type    central  Neighbors             Angle                           Target  of pairs
   1   Lennard   PD      PD            2.819     4.380     1.078    -1.561    -0.554      29664
   1   Lennard   PD      AU            2.885     4.793     0.916    -1.908    -0.661       8880
   1   Lennard   AU      AU            2.951     4.575     1.057    -1.624    -0.550      42240
   2   Lennard   PD      PD            2.819     4.375     1.077    -1.556    -0.552      29352
   2   Lennard   PD      AU            2.885     4.770     0.921    -1.885    -0.653       9200
   2   Lennard   AU      AU            2.951     4.590     1.056    -1.639    -0.555      44288
   3   Lennard   PD      PD            2.819     4.375     1.077    -1.556    -0.552      29352
   3   Lennard   PD      AU            2.885     4.774     0.921    -1.889    -0.655       9200
   3   Lennard   AU      AU            2.951     4.590     1.056    -1.639    -0.556      44288
   4   Lennard   PD      PD            2.819     4.374     1.077    -1.555    -0.552      29352
   4   Lennard   PD      AU            2.885     4.773     0.922    -1.888    -0.654       9200
   4   Lennard   AU      AU            2.951     4.589     1.056    -1.638    -0.555      44288

 --- Final multiple energy configuration ---

 Gen:    5488000 try:    5488000 acc: (g/n/b):   667558 /       62 /   519520  MC moves 
                                             Correlations/
 Neig.- Energy-       Atoms           Target  Distance/    Sigma     Diff      Diff/     Number
 Def.   Type    central  Neighbors             Angle                           Target  of pairs
   1   Lennard   PD      PD            2.819     4.380     1.078    -1.561    -0.554      29664
   1   Lennard   PD      AU            2.885     4.793     0.916    -1.908    -0.661       8880
   1   Lennard   AU      AU            2.951     4.575     1.057    -1.624    -0.550      42240
   2   Lennard   PD      PD            2.819     4.375     1.077    -1.556    -0.552      29352
   2   Lennard   PD      AU            2.885     4.770     0.921    -1.885    -0.653       9200
   2   Lennard   AU      AU            2.951     4.590     1.056    -1.639    -0.555      44288
   3   Lennard   PD      PD            2.819     4.375     1.077    -1.556    -0.552      29352
   3   Lennard   PD      AU            2.885     4.774     0.921    -1.889    -0.655       9200
   3   Lennard   AU      AU            2.951     4.590     1.056    -1.639    -0.556      44288
   4   Lennard   PD      PD            2.819     4.374     1.077    -1.555    -0.552      29352
   4   Lennard   PD      AU            2.885     4.773     0.922    -1.888    -0.654       9200
   4   Lennard   AU      AU            2.951     4.589     1.056    -1.638    -0.555      44288

 Maximum Cycles reached 
 Largest          difference ************ ?       0.0000
 Largest relative difference ************ ?       0.0000
 Stagnant: average changes   ************ ?       0.0000
 Stagnant: largest changes   ************ ?       0.0000

 --- Average energy changes ---

 Energy type              number                 number  number
                             E < 0      <E>           E = 0     E > 0     <E>
Occupation correlation           0       0.000000         0         0       0.000000
Displacement correlation         0       0.000000         0         0       0.000000
Displacement energy              0       0.000000         0         0       0.000000
Angular energy                   0       0.000000         0         0       0.000000
Vector energy                    0       0.000000         0         0       0.000000
Bond length energy               0       0.000000         0         0       0.000000
Lennard Jones Potential     667562      -0.511084        62    519525       0.641572
Buckingham Potential             0       0.000000         0         0       0.000000
Repulsive     Potential          0       0.000000         0         0       0.000000
Coordination Number              0       0.000000         0         0       0.000000
Unidirectional Corr              0       0.000000         0         0       0.000000
Groupwise correlation            0       0.000000         0         0       0.000000

 Elapsed time :    0 h 33 min 40 sec 
 Time/cycle   :     0.000 sec

 Fm-3m             225
 Lattice constants :
    a          b          c         alpha      beta       gamma      volume
    4.07890    4.07890    4.07890   90.00000   90.00000   90.00000    67.8624    

 Metric Tensor     :
      16.63743      0.00000      0.00000
       0.00000     16.63743      0.00000
       0.00000      0.00000     16.63743

 Reciprocal Lattice constants :
    a*         b*         c*        alpha*     beta*      gamma*     volume
    0.24516    0.24516    0.24516   90.00000   90.00000   90.00000   0.147357E-01

 Reciprocal metric tensor     : 
       0.06011     -0.00000     -0.00000
      -0.00000      0.06011     -0.00000
      -0.00000     -0.00000      0.06011

    Neighbour determination mode   : quick = F
    Periodic boundaries (x,y,z)    : F F F
    Current operation mode         : atoms
    Sample volume for homo-check   : complete crystal
    Allowed bond length range      :  1.500 A to  7.500 A
    # points for histogramms       :    601

    Neighbour definitions          : 

        #  Mode  Neighbour (or vec.)  fsig  wsig   rmin[A] rmax[A] ang sym
       -------------------------------------------------------------------

    Defined correlation vectors    : 

       ** none defined **

    Defined correlation angles     : 

       ** none defined **

    Defined correlation environments: 

       ** none defined **

    Defined correlation ranges: 

       ** none defined **

    Defined displacement direc.    : 

       ** none defined **

    Defined correlation connectiv. : 

       ** none defined **
 Size of the crystal (unit cells) :    1 x    1 x    1
 Total number of atoms            :      3925
 Number of atoms per unit cell    :      3925
 Number of different atoms        :         2

    Element : VOID(0)   rel. abundance : 0.000  (        0 atoms)
    Element : PD(1)     rel. abundance : 0.501  (     1965 atoms)
    Element : AU(2)     rel. abundance : 0.499  (     1960 atoms)
 Computing powder sine lookup table ...
 Computing sin(theta)/lambda table ...
  Starting histogram

 Elapsed time H  :   2.88759     sec
  Starting convolution

 Elapsed time    :   16325.8     sec
 Resetting - all parameters ..
 Reading file Au50Pd50_Profiles/Dt0_unrelaxed.xrd ..
 Column assignement (x y dx dy):     1    2    0    0
 Data set no.:   1

   Filename : Au50Pd50_Profiles/Dt0_unrelaxed.xrd
   Size     :   8692 points

   Range  x :    30.00     to    120.0    
   Range  y :   -40.54     to   0.1736E+05

 Reading file MC_Dt0/500.xrd ..
 Column assignement (x y dx dy):     1    2    0    0
 Data set no.:   2

   Filename : MC_Dt0/500.xrd
   Size     :   8692 points

   Range  x :    30.00     to    120.0    
   Range  y :   0.1476E-09 to   0.1639E+05

 Data set no.:   1

   Filename : Au50Pd50_Profiles/Dt0_unrelaxed.xrd
   Size     :   8692 points

   Range  x :    30.00     to    120.0    
   Range  y :  -0.2336E-01 to    10.00    

 Data set no.:   2

   Filename : MC_Dt0/500.xrd
   Size     :   8692 points

   Range  x :    30.00     to    120.0    
   Range  y :   0.8500E-13 to    9.443    

 ------ > Saving window   1 to file : MC_Dt0/500XRD.pdf ..
 Setting PDF calculation to no periodic bound., 3D, exact mode ..
 Setting up PDF segment ...
 Extending PDF search distance to  51.1429 A ...
 Calculating PDF (exact mode) ...
    20.00 % done  ...
    40.00 % done  ...
    60.00 % done  ...
    80.00 % done  ...
   100.00 % done  ...

 Elapsed time    :  0.410070     sec
 Required time        :     4.68 s

 Total sum of weights :    157585.2192    
 Saving PDF to file : MC_Dt0/500.apd ...
 Resetting - all parameters ..
 Reading file Au50Pd50_Profiles/Dt0_unrelaxed.apd ..
 Column assignement (x y dx dy):     1    2    3    4
 Data set no.:   1

   Filename : Au50Pd50_Profiles/Dt0_unrelaxed.apd
   Size     :   5000 points

   Range  x :   0.1000E-01 to    50.00    
   Range  y :   -12.26     to    44.29    

 Reading file MC_Dt0/500.apd ..
 Column assignement (x y dx dy):     1    2    3    4
 Data set no.:   2

   Filename : MC_Dt0/500.apd
   Size     :   5000 points

   Range  x :   0.1000E-01 to    50.00    
   Range  y :   -3.760     to    15.49    

 Data set no.:   1

   Filename : Au50Pd50_Profiles/Dt0_unrelaxed.apd
   Size     :   5000 points

   Range  x :   0.1000E-01 to    50.00    
   Range  y :   -2.767     to    10.00    

 Data set no.:   2

   Filename : MC_Dt0/500.apd
   Size     :   5000 points

   Range  x :   0.1000E-01 to    50.00    
   Range  y :  -0.8491     to    3.497    

 ------ > Saving window   1 to file : MC_Dt0/500PDF.pdf ..
 Calculating bond-length distibution
    Allowed range :   1.00 A to  15.00  A / File : MC_Dt0/500_A ( 801 pts)

    AU(2)    - AU(2)    : d = 10.750 +-  3.046 A (Min =  0.000, Max = 15.000)
                                                 (Pairs =             936116)
                                                 (Total =             936116)
 Calculating bond-length distibution
    Allowed range :   1.00 A to  15.00  A / File : MC_Dt0/500_A ( 801 pts)

    AU(2)    - PD(1)    : d = 11.456 +-  2.723 A (Min =  0.000, Max = 15.000)
                                                 (Pairs =             414085)
                                                 (Total =             414085)
 Calculating bond-length distibution
    Allowed range :   1.00 A to  15.00  A / File : MC_Dt0/500_P ( 801 pts)

    PD(1)    - PD(1)    : d = 10.222 +-  3.358 A (Min =  0.000, Max = 15.000)
                                                 (Pairs =             415280)
                                                 (Total =             415280)
 Resetting ..
 Reading file Au50Pd50_Profiles/Dt0_unrelaxed_AuAu.bld ..
 Column assignement (x y dx dy):     1    2    0    0
 Data set no.:   1

   Filename : Au50Pd50_Profiles/Dt0_unrelaxed_AuAu.bld
   Size     :    801 points

   Range  x :    1.000     to    14.98    
   Range  y :    0.000     to   0.8722E+05

 Reading file MC_Dt0/500_AuAu.bld ..
 Column assignement (x y dx dy):     1    2    0    0
 Data set no.:   2

   Filename : MC_Dt0/500_AuAu.bld
   Size     :    801 points

   Range  x :    1.000     to    14.98    
   Range  y :    0.000     to    5420.    

 Reading file Au50Pd50_Profiles/Dt0_unrelaxed_AuPd.bld ..
 Column assignement (x y dx dy):     1    2    0    0
 Data set no.:   3

   Filename : Au50Pd50_Profiles/Dt0_unrelaxed_AuPd.bld
   Size     :    801 points

   Range  x :    1.000     to    14.98    
   Range  y :    0.000     to   0.4690E+05

 Reading file MC_Dt0/500_AuPd.bld ..
 Column assignement (x y dx dy):     1    2    0    0
 Data set no.:   4

   Filename : MC_Dt0/500_AuPd.bld
   Size     :    801 points

   Range  x :    1.000     to    14.98    
   Range  y :    0.000     to    2468.    

 Reading file Au50Pd50_Profiles/Dt0_unrelaxed_PdPd.bld ..
 Column assignement (x y dx dy):     1    2    0    0
 Data set no.:   5

   Filename : Au50Pd50_Profiles/Dt0_unrelaxed_PdPd.bld
   Size     :    801 points

   Range  x :    1.000     to    14.98    
   Range  y :    0.000     to   0.3533E+05

 Reading file MC_Dt0/500_PdPd.bld ..
 Column assignement (x y dx dy):     1    2    0    0
 Data set no.:   6

   Filename : MC_Dt0/500_PdPd.bld
   Size     :    801 points

   Range  x :    1.000     to    14.98    
   Range  y :    0.000     to    1828.    

 Data set no.:   1

   Filename : Au50Pd50_Profiles/Dt0_unrelaxed_AuAu.bld
   Size     :    801 points

   Range  x :    1.000     to    14.98    
   Range  y :    0.000     to    10.00    

 Data set no.:   2

   Filename : MC_Dt0/500_AuAu.bld
   Size     :    801 points

   Range  x :    1.000     to    14.98    
   Range  y :    0.000     to   0.6214    

 Data set no.:   3

   Filename : Au50Pd50_Profiles/Dt0_unrelaxed_AuPd.bld
   Size     :    801 points

   Range  x :    1.000     to    14.98    
   Range  y :    0.000     to    10.00    

 Data set no.:   4

   Filename : MC_Dt0/500_AuPd.bld
   Size     :    801 points

   Range  x :    1.000     to    14.98    
   Range  y :    0.000     to   0.5263    

 Data set no.:   5

   Filename : Au50Pd50_Profiles/Dt0_unrelaxed_PdPd.bld
   Size     :    801 points

   Range  x :    1.000     to    14.98    
   Range  y :    0.000     to    10.00    

 Data set no.:   6

   Filename : MC_Dt0/500_PdPd.bld
   Size     :    801 points

   Range  x :    1.000     to    14.98    
   Range  y :    0.000     to   0.5174    

 ------ > Saving window   3 to file : MC_Dt0/500BLD.pdf ..
 Fm-3m             225
 Lattice constants :
    a          b          c         alpha      beta       gamma      volume
    4.07890    4.07890    4.07890   90.00000   90.00000   90.00000    67.8624    

 Metric Tensor     :
      16.63743      0.00000      0.00000
       0.00000     16.63743      0.00000
       0.00000      0.00000     16.63743

 Reciprocal Lattice constants :
    a*         b*         c*        alpha*     beta*      gamma*     volume
    0.24516    0.24516    0.24516   90.00000   90.00000   90.00000   0.147357E-01

 Reciprocal metric tensor     : 
       0.06011     -0.00000     -0.00000
      -0.00000      0.06011     -0.00000
      -0.00000     -0.00000      0.06011

    Neighbour determination mode   : quick = F
    Periodic boundaries (x,y,z)    : F F F
    Current operation mode         : atoms
    Sample volume for homo-check   : complete crystal
    Allowed bond length range      :  1.500 A to  7.500 A
    # points for histogramms       :    601

    Neighbour definitions          : 

        #  Mode  Neighbour (or vec.)  fsig  wsig   rmin[A] rmax[A] ang sym
       -------------------------------------------------------------------

    Defined correlation vectors    : 

       ** none defined **

    Defined correlation angles     : 

       ** none defined **

    Defined correlation environments: 

       ** none defined **

    Defined correlation ranges: 

       ** none defined **

    Defined displacement direc.    : 

       ** none defined **

    Defined correlation connectiv. : 

       ** none defined **
 Size of the crystal (unit cells) :    1 x    1 x    1
 Total number of atoms            :      3925
 Number of atoms per unit cell    :      3925
 Number of different atoms        :         2

    Element : VOID(0)   rel. abundance : 0.000  (        0 atoms)
    Element : PD(1)     rel. abundance : 0.501  (     1965 atoms)
    Element : AU(2)     rel. abundance : 0.499  (     1960 atoms)
 Computing powder sine lookup table ...
 Computing sin(theta)/lambda table ...
  Starting histogram

 Elapsed time H  :   2.88220     sec
  Starting convolution

 Elapsed time    :   16350.5     sec
 Resetting - all parameters ..
 Reading file Au50Pd50_Profiles/Dt0_unrelaxed.xrd ..
 Column assignement (x y dx dy):     1    2    0    0
 Data set no.:   1

   Filename : Au50Pd50_Profiles/Dt0_unrelaxed.xrd
   Size     :   8692 points

   Range  x :    30.00     to    120.0    
   Range  y :   -40.54     to   0.1736E+05

 Reading file MC_Dt0/1000.xrd ..
 Column assignement (x y dx dy):     1    2    0    0
 Data set no.:   2

   Filename : MC_Dt0/1000.xrd
   Size     :   8692 points

   Range  x :    30.00     to    120.0    
   Range  y :   0.1461E-09 to   0.1640E+05

 Data set no.:   1

   Filename : Au50Pd50_Profiles/Dt0_unrelaxed.xrd
   Size     :   8692 points

   Range  x :    30.00     to    120.0    
   Range  y :  -0.2336E-01 to    10.00    

 Data set no.:   2

   Filename : MC_Dt0/1000.xrd
   Size     :   8692 points

   Range  x :    30.00     to    120.0    
   Range  y :   0.8415E-13 to    9.450    

 ------ > Saving window   1 to file : MC_Dt0/1000XRD.pdf ..
 Setting PDF calculation to no periodic bound., 3D, exact mode ..
 Setting up PDF segment ...
 Extending PDF search distance to  51.1429 A ...
 Calculating PDF (exact mode) ...
    20.00 % done  ...
    40.00 % done  ...
    60.00 % done  ...
    80.00 % done  ...
   100.00 % done  ...

 Elapsed time    :  0.408043     sec
 Required time        :     4.68 s

 Total sum of weights :    157462.1695    
 Saving PDF to file : MC_Dt0/1000.apd ...
 Resetting - all parameters ..
 Reading file Au50Pd50_Profiles/Dt0_unrelaxed.apd ..
 Column assignement (x y dx dy):     1    2    3    4
 Data set no.:   1

   Filename : Au50Pd50_Profiles/Dt0_unrelaxed.apd
   Size     :   5000 points

   Range  x :   0.1000E-01 to    50.00    
   Range  y :   -12.26     to    44.29    

 Reading file MC_Dt0/1000.apd ..
 Column assignement (x y dx dy):     1    2    3    4
 Data set no.:   2

   Filename : MC_Dt0/1000.apd
   Size     :   5000 points

   Range  x :   0.1000E-01 to    50.00    
   Range  y :   -3.775     to    15.85    

 Data set no.:   1

   Filename : Au50Pd50_Profiles/Dt0_unrelaxed.apd
   Size     :   5000 points

   Range  x :   0.1000E-01 to    50.00    
   Range  y :   -2.767     to    10.00    

 Data set no.:   2

   Filename : MC_Dt0/1000.apd
   Size     :   5000 points

   Range  x :   0.1000E-01 to    50.00    
   Range  y :  -0.8523     to    3.579    

 ------ > Saving window   1 to file : MC_Dt0/1000PDF.pdf ..
 Calculating bond-length distibution
    Allowed range :   1.00 A to  15.00  A / File : MC_Dt0/1000_ ( 801 pts)

    AU(2)    - AU(2)    : d = 10.754 +-  3.048 A (Min =  0.000, Max = 15.000)
                                                 (Pairs =             939518)
                                                 (Total =             939518)
 Calculating bond-length distibution
    Allowed range :   1.00 A to  15.00  A / File : MC_Dt0/1000_ ( 801 pts)

    AU(2)    - PD(1)    : d = 11.462 +-  2.723 A (Min =  0.000, Max = 15.000)
                                                 (Pairs =             415421)
                                                 (Total =             415421)
 Calculating bond-length distibution
    Allowed range :   1.00 A to  15.00  A / File : MC_Dt0/1000_ ( 801 pts)

    PD(1)    - PD(1)    : d = 10.227 +-  3.359 A (Min =  0.000, Max = 15.000)
                                                 (Pairs =             416188)
                                                 (Total =             416188)
 Resetting ..
 Reading file Au50Pd50_Profiles/Dt0_unrelaxed_AuAu.bld ..
 Column assignement (x y dx dy):     1    2    0    0
 Data set no.:   1

   Filename : Au50Pd50_Profiles/Dt0_unrelaxed_AuAu.bld
   Size     :    801 points

   Range  x :    1.000     to    14.98    
   Range  y :    0.000     to   0.8722E+05

 Reading file MC_Dt0/1000_AuAu.bld ..
 Column assignement (x y dx dy):     1    2    0    0
 Data set no.:   2

   Filename : MC_Dt0/1000_AuAu.bld
   Size     :    801 points

   Range  x :    1.000     to    14.98    
   Range  y :    0.000     to    5414.    

 Reading file Au50Pd50_Profiles/Dt0_unrelaxed_AuPd.bld ..
 Column assignement (x y dx dy):     1    2    0    0
 Data set no.:   3

   Filename : Au50Pd50_Profiles/Dt0_unrelaxed_AuPd.bld
   Size     :    801 points

   Range  x :    1.000     to    14.98    
   Range  y :    0.000     to   0.4690E+05

 Reading file MC_Dt0/1000_AuPd.bld ..
 Column assignement (x y dx dy):     1    2    0    0
 Data set no.:   4

   Filename : MC_Dt0/1000_AuPd.bld
   Size     :    801 points

   Range  x :    1.000     to    14.98    
   Range  y :    0.000     to    2473.    

 Reading file Au50Pd50_Profiles/Dt0_unrelaxed_PdPd.bld ..
 Column assignement (x y dx dy):     1    2    0    0
 Data set no.:   5

   Filename : Au50Pd50_Profiles/Dt0_unrelaxed_PdPd.bld
   Size     :    801 points

   Range  x :    1.000     to    14.98    
   Range  y :    0.000     to   0.3533E+05

 Reading file MC_Dt0/1000_PdPd.bld ..
 Column assignement (x y dx dy):     1    2    0    0
 Data set no.:   6

   Filename : MC_Dt0/1000_PdPd.bld
   Size     :    801 points

   Range  x :    1.000     to    14.98    
   Range  y :    0.000     to    1796.    

 Data set no.:   1

   Filename : Au50Pd50_Profiles/Dt0_unrelaxed_AuAu.bld
   Size     :    801 points

   Range  x :    1.000     to    14.98    
   Range  y :    0.000     to    10.00    

 Data set no.:   2

   Filename : MC_Dt0/1000_AuAu.bld
   Size     :    801 points

   Range  x :    1.000     to    14.98    
   Range  y :    0.000     to   0.6208    

 Data set no.:   3

   Filename : Au50Pd50_Profiles/Dt0_unrelaxed_AuPd.bld
   Size     :    801 points

   Range  x :    1.000     to    14.98    
   Range  y :    0.000     to    10.00    

 Data set no.:   4

   Filename : MC_Dt0/1000_AuPd.bld
   Size     :    801 points

   Range  x :    1.000     to    14.98    
   Range  y :    0.000     to   0.5273    

 Data set no.:   5

   Filename : Au50Pd50_Profiles/Dt0_unrelaxed_PdPd.bld
   Size     :    801 points

   Range  x :    1.000     to    14.98    
   Range  y :    0.000     to    10.00    

 Data set no.:   6

   Filename : MC_Dt0/1000_PdPd.bld
   Size     :    801 points

   Range  x :    1.000     to    14.98    
   Range  y :    0.000     to   0.5084    

 ------ > Saving window   3 to file : MC_Dt0/1000BLD.pdf ..
 Fm-3m             225
 Lattice constants :
    a          b          c         alpha      beta       gamma      volume
    4.07890    4.07890    4.07890   90.00000   90.00000   90.00000    67.8624    

 Metric Tensor     :
      16.63743      0.00000      0.00000
       0.00000     16.63743      0.00000
       0.00000      0.00000     16.63743

 Reciprocal Lattice constants :
    a*         b*         c*        alpha*     beta*      gamma*     volume
    0.24516    0.24516    0.24516   90.00000   90.00000   90.00000   0.147357E-01

 Reciprocal metric tensor     : 
       0.06011     -0.00000     -0.00000
      -0.00000      0.06011     -0.00000
      -0.00000     -0.00000      0.06011

    Neighbour determination mode   : quick = F
    Periodic boundaries (x,y,z)    : F F F
    Current operation mode         : atoms
    Sample volume for homo-check   : complete crystal
    Allowed bond length range      :  1.500 A to  7.500 A
    # points for histogramms       :    601

    Neighbour definitions          : 

        #  Mode  Neighbour (or vec.)  fsig  wsig   rmin[A] rmax[A] ang sym
       -------------------------------------------------------------------

    Defined correlation vectors    : 

       ** none defined **

    Defined correlation angles     : 

       ** none defined **

    Defined correlation environments: 

       ** none defined **

    Defined correlation ranges: 

       ** none defined **

    Defined displacement direc.    : 

       ** none defined **

    Defined correlation connectiv. : 

       ** none defined **
 Size of the crystal (unit cells) :    1 x    1 x    1
 Total number of atoms            :      3925
 Number of atoms per unit cell    :      3925
 Number of different atoms        :         2

    Element : VOID(0)   rel. abundance : 0.000  (        0 atoms)
    Element : PD(1)     rel. abundance : 0.501  (     1965 atoms)
    Element : AU(2)     rel. abundance : 0.499  (     1960 atoms)
 Computing powder sine lookup table ...
 Computing sin(theta)/lambda table ...
  Starting histogram

 Elapsed time H  :   2.88171     sec
  Starting convolution

 Elapsed time    :   16375.1     sec
 Resetting - all parameters ..
 Reading file Au50Pd50_Profiles/Dt0_unrelaxed.xrd ..
 Column assignement (x y dx dy):     1    2    0    0
 Data set no.:   1

   Filename : Au50Pd50_Profiles/Dt0_unrelaxed.xrd
   Size     :   8692 points

   Range  x :    30.00     to    120.0    
   Range  y :   -40.54     to   0.1736E+05

 Reading file MC_Dt0/1500.xrd ..
 Column assignement (x y dx dy):     1    2    0    0
 Data set no.:   2

   Filename : MC_Dt0/1500.xrd
   Size     :   8692 points

   Range  x :    30.00     to    120.0    
   Range  y :   0.1447E-09 to   0.1636E+05

 Data set no.:   1

   Filename : Au50Pd50_Profiles/Dt0_unrelaxed.xrd
   Size     :   8692 points

   Range  x :    30.00     to    120.0    
   Range  y :  -0.2336E-01 to    10.00    

 Data set no.:   2

   Filename : MC_Dt0/1500.xrd
   Size     :   8692 points

   Range  x :    30.00     to    120.0    
   Range  y :   0.8339E-13 to    9.425    

 ------ > Saving window   1 to file : MC_Dt0/1500XRD.pdf ..
 Setting PDF calculation to no periodic bound., 3D, exact mode ..
 Setting up PDF segment ...
 Extending PDF search distance to  51.1429 A ...
 Calculating PDF (exact mode) ...
    20.00 % done  ...
    40.00 % done  ...
    60.00 % done  ...
    80.00 % done  ...
   100.00 % done  ...

 Elapsed time    :  0.408374     sec
 Required time        :     4.70 s

 Total sum of weights :    157631.1943    
 Saving PDF to file : MC_Dt0/1500.apd ...
 Resetting - all parameters ..
 Reading file Au50Pd50_Profiles/Dt0_unrelaxed.apd ..
 Column assignement (x y dx dy):     1    2    3    4
 Data set no.:   1

   Filename : Au50Pd50_Profiles/Dt0_unrelaxed.apd
   Size     :   5000 points

   Range  x :   0.1000E-01 to    50.00    
   Range  y :   -12.26     to    44.29    

 Reading file MC_Dt0/1500.apd ..
 Column assignement (x y dx dy):     1    2    3    4
 Data set no.:   2

   Filename : MC_Dt0/1500.apd
   Size     :   5000 points

   Range  x :   0.1000E-01 to    50.00    
   Range  y :   -3.671     to    15.66    

 Data set no.:   1

   Filename : Au50Pd50_Profiles/Dt0_unrelaxed.apd
   Size     :   5000 points

   Range  x :   0.1000E-01 to    50.00    
   Range  y :   -2.767     to    10.00    

 Data set no.:   2

   Filename : MC_Dt0/1500.apd
   Size     :   5000 points

   Range  x :   0.1000E-01 to    50.00    
   Range  y :  -0.8288     to    3.536    

 ------ > Saving window   1 to file : MC_Dt0/1500PDF.pdf ..
 Calculating bond-length distibution
    Allowed range :   1.00 A to  15.00  A / File : MC_Dt0/1500_ ( 801 pts)

    AU(2)    - AU(2)    : d = 10.750 +-  3.046 A (Min =  0.000, Max = 15.000)
                                                 (Pairs =             935082)
                                                 (Total =             935082)
 Calculating bond-length distibution
    Allowed range :   1.00 A to  15.00  A / File : MC_Dt0/1500_ ( 801 pts)

    AU(2)    - PD(1)    : d = 11.456 +-  2.724 A (Min =  0.000, Max = 15.000)
                                                 (Pairs =             414238)
                                                 (Total =             414238)
 Calculating bond-length distibution
    Allowed range :   1.00 A to  15.00  A / File : MC_Dt0/1500_ ( 801 pts)

    PD(1)    - PD(1)    : d = 10.223 +-  3.358 A (Min =  0.000, Max = 15.000)
                                                 (Pairs =             415250)
                                                 (Total =             415250)
 Resetting ..
 Reading file Au50Pd50_Profiles/Dt0_unrelaxed_AuAu.bld ..
 Column assignement (x y dx dy):     1    2    0    0
 Data set no.:   1

   Filename : Au50Pd50_Profiles/Dt0_unrelaxed_AuAu.bld
   Size     :    801 points

   Range  x :    1.000     to    14.98    
   Range  y :    0.000     to   0.8722E+05

 Reading file MC_Dt0/1500_AuAu.bld ..
 Column assignement (x y dx dy):     1    2    0    0
 Data set no.:   2

   Filename : MC_Dt0/1500_AuAu.bld
   Size     :    801 points

   Range  x :    1.000     to    14.98    
   Range  y :    0.000     to    5362.    

 Reading file Au50Pd50_Profiles/Dt0_unrelaxed_AuPd.bld ..
 Column assignement (x y dx dy):     1    2    0    0
 Data set no.:   3

   Filename : Au50Pd50_Profiles/Dt0_unrelaxed_AuPd.bld
   Size     :    801 points

   Range  x :    1.000     to    14.98    
   Range  y :    0.000     to   0.4690E+05

 Reading file MC_Dt0/1500_AuPd.bld ..
 Column assignement (x y dx dy):     1    2    0    0
 Data set no.:   4

   Filename : MC_Dt0/1500_AuPd.bld
   Size     :    801 points

   Range  x :    1.000     to    14.98    
   Range  y :    0.000     to    2381.    

 Reading file Au50Pd50_Profiles/Dt0_unrelaxed_PdPd.bld ..
 Column assignement (x y dx dy):     1    2    0    0
 Data set no.:   5

   Filename : Au50Pd50_Profiles/Dt0_unrelaxed_PdPd.bld
   Size     :    801 points

   Range  x :    1.000     to    14.98    
   Range  y :    0.000     to   0.3533E+05

 Reading file MC_Dt0/1500_PdPd.bld ..
 Column assignement (x y dx dy):     1    2    0    0
 Data set no.:   6

   Filename : MC_Dt0/1500_PdPd.bld
   Size     :    801 points

   Range  x :    1.000     to    14.98    
   Range  y :    0.000     to    1816.    

 Data set no.:   1

   Filename : Au50Pd50_Profiles/Dt0_unrelaxed_AuAu.bld
   Size     :    801 points

   Range  x :    1.000     to    14.98    
   Range  y :    0.000     to    10.00    

 Data set no.:   2

   Filename : MC_Dt0/1500_AuAu.bld
   Size     :    801 points

   Range  x :    1.000     to    14.98    
   Range  y :    0.000     to   0.6148    

 Data set no.:   3

   Filename : Au50Pd50_Profiles/Dt0_unrelaxed_AuPd.bld
   Size     :    801 points

   Range  x :    1.000     to    14.98    
   Range  y :    0.000     to    10.00    

 Data set no.:   4

   Filename : MC_Dt0/1500_AuPd.bld
   Size     :    801 points

   Range  x :    1.000     to    14.98    
   Range  y :    0.000     to   0.5077    

 Data set no.:   5

   Filename : Au50Pd50_Profiles/Dt0_unrelaxed_PdPd.bld
   Size     :    801 points

   Range  x :    1.000     to    14.98    
   Range  y :    0.000     to    10.00    

 Data set no.:   6

   Filename : MC_Dt0/1500_PdPd.bld
   Size     :    801 points

   Range  x :    1.000     to    14.98    
   Range  y :    0.000     to   0.5140    

 ------ > Saving window   3 to file : MC_Dt0/1500BLD.pdf ..
 Fm-3m             225
 Lattice constants :
    a          b          c         alpha      beta       gamma      volume
    4.07890    4.07890    4.07890   90.00000   90.00000   90.00000    67.8624    

 Metric Tensor     :
      16.63743      0.00000      0.00000
       0.00000     16.63743      0.00000
       0.00000      0.00000     16.63743

 Reciprocal Lattice constants :
    a*         b*         c*        alpha*     beta*      gamma*     volume
    0.24516    0.24516    0.24516   90.00000   90.00000   90.00000   0.147357E-01

 Reciprocal metric tensor     : 
       0.06011     -0.00000     -0.00000
      -0.00000      0.06011     -0.00000
      -0.00000     -0.00000      0.06011

    Neighbour determination mode   : quick = F
    Periodic boundaries (x,y,z)    : F F F
    Current operation mode         : atoms
    Sample volume for homo-check   : complete crystal
    Allowed bond length range      :  1.500 A to  7.500 A
    # points for histogramms       :    601

    Neighbour definitions          : 

        #  Mode  Neighbour (or vec.)  fsig  wsig   rmin[A] rmax[A] ang sym
       -------------------------------------------------------------------

    Defined correlation vectors    : 

       ** none defined **

    Defined correlation angles     : 

       ** none defined **

    Defined correlation environments: 

       ** none defined **

    Defined correlation ranges: 

       ** none defined **

    Defined displacement direc.    : 

       ** none defined **

    Defined correlation connectiv. : 

       ** none defined **
 Size of the crystal (unit cells) :    1 x    1 x    1
 Total number of atoms            :      3925
 Number of atoms per unit cell    :      3925
 Number of different atoms        :         2

    Element : VOID(0)   rel. abundance : 0.000  (        0 atoms)
    Element : PD(1)     rel. abundance : 0.501  (     1965 atoms)
    Element : AU(2)     rel. abundance : 0.499  (     1960 atoms)
 Computing powder sine lookup table ...
 Computing sin(theta)/lambda table ...
  Starting histogram

 Elapsed time H  :   2.88656     sec
  Starting convolution

 Elapsed time    :   16399.7     sec
 Resetting - all parameters ..
 Reading file Au50Pd50_Profiles/Dt0_unrelaxed.xrd ..
 Column assignement (x y dx dy):     1    2    0    0
 Data set no.:   1

   Filename : Au50Pd50_Profiles/Dt0_unrelaxed.xrd
   Size     :   8692 points

   Range  x :    30.00     to    120.0    
   Range  y :   -40.54     to   0.1736E+05

 Reading file MC_Dt0/2000.xrd ..
 Column assignement (x y dx dy):     1    2    0    0
 Data set no.:   2

   Filename : MC_Dt0/2000.xrd
   Size     :   8692 points

   Range  x :    30.00     to    120.0    
   Range  y :   0.1447E-09 to   0.1637E+05

 Data set no.:   1

   Filename : Au50Pd50_Profiles/Dt0_unrelaxed.xrd
   Size     :   8692 points

   Range  x :    30.00     to    120.0    
   Range  y :  -0.2336E-01 to    10.00    

 Data set no.:   2

   Filename : MC_Dt0/2000.xrd
   Size     :   8692 points

   Range  x :    30.00     to    120.0    
   Range  y :   0.8338E-13 to    9.428    

 ------ > Saving window   1 to file : MC_Dt0/2000XRD.pdf ..
 Setting PDF calculation to no periodic bound., 3D, exact mode ..
 Setting up PDF segment ...
 Extending PDF search distance to  51.1429 A ...
 Calculating PDF (exact mode) ...
    20.00 % done  ...
    40.00 % done  ...
    60.00 % done  ...
    80.00 % done  ...
   100.00 % done  ...

 Elapsed time    :  0.409653     sec
 Required time        :     4.66 s

 Total sum of weights :    157495.9322    
 Saving PDF to file : MC_Dt0/2000.apd ...
 Resetting - all parameters ..
 Reading file Au50Pd50_Profiles/Dt0_unrelaxed.apd ..
 Column assignement (x y dx dy):     1    2    3    4
 Data set no.:   1

   Filename : Au50Pd50_Profiles/Dt0_unrelaxed.apd
   Size     :   5000 points

   Range  x :   0.1000E-01 to    50.00    
   Range  y :   -12.26     to    44.29    

 Reading file MC_Dt0/2000.apd ..
 Column assignement (x y dx dy):     1    2    3    4
 Data set no.:   2

   Filename : MC_Dt0/2000.apd
   Size     :   5000 points

   Range  x :   0.1000E-01 to    50.00    
   Range  y :   -3.699     to    15.44    

 Data set no.:   1

   Filename : Au50Pd50_Profiles/Dt0_unrelaxed.apd
   Size     :   5000 points

   Range  x :   0.1000E-01 to    50.00    
   Range  y :   -2.767     to    10.00    

 Data set no.:   2

   Filename : MC_Dt0/2000.apd
   Size     :   5000 points

   Range  x :   0.1000E-01 to    50.00    
   Range  y :  -0.8352     to    3.487    

 ------ > Saving window   1 to file : MC_Dt0/2000PDF.pdf ..
 Calculating bond-length distibution
    Allowed range :   1.00 A to  15.00  A / File : MC_Dt0/2000_ ( 801 pts)

    AU(2)    - AU(2)    : d = 10.752 +-  3.047 A (Min =  0.000, Max = 15.000)
                                                 (Pairs =             936776)
                                                 (Total =             936776)
 Calculating bond-length distibution
    Allowed range :   1.00 A to  15.00  A / File : MC_Dt0/2000_ ( 801 pts)

    AU(2)    - PD(1)    : d = 11.459 +-  2.724 A (Min =  0.000, Max = 15.000)
                                                 (Pairs =             414800)
                                                 (Total =             414800)
 Calculating bond-length distibution
    Allowed range :   1.00 A to  15.00  A / File : MC_Dt0/2000_ ( 801 pts)

    PD(1)    - PD(1)    : d = 10.226 +-  3.358 A (Min =  0.000, Max = 15.000)
                                                 (Pairs =             415694)
                                                 (Total =             415694)
 Resetting ..
 Reading file Au50Pd50_Profiles/Dt0_unrelaxed_AuAu.bld ..
 Column assignement (x y dx dy):     1    2    0    0
 Data set no.:   1

   Filename : Au50Pd50_Profiles/Dt0_unrelaxed_AuAu.bld
   Size     :    801 points

   Range  x :    1.000     to    14.98    
   Range  y :    0.000     to   0.8722E+05

 Reading file MC_Dt0/2000_AuAu.bld ..
 Column assignement (x y dx dy):     1    2    0    0
 Data set no.:   2

   Filename : MC_Dt0/2000_AuAu.bld
   Size     :    801 points

   Range  x :    1.000     to    14.98    
   Range  y :    0.000     to    5252.    

 Reading file Au50Pd50_Profiles/Dt0_unrelaxed_AuPd.bld ..
 Column assignement (x y dx dy):     1    2    0    0
 Data set no.:   3

   Filename : Au50Pd50_Profiles/Dt0_unrelaxed_AuPd.bld
   Size     :    801 points

   Range  x :    1.000     to    14.98    
   Range  y :    0.000     to   0.4690E+05

 Reading file MC_Dt0/2000_AuPd.bld ..
 Column assignement (x y dx dy):     1    2    0    0
 Data set no.:   4

   Filename : MC_Dt0/2000_AuPd.bld
   Size     :    801 points

   Range  x :    1.000     to    14.98    
   Range  y :    0.000     to    2461.    

 Reading file Au50Pd50_Profiles/Dt0_unrelaxed_PdPd.bld ..
 Column assignement (x y dx dy):     1    2    0    0
 Data set no.:   5

   Filename : Au50Pd50_Profiles/Dt0_unrelaxed_PdPd.bld
   Size     :    801 points

   Range  x :    1.000     to    14.98    
   Range  y :    0.000     to   0.3533E+05

 Reading file MC_Dt0/2000_PdPd.bld ..
 Column assignement (x y dx dy):     1    2    0    0
 Data set no.:   6

   Filename : MC_Dt0/2000_PdPd.bld
   Size     :    801 points

   Range  x :    1.000     to    14.98    
   Range  y :    0.000     to    1808.    

 Data set no.:   1

   Filename : Au50Pd50_Profiles/Dt0_unrelaxed_AuAu.bld
   Size     :    801 points

   Range  x :    1.000     to    14.98    
   Range  y :    0.000     to    10.00    

 Data set no.:   2

   Filename : MC_Dt0/2000_AuAu.bld
   Size     :    801 points

   Range  x :    1.000     to    14.98    
   Range  y :    0.000     to   0.6022    

 Data set no.:   3

   Filename : Au50Pd50_Profiles/Dt0_unrelaxed_AuPd.bld
   Size     :    801 points

   Range  x :    1.000     to    14.98    
   Range  y :    0.000     to    10.00    

 Data set no.:   4

   Filename : MC_Dt0/2000_AuPd.bld
   Size     :    801 points

   Range  x :    1.000     to    14.98    
   Range  y :    0.000     to   0.5248    

 Data set no.:   5

   Filename : Au50Pd50_Profiles/Dt0_unrelaxed_PdPd.bld
   Size     :    801 points

   Range  x :    1.000     to    14.98    
   Range  y :    0.000     to    10.00    

 Data set no.:   6

   Filename : MC_Dt0/2000_PdPd.bld
   Size     :    801 points

   Range  x :    1.000     to    14.98    
   Range  y :    0.000     to   0.5118    

 ------ > Saving window   3 to file : MC_Dt0/2000BLD.pdf ..
 END mc.relax.mac
