  running mc.relax.mac 
 Fm-3m             225
 Lattice constants :
    a          b          c         alpha      beta       gamma      volume
    4.07890    4.07890    4.07890   90.00000   90.00000   90.00000    67.8624    

 Metric Tensor     :
      16.63743      0.00000      0.00000
       0.00000     16.63743      0.00000
       0.00000      0.00000     16.63743

 Reciprocal Lattice constants :
    a*         b*         c*        alpha*     beta*      gamma*     volume
    0.24516    0.24516    0.24516   90.00000   90.00000   90.00000   0.147357E-01

 Reciprocal metric tensor     : 
       0.06011     -0.00000     -0.00000
      -0.00000      0.06011     -0.00000
      -0.00000     -0.00000      0.06011

    Neighbour determination mode   : quick = F
    Periodic boundaries (x,y,z)    : F F F
    Current operation mode         : atoms
    Sample volume for homo-check   : complete crystal
    Allowed bond length range      :  1.500 A to  7.500 A
    # points for histogramms       :    601

    Neighbour definitions          : 

        #  Mode  Neighbour (or vec.)  fsig  wsig   rmin[A] rmax[A] ang sym
       -------------------------------------------------------------------

    Defined correlation vectors    : 

       ** none defined **

    Defined correlation angles     : 

       ** none defined **

    Defined correlation environments: 

       ** none defined **

    Defined correlation ranges: 

       ** none defined **

    Defined displacement direc.    : 

       ** none defined **

    Defined correlation connectiv. : 

       ** none defined **
 Size of the crystal (unit cells) :   14 x   14 x   14
 Total number of atoms            :     10976
 Number of atoms per unit cell    :         4
 Number of different atoms        :         2

    Element : VOID(0)   rel. abundance : 0.642  (     7051 atoms)
    Element : AU(1)     rel. abundance : 0.174  (     1914 atoms)
    Element : PD(2)     rel. abundance : 0.183  (     2011 atoms)
   Operation mode for MC        : atoms
   Max. number of MC cycles     :  5488000
   Feedback/update intervall    :  5488000
   Maximum no. non_valid cycles :     1000
   Temperature [kT]             :   0.6000
   MMC will stop at convergence
      Max rel. difference       :   0.0000 at last cycle
      Max change rel. difference:   0.0000 observed over    3 feedbacks
      Av. change rel. difference:   0.0000 averaged over    3 feedbacks

 Operation modes for MMC; atoms selected 
   Mode                  Probability  two-atom correlation
   -------------------------------------------------------
   switch chemistry      0.00000      all                 
   switch displacement   0.00000      all                 
   shift atom            1.00000      all                 
   inverse displacement  0.00000      all                 

 Correlation definitions        : 

    Neighbour definitions          : 

        #  Mode  Neighbour (or vec.)  fsig  wsig   rmin[A] rmax[A] ang sym
       -------------------------------------------------------------------
        1  vec      1   2   3   4   5   6   7   8   9  10  11  12  13  14  15  16  17  18  19  20  21  22  23  24  25  26  27  28  29  30  31  32  33  34  35  36  37  38  39  40  41  42  43  44  45  46  47  48  49  50
       51  vec     52  53  54
        2  vec     55  56  57  58  59  60  61  62  63  64  65  66  67  68  69  70  71  72  73  74  75  76  77  78  79  80  81  82  83  84  85  86  87  88  89  90  91  92  93  94  95  96  97  98  99 100 101 102 103 104
       **  vec    106 107 108
        3  vec    109 110 111 112 113 114 115 116 117 118 119 120 121 122 123 124 125 126 127 128 129 130 131 132 133 134 135 136 137 138 139 140 141 142 143 144 145 146 147 148 149 150 151 152 153 154 155 156 157 158
       **  vec    160 161 162
        4  vec    163 164 165 166 167 168 169 170 171 172 173 174 175 176 177 178 179 180 181 182 183 184 185 186 187 188 189 190 191 192 193 194 195 196 197 198 199 200 201 202 203 204 205 206 207 208 209 210 211 212
       **  vec    214 215 216

    Defined correlation vectors    : 

       Correlation vector   1      : Site  1 -> site  2, neig =  0 -1 -1
       Correlation vector   2      : Site  1 -> site  3, neig =  0  0 -1
       Correlation vector   3      : Site  1 -> site  4, neig = -1 -1  0
       Correlation vector   4      : Site  1 -> site  3, neig = -1  0  0
       Correlation vector   5      : Site  1 -> site  4, neig = -1  0  0
       Correlation vector   6      : Site  1 -> site  2, neig =  0 -1  0
       Correlation vector   7      : Site  1 -> site  2, neig =  0  0  0
       Correlation vector   8      : Site  1 -> site  2, neig =  0  0 -1
       Correlation vector   9      : Site  1 -> site  4, neig =  0 -1  0
       Correlation vector  10      : Site  1 -> site  3, neig = -1  0 -1
       Correlation vector  11      : Site  1 -> site  4, neig =  0  0  0
       Correlation vector  12      : Site  1 -> site  3, neig =  0  0  0
       Correlation vector  13      : Site  1 -> site  1, neig =  0 -1  0
       Correlation vector  14      : Site  1 -> site  1, neig =  0  1  0
       Correlation vector  15      : Site  1 -> site  1, neig = -1  0  0
       Correlation vector  16      : Site  1 -> site  1, neig =  1  0  0
       Correlation vector  17      : Site  1 -> site  1, neig =  0  0  1
       Correlation vector  18      : Site  1 -> site  1, neig =  0  0 -1
       Correlation vector  19      : Site  1 -> site  3, neig =  0  1  0
       Correlation vector  20      : Site  1 -> site  2, neig =  1  0  0
       Correlation vector  21      : Site  1 -> site  2, neig =  1 -1 -1
       Correlation vector  22      : Site  1 -> site  4, neig =  0 -1 -1
       Correlation vector  23      : Site  1 -> site  3, neig = -1 -1 -1
       Correlation vector  24      : Site  1 -> site  3, neig =  0 -1 -1
       Correlation vector  25      : Site  1 -> site  4, neig = -1 -1  1
       Correlation vector  26      : Site  1 -> site  3, neig = -1  1 -1
       Correlation vector  27      : Site  1 -> site  4, neig = -1 -1 -1
       Correlation vector  28      : Site  1 -> site  3, neig =  0  1 -1
       Correlation vector  29      : Site  1 -> site  4, neig =  0 -1  1
       Correlation vector  30      : Site  1 -> site  2, neig = -1 -1 -1
       Correlation vector  31      : Site  1 -> site  2, neig = -1  0  0
       Correlation vector  32      : Site  1 -> site  2, neig = -1  0 -1
       Correlation vector  33      : Site  1 -> site  3, neig = -1  1  0
       Correlation vector  34      : Site  1 -> site  4, neig =  0  0 -1
       Correlation vector  35      : Site  1 -> site  2, neig =  1 -1  0
       Correlation vector  36      : Site  1 -> site  3, neig =  0 -1  0
       Correlation vector  37      : Site  1 -> site  3, neig = -1 -1  0
       Correlation vector  38      : Site  1 -> site  2, neig =  1  0 -1
       Correlation vector  39      : Site  1 -> site  4, neig =  0  0  1
       Correlation vector  40      : Site  1 -> site  4, neig = -1  0  1
       Correlation vector  41      : Site  1 -> site  2, neig = -1 -1  0
       Correlation vector  42      : Site  1 -> site  4, neig = -1  0 -1
       Correlation vector  43      : Site  1 -> site  1, neig =  0  1 -1
       Correlation vector  44      : Site  1 -> site  1, neig =  0  1  1
       Correlation vector  45      : Site  1 -> site  1, neig =  1  0 -1
       Correlation vector  46      : Site  1 -> site  1, neig =  1 -1  0
       Correlation vector  47      : Site  1 -> site  1, neig =  0 -1 -1
       Correlation vector  48      : Site  1 -> site  1, neig = -1 -1  0
       Correlation vector  49      : Site  1 -> site  1, neig =  0 -1  1
       Correlation vector  50      : Site  1 -> site  1, neig = -1  1  0
       Correlation vector  51      : Site  1 -> site  1, neig = -1  0  1
       Correlation vector  52      : Site  1 -> site  1, neig = -1  0 -1
       Correlation vector  53      : Site  1 -> site  1, neig =  1  0  1
       Correlation vector  54      : Site  1 -> site  1, neig =  1  1  0
       Correlation vector  55      : Site  2 -> site  1, neig =  0  0  0
       Correlation vector  56      : Site  2 -> site  3, neig = -1  1  0
       Correlation vector  57      : Site  2 -> site  1, neig =  0  0  1
       Correlation vector  58      : Site  2 -> site  3, neig =  0  0  0
       Correlation vector  59      : Site  2 -> site  4, neig =  0  0  1
       Correlation vector  60      : Site  2 -> site  4, neig = -1  0  0
       Correlation vector  61      : Site  2 -> site  3, neig = -1  0  0
       Correlation vector  62      : Site  2 -> site  4, neig = -1  0  1
       Correlation vector  63      : Site  2 -> site  1, neig =  0  1  1
       Correlation vector  64      : Site  2 -> site  4, neig =  0  0  0
       Correlation vector  65      : Site  2 -> site  1, neig =  0  1  0
       Correlation vector  66      : Site  2 -> site  3, neig =  0  1  0
       Correlation vector  67      : Site  2 -> site  2, neig =  0  1  0
       Correlation vector  68      : Site  2 -> site  2, neig =  0  0 -1
       Correlation vector  69      : Site  2 -> site  2, neig =  0  0  1
       Correlation vector  70      : Site  2 -> site  2, neig =  0 -1  0
       Correlation vector  71      : Site  2 -> site  2, neig = -1  0  0
       Correlation vector  72      : Site  2 -> site  2, neig =  1  0  0
       Correlation vector  73      : Site  2 -> site  1, neig = -1  1  0
       Correlation vector  74      : Site  2 -> site  4, neig = -1  1  0
       Correlation vector  75      : Site  2 -> site  1, neig =  1  1  0
       Correlation vector  76      : Site  2 -> site  3, neig = -1  1 -1
       Correlation vector  77      : Site  2 -> site  4, neig = -1 -1  0
       Correlation vector  78      : Site  2 -> site  3, neig =  0  0 -1
       Correlation vector  79      : Site  2 -> site  1, neig =  1  0  0
       Correlation vector  80      : Site  2 -> site  3, neig =  0  1 -1
       Correlation vector  81      : Site  2 -> site  1, neig = -1  0  0
       Correlation vector  82      : Site  2 -> site  4, neig =  0 -1  0
       Correlation vector  83      : Site  2 -> site  4, neig =  0  1  0
       Correlation vector  84      : Site  2 -> site  3, neig = -1  0 -1
       Correlation vector  85      : Site  2 -> site  1, neig = -1  1  1
       Correlation vector  86      : Site  2 -> site  4, neig =  0 -1  1
       Correlation vector  87      : Site  2 -> site  3, neig = -1  0  1
       Correlation vector  88      : Site  2 -> site  3, neig = -1  1  1
       Correlation vector  89      : Site  2 -> site  4, neig = -1  1  1
       Correlation vector  90      : Site  2 -> site  1, neig = -1  0  1
       Correlation vector  91      : Site  2 -> site  3, neig =  0  1  1
       Correlation vector  92      : Site  2 -> site  1, neig =  1  0  1
       Correlation vector  93      : Site  2 -> site  1, neig =  1  1  1
       Correlation vector  94      : Site  2 -> site  3, neig =  0  0  1
       Correlation vector  95      : Site  2 -> site  4, neig = -1 -1  1
       Correlation vector  96      : Site  2 -> site  4, neig =  0  1  1
       Correlation vector  97      : Site  2 -> site  2, neig =  1  0 -1
       Correlation vector  98      : Site  2 -> site  2, neig =  1  0  1
       Correlation vector  99      : Site  2 -> site  2, neig = -1 -1  0
       Correlation vector 100      : Site  2 -> site  2, neig =  1 -1  0
       Correlation vector 101      : Site  2 -> site  2, neig =  0 -1 -1
       Correlation vector 102      : Site  2 -> site  2, neig =  0  1  1
       Correlation vector 103      : Site  2 -> site  2, neig =  0  1 -1
       Correlation vector 104      : Site  2 -> site  2, neig = -1  0 -1
       Correlation vector 105      : Site  2 -> site  2, neig = -1  0  1
       Correlation vector 106      : Site  2 -> site  2, neig =  0 -1  1
       Correlation vector 107      : Site  2 -> site  2, neig = -1  1  0
       Correlation vector 108      : Site  2 -> site  2, neig =  1  1  0
       Correlation vector 109      : Site  3 -> site  2, neig =  1  0  0
       Correlation vector 110      : Site  3 -> site  1, neig =  1  0  1
       Correlation vector 111      : Site  3 -> site  1, neig =  0  0  0
       Correlation vector 112      : Site  3 -> site  2, neig =  0  0  0
       Correlation vector 113      : Site  3 -> site  4, neig =  0  0  0
       Correlation vector 114      : Site  3 -> site  1, neig =  1  0  0
       Correlation vector 115      : Site  3 -> site  2, neig =  1 -1  0
       Correlation vector 116      : Site  3 -> site  4, neig =  0  0  1
       Correlation vector 117      : Site  3 -> site  2, neig =  0 -1  0
       Correlation vector 118      : Site  3 -> site  4, neig =  0 -1  1
       Correlation vector 119      : Site  3 -> site  1, neig =  0  0  1
       Correlation vector 120      : Site  3 -> site  4, neig =  0 -1  0
       Correlation vector 121      : Site  3 -> site  3, neig =  0  0 -1
       Correlation vector 122      : Site  3 -> site  3, neig =  0  0  1
       Correlation vector 123      : Site  3 -> site  3, neig =  0 -1  0
       Correlation vector 124      : Site  3 -> site  3, neig = -1  0  0
       Correlation vector 125      : Site  3 -> site  3, neig =  0  1  0
       Correlation vector 126      : Site  3 -> site  3, neig =  1  0  0
       Correlation vector 127      : Site  3 -> site  2, neig =  1 -1  1
       Correlation vector 128      : Site  3 -> site  1, neig =  1  1  0
       Correlation vector 129      : Site  3 -> site  1, neig =  1 -1  1
       Correlation vector 130      : Site  3 -> site  4, neig =  1 -1  1
       Correlation vector 131      : Site  3 -> site  2, neig =  0 -1 -1
       Correlation vector 132      : Site  3 -> site  2, neig =  1 -1 -1
       Correlation vector 133      : Site  3 -> site  1, neig =  1 -1  0
       Correlation vector 134      : Site  3 -> site  4, neig =  1  0  0
       Correlation vector 135      : Site  3 -> site  4, neig =  1 -1  0
       Correlation vector 136      : Site  3 -> site  4, neig = -1  0  0
       Correlation vector 137      : Site  3 -> site  2, neig =  0 -1  1
       Correlation vector 138      : Site  3 -> site  1, neig =  0 -1  1
       Correlation vector 139      : Site  3 -> site  4, neig = -1 -1  1
       Correlation vector 140      : Site  3 -> site  2, neig =  0  0 -1
       Correlation vector 141      : Site  3 -> site  1, neig =  0  1  0
       Correlation vector 142      : Site  3 -> site  2, neig =  1  0 -1
       Correlation vector 143      : Site  3 -> site  4, neig = -1  0  1
       Correlation vector 144      : Site  3 -> site  2, neig =  1  0  1
       Correlation vector 145      : Site  3 -> site  1, neig =  0 -1  0
       Correlation vector 146      : Site  3 -> site  1, neig =  1  1  1
       Correlation vector 147      : Site  3 -> site  4, neig = -1 -1  0
       Correlation vector 148      : Site  3 -> site  2, neig =  0  0  1
       Correlation vector 149      : Site  3 -> site  1, neig =  0  1  1
       Correlation vector 150      : Site  3 -> site  4, neig =  1  0  1
       Correlation vector 151      : Site  3 -> site  3, neig =  0 -1 -1
       Correlation vector 152      : Site  3 -> site  3, neig = -1 -1  0
       Correlation vector 153      : Site  3 -> site  3, neig = -1  1  0
       Correlation vector 154      : Site  3 -> site  3, neig =  0  1 -1
       Correlation vector 155      : Site  3 -> site  3, neig =  1  1  0
       Correlation vector 156      : Site  3 -> site  3, neig = -1  0 -1
       Correlation vector 157      : Site  3 -> site  3, neig =  0 -1  1
       Correlation vector 158      : Site  3 -> site  3, neig =  1  0 -1
       Correlation vector 159      : Site  3 -> site  3, neig =  1 -1  0
       Correlation vector 160      : Site  3 -> site  3, neig =  1  0  1
       Correlation vector 161      : Site  3 -> site  3, neig =  0  1  1
       Correlation vector 162      : Site  3 -> site  3, neig = -1  0  1
       Correlation vector 163      : Site  4 -> site  1, neig =  0  1  0
       Correlation vector 164      : Site  4 -> site  2, neig =  1  0  0
       Correlation vector 165      : Site  4 -> site  3, neig =  0  1  0
       Correlation vector 166      : Site  4 -> site  3, neig =  0  1 -1
       Correlation vector 167      : Site  4 -> site  1, neig =  0  0  0
       Correlation vector 168      : Site  4 -> site  3, neig =  0  0  0
       Correlation vector 169      : Site  4 -> site  1, neig =  1  0  0
       Correlation vector 170      : Site  4 -> site  1, neig =  1  1  0
       Correlation vector 171      : Site  4 -> site  2, neig =  0  0  0
       Correlation vector 172      : Site  4 -> site  2, neig =  1  0 -1
       Correlation vector 173      : Site  4 -> site  2, neig =  0  0 -1
       Correlation vector 174      : Site  4 -> site  3, neig =  0  0 -1
       Correlation vector 175      : Site  4 -> site  4, neig = -1  0  0
       Correlation vector 176      : Site  4 -> site  4, neig =  0  0  1
       Correlation vector 177      : Site  4 -> site  4, neig =  0  1  0
       Correlation vector 178      : Site  4 -> site  4, neig =  0  0 -1
       Correlation vector 179      : Site  4 -> site  4, neig =  0 -1  0
       Correlation vector 180      : Site  4 -> site  4, neig =  1  0  0
       Correlation vector 181      : Site  4 -> site  1, neig =  0  0 -1
       Correlation vector 182      : Site  4 -> site  3, neig = -1  0 -1
       Correlation vector 183      : Site  4 -> site  2, neig =  1 -1 -1
       Correlation vector 184      : Site  4 -> site  1, neig =  1  1  1
       Correlation vector 185      : Site  4 -> site  2, neig =  1 -1  0
       Correlation vector 186      : Site  4 -> site  3, neig =  1  0 -1
       Correlation vector 187      : Site  4 -> site  1, neig =  1  0 -1
       Correlation vector 188      : Site  4 -> site  1, neig =  1  1 -1
       Correlation vector 189      : Site  4 -> site  1, neig =  0  1 -1
       Correlation vector 190      : Site  4 -> site  2, neig =  0  1 -1
       Correlation vector 191      : Site  4 -> site  2, neig =  0 -1  0
       Correlation vector 192      : Site  4 -> site  3, neig = -1  1 -1
       Correlation vector 193      : Site  4 -> site  3, neig = -1  0  0
       Correlation vector 194      : Site  4 -> site  3, neig =  1  1 -1
       Correlation vector 195      : Site  4 -> site  2, neig =  1  1 -1
       Correlation vector 196      : Site  4 -> site  2, neig =  0 -1 -1
       Correlation vector 197      : Site  4 -> site  3, neig =  1  0  0
       Correlation vector 198      : Site  4 -> site  2, neig =  1  1  0
       Correlation vector 199      : Site  4 -> site  3, neig =  1  1  0
       Correlation vector 200      : Site  4 -> site  3, neig = -1  1  0
       Correlation vector 201      : Site  4 -> site  1, neig =  0  1  1
       Correlation vector 202      : Site  4 -> site  2, neig =  0  1  0
       Correlation vector 203      : Site  4 -> site  1, neig =  1  0  1
       Correlation vector 204      : Site  4 -> site  1, neig =  0  0  1
       Correlation vector 205      : Site  4 -> site  4, neig = -1  0 -1
       Correlation vector 206      : Site  4 -> site  4, neig =  0 -1 -1
       Correlation vector 207      : Site  4 -> site  4, neig =  1  1  0
       Correlation vector 208      : Site  4 -> site  4, neig = -1  0  1
       Correlation vector 209      : Site  4 -> site  4, neig =  1  0  1
       Correlation vector 210      : Site  4 -> site  4, neig =  1  0 -1
       Correlation vector 211      : Site  4 -> site  4, neig =  0 -1  1
       Correlation vector 212      : Site  4 -> site  4, neig =  0  1 -1
       Correlation vector 213      : Site  4 -> site  4, neig =  1 -1  0
       Correlation vector 214      : Site  4 -> site  4, neig = -1 -1  0
       Correlation vector 215      : Site  4 -> site  4, neig =  0  1  1
       Correlation vector 216      : Site  4 -> site  4, neig = -1  1  0

    Defined correlation angles     : 

       ** none defined **

    Defined correlation environments: 

       ** none defined **

    Defined correlation ranges: 

       ** none defined **

    Defined displacement direc.    : 

       Displacement corr. #  1     : all directions
       Displacement corr. #  2     : all directions
       Displacement corr. #  3     : all directions
       Displacement corr. #  4     : all directions

    Defined correlation connectiv. : 

       ** none defined **

 Desired distance for LENNARD : 

            Pairs          neigh. #   distance/A       depth/B       m       n
     AU(1)    - AU(1)          1       2.951          5.2900000    
                                   2307205.0         6987.1638     12.000    6.000
     AU(1)    - PD(2)          1       2.885          5.7200000    
                                   1901716.8         6596.3081     12.000    6.000
     PD(2)    - PD(2)          1       2.819          6.1500000    
                                   1548873.8         6172.7056     12.000    6.000
     AU(1)    - AU(1)          2       2.951          5.2900000    
                                   2307205.0         6987.1638     12.000    6.000
     AU(1)    - PD(2)          2       2.885          5.7200000    
                                   1901716.8         6596.3081     12.000    6.000
     PD(2)    - PD(2)          2       2.819          6.1500000    
                                   1548873.8         6172.7056     12.000    6.000
     AU(1)    - AU(1)          3       2.951          5.2900000    
                                   2307205.0         6987.1638     12.000    6.000
     AU(1)    - PD(2)          3       2.885          5.7200000    
                                   1901716.8         6596.3081     12.000    6.000
     PD(2)    - PD(2)          3       2.819          6.1500000    
                                   1548873.8         6172.7056     12.000    6.000
     AU(1)    - AU(1)          4       2.951          5.2900000    
                                   2307205.0         6987.1638     12.000    6.000
     AU(1)    - PD(2)          4       2.885          5.7200000    
                                   1901716.8         6596.3081     12.000    6.000
     PD(2)    - PD(2)          4       2.819          6.1500000    
                                   1548873.8         6172.7056     12.000    6.000

 Sigmas for MC shifts (l.u.)    : 
                 Atom VOID(0)   :   0.00000   0.00000   0.00000
                 Atom AU(1)     :   0.02500   0.02500   0.02500
                 Atom PD(2)     :   0.02500   0.02500   0.02500

 Gen:    5488000 try:   10804500 acc: (g/n/b):   660461 /       76 /   514260  MC moves 0.0000
                                             Correlations/
 Neig.- Energy-       Atoms           Target  Distance/    Sigma     Diff      Diff/     Number
 Def.   Type    central  Neighbors             Angle                           Target  of pairs
   1   Lennard   AU      AU            2.951     4.593     1.042    -1.642    -0.556      34390
   1   Lennard   AU      PD            2.885     4.577     1.029    -1.692    -0.586      14836
   1   Lennard   PD      PD            2.819     4.444     1.059    -1.625    -0.576      25602
   2   Lennard   AU      AU            2.951     4.592     1.044    -1.641    -0.556      34190
   2   Lennard   AU      PD            2.885     4.593     1.023    -1.708    -0.592      15438
   2   Lennard   PD      PD            2.819     4.451     1.061    -1.632    -0.579      26974
   3   Lennard   AU      AU            2.951     4.581     1.043    -1.630    -0.552      32384
   3   Lennard   AU      PD            2.885     4.590     1.027    -1.705    -0.591      15722
   3   Lennard   PD      PD            2.819     4.472     1.060    -1.653    -0.586      28212
   4   Lennard   AU      AU            2.951     4.601     1.042    -1.650    -0.559      35632
   4   Lennard   AU      PD            2.885     4.582     1.025    -1.697    -0.588      15246
   4   Lennard   PD      PD            2.819     4.440     1.061    -1.621    -0.575      25916

 --- Final multiple energy configuration ---

 Gen:    5488000 try:    5488000 acc: (g/n/b):   662393 /       76 /   515749  MC moves 
                                             Correlations/
 Neig.- Energy-       Atoms           Target  Distance/    Sigma     Diff      Diff/     Number
 Def.   Type    central  Neighbors             Angle                           Target  of pairs
   1   Lennard   AU      AU            2.951     4.592     1.041    -1.641    -0.556      34390
   1   Lennard   AU      PD            2.885     4.578     1.028    -1.693    -0.587      14836
   1   Lennard   PD      PD            2.819     4.444     1.059    -1.625    -0.576      25602
   2   Lennard   AU      AU            2.951     4.592     1.044    -1.641    -0.556      34190
   2   Lennard   AU      PD            2.885     4.593     1.022    -1.708    -0.592      15438
   2   Lennard   PD      PD            2.819     4.450     1.061    -1.631    -0.579      26974
   3   Lennard   AU      AU            2.951     4.581     1.043    -1.630    -0.552      32384
   3   Lennard   AU      PD            2.885     4.591     1.026    -1.706    -0.591      15722
   3   Lennard   PD      PD            2.819     4.471     1.060    -1.652    -0.586      28212
   4   Lennard   AU      AU            2.951     4.601     1.042    -1.650    -0.559      35632
   4   Lennard   AU      PD            2.885     4.583     1.024    -1.698    -0.589      15246
   4   Lennard   PD      PD            2.819     4.440     1.061    -1.621    -0.575      25916

 Maximum Cycles reached 
 Largest          difference ************ ?       0.0000
 Largest relative difference ************ ?       0.0000
 Stagnant: average changes   ************ ?       0.0000
 Stagnant: largest changes   ************ ?       0.0000

 --- Average energy changes ---

 Energy type              number                 number  number
                             E < 0      <E>           E = 0     E > 0     <E>
Occupation correlation           0       0.000000         0         0       0.000000
Displacement correlation         0       0.000000         0         0       0.000000
Displacement energy              0       0.000000         0         0       0.000000
Angular energy                   0       0.000000         0         0       0.000000
Vector energy                    0       0.000000         0         0       0.000000
Bond length energy               0       0.000000         0         0       0.000000
Lennard Jones Potential     662399      -0.509935        76    515751       0.643874
Buckingham Potential             0       0.000000         0         0       0.000000
Repulsive     Potential          0       0.000000         0         0       0.000000
Coordination Number              0       0.000000         0         0       0.000000
Unidirectional Corr              0       0.000000         0         0       0.000000
Groupwise correlation            0       0.000000         0         0       0.000000

 Elapsed time :    0 h 34 min  3 sec 
 Time/cycle   :     0.000 sec


 Gen:    5488000 try:   10976000 acc: (g/n/b):   661417 /       67 /   514541  MC moves 0.0000
                                             Correlations/
 Neig.- Energy-       Atoms           Target  Distance/    Sigma     Diff      Diff/     Number
 Def.   Type    central  Neighbors             Angle                           Target  of pairs
   1   Lennard   AU      AU            2.951     4.595     1.042    -1.644    -0.557      34390
   1   Lennard   AU      PD            2.885     4.575     1.028    -1.690    -0.586      14836
   1   Lennard   PD      PD            2.819     4.442     1.059    -1.623    -0.576      25602
   2   Lennard   AU      AU            2.951     4.593     1.045    -1.642    -0.557      34190
   2   Lennard   AU      PD            2.885     4.592     1.022    -1.707    -0.592      15438
   2   Lennard   PD      PD            2.819     4.447     1.061    -1.628    -0.578      26974
   3   Lennard   AU      AU            2.951     4.582     1.044    -1.631    -0.553      32384
   3   Lennard   AU      PD            2.885     4.589     1.024    -1.704    -0.591      15722
   3   Lennard   PD      PD            2.819     4.470     1.062    -1.651    -0.586      28212
   4   Lennard   AU      AU            2.951     4.602     1.042    -1.651    -0.560      35632
   4   Lennard   AU      PD            2.885     4.584     1.024    -1.699    -0.589      15246
   4   Lennard   PD      PD            2.819     4.438     1.061    -1.619    -0.574      25916

 --- Final multiple energy configuration ---

 Gen:    5488000 try:    5488000 acc: (g/n/b):   661417 /       67 /   514542  MC moves 
                                             Correlations/
 Neig.- Energy-       Atoms           Target  Distance/    Sigma     Diff      Diff/     Number
 Def.   Type    central  Neighbors             Angle                           Target  of pairs
   1   Lennard   AU      AU            2.951     4.595     1.042    -1.644    -0.557      34390
   1   Lennard   AU      PD            2.885     4.575     1.028    -1.690    -0.586      14836
   1   Lennard   PD      PD            2.819     4.442     1.059    -1.623    -0.576      25602
   2   Lennard   AU      AU            2.951     4.593     1.045    -1.642    -0.557      34190
   2   Lennard   AU      PD            2.885     4.592     1.022    -1.707    -0.592      15438
   2   Lennard   PD      PD            2.819     4.447     1.061    -1.628    -0.578      26974
   3   Lennard   AU      AU            2.951     4.582     1.044    -1.631    -0.553      32384
   3   Lennard   AU      PD            2.885     4.589     1.024    -1.704    -0.591      15722
   3   Lennard   PD      PD            2.819     4.470     1.062    -1.651    -0.586      28212
   4   Lennard   AU      AU            2.951     4.602     1.042    -1.651    -0.560      35632
   4   Lennard   AU      PD            2.885     4.584     1.024    -1.699    -0.589      15246
   4   Lennard   PD      PD            2.819     4.438     1.061    -1.619    -0.574      25916

 Maximum Cycles reached 
 Largest          difference ************ ?       0.0000
 Largest relative difference ************ ?       0.0000
 Stagnant: average changes   ************ ?       0.0000
 Stagnant: largest changes   ************ ?       0.0000

 --- Average energy changes ---

 Energy type              number                 number  number
                             E < 0      <E>           E = 0     E > 0     <E>
Occupation correlation           0       0.000000         0         0       0.000000
Displacement correlation         0       0.000000         0         0       0.000000
Displacement energy              0       0.000000         0         0       0.000000
Angular energy                   0       0.000000         0         0       0.000000
Vector energy                    0       0.000000         0         0       0.000000
Bond length energy               0       0.000000         0         0       0.000000
Lennard Jones Potential     661413      -0.510209        67    514540       0.640899
Buckingham Potential             0       0.000000         0         0       0.000000
Repulsive     Potential          0       0.000000         0         0       0.000000
Coordination Number              0       0.000000         0         0       0.000000
Unidirectional Corr              0       0.000000         0         0       0.000000
Groupwise correlation            0       0.000000         0         0       0.000000

 Elapsed time :    0 h 44 min 38 sec 
 Time/cycle   :     0.000 sec


 Gen:    5488000 try:   10976000 acc: (g/n/b):   664954 /       62 /   515588  MC moves 0.0000
                                             Correlations/
 Neig.- Energy-       Atoms           Target  Distance/    Sigma     Diff      Diff/     Number
 Def.   Type    central  Neighbors             Angle                           Target  of pairs
   1   Lennard   AU      AU            2.951     4.596     1.043    -1.645    -0.557      34390
   1   Lennard   AU      PD            2.885     4.573     1.027    -1.688    -0.585      14836
   1   Lennard   PD      PD            2.819     4.444     1.060    -1.625    -0.576      25602
   2   Lennard   AU      AU            2.951     4.594     1.046    -1.643    -0.557      34190
   2   Lennard   AU      PD            2.885     4.592     1.022    -1.707    -0.592      15438
   2   Lennard   PD      PD            2.819     4.449     1.062    -1.630    -0.578      26974
   3   Lennard   AU      AU            2.951     4.583     1.043    -1.632    -0.553      32384
   3   Lennard   AU      PD            2.885     4.590     1.026    -1.705    -0.591      15722
   3   Lennard   PD      PD            2.819     4.470     1.061    -1.651    -0.586      28212
   4   Lennard   AU      AU            2.951     4.604     1.042    -1.653    -0.560      35632
   4   Lennard   AU      PD            2.885     4.580     1.025    -1.695    -0.588      15246
   4   Lennard   PD      PD            2.819     4.440     1.059    -1.621    -0.575      25916

 --- Final multiple energy configuration ---

 Gen:    5488000 try:    5488000 acc: (g/n/b):   664954 /       62 /   515588  MC moves 
                                             Correlations/
 Neig.- Energy-       Atoms           Target  Distance/    Sigma     Diff      Diff/     Number
 Def.   Type    central  Neighbors             Angle                           Target  of pairs
   1   Lennard   AU      AU            2.951     4.596     1.043    -1.645    -0.557      34390
   1   Lennard   AU      PD            2.885     4.573     1.027    -1.688    -0.585      14836
   1   Lennard   PD      PD            2.819     4.444     1.060    -1.625    -0.576      25602
   2   Lennard   AU      AU            2.951     4.594     1.046    -1.643    -0.557      34190
   2   Lennard   AU      PD            2.885     4.592     1.022    -1.707    -0.592      15438
   2   Lennard   PD      PD            2.819     4.449     1.062    -1.630    -0.578      26974
   3   Lennard   AU      AU            2.951     4.583     1.043    -1.632    -0.553      32384
   3   Lennard   AU      PD            2.885     4.590     1.026    -1.705    -0.591      15722
   3   Lennard   PD      PD            2.819     4.470     1.061    -1.651    -0.586      28212
   4   Lennard   AU      AU            2.951     4.604     1.042    -1.653    -0.560      35632
   4   Lennard   AU      PD            2.885     4.580     1.025    -1.695    -0.588      15246
   4   Lennard   PD      PD            2.819     4.440     1.059    -1.621    -0.575      25916

 Maximum Cycles reached 
 Largest          difference ************ ?       0.0000
 Largest relative difference ************ ?       0.0000
 Stagnant: average changes   ************ ?       0.0000
 Stagnant: largest changes   ************ ?       0.0000

 --- Average energy changes ---

 Energy type              number                 number  number
                             E < 0      <E>           E = 0     E > 0     <E>
Occupation correlation           0       0.000000         0         0       0.000000
Displacement correlation         0       0.000000         0         0       0.000000
Displacement energy              0       0.000000         0         0       0.000000
Angular energy                   0       0.000000         0         0       0.000000
Vector energy                    0       0.000000         0         0       0.000000
Bond length energy               0       0.000000         0         0       0.000000
Lennard Jones Potential     664952      -0.510567        62    515587       0.643443
Buckingham Potential             0       0.000000         0         0       0.000000
Repulsive     Potential          0       0.000000         0         0       0.000000
Coordination Number              0       0.000000         0         0       0.000000
Unidirectional Corr              0       0.000000         0         0       0.000000
Groupwise correlation            0       0.000000         0         0       0.000000

 Elapsed time :    0 h 52 min 17 sec 
 Time/cycle   :     0.001 sec


 Gen:    5488000 try:   10976000 acc: (g/n/b):   663600 /       54 /   515519  MC moves 0.0000
                                             Correlations/
 Neig.- Energy-       Atoms           Target  Distance/    Sigma     Diff      Diff/     Number
 Def.   Type    central  Neighbors             Angle                           Target  of pairs
   1   Lennard   AU      AU            2.951     4.594     1.042    -1.643    -0.557      34390
   1   Lennard   AU      PD            2.885     4.574     1.028    -1.689    -0.585      14836
   1   Lennard   PD      PD            2.819     4.444     1.060    -1.625    -0.576      25602
   2   Lennard   AU      AU            2.951     4.592     1.044    -1.641    -0.556      34190
   2   Lennard   AU      PD            2.885     4.591     1.023    -1.706    -0.591      15438
   2   Lennard   PD      PD            2.819     4.449     1.061    -1.630    -0.578      26974
   3   Lennard   AU      AU            2.951     4.580     1.042    -1.629    -0.552      32384
   3   Lennard   AU      PD            2.885     4.589     1.026    -1.704    -0.591      15722
   3   Lennard   PD      PD            2.819     4.472     1.061    -1.653    -0.586      28212
   4   Lennard   AU      AU            2.951     4.601     1.042    -1.650    -0.559      35632
   4   Lennard   AU      PD            2.885     4.582     1.025    -1.697    -0.588      15246
   4   Lennard   PD      PD            2.819     4.440     1.060    -1.621    -0.575      25916

 --- Final multiple energy configuration ---

 Gen:    5488000 try:    5488000 acc: (g/n/b):   663600 /       54 /   515519  MC moves 
                                             Correlations/
 Neig.- Energy-       Atoms           Target  Distance/    Sigma     Diff      Diff/     Number
 Def.   Type    central  Neighbors             Angle                           Target  of pairs
   1   Lennard   AU      AU            2.951     4.594     1.042    -1.643    -0.557      34390
   1   Lennard   AU      PD            2.885     4.574     1.028    -1.689    -0.585      14836
   1   Lennard   PD      PD            2.819     4.444     1.060    -1.625    -0.576      25602
   2   Lennard   AU      AU            2.951     4.592     1.044    -1.641    -0.556      34190
   2   Lennard   AU      PD            2.885     4.591     1.023    -1.706    -0.591      15438
   2   Lennard   PD      PD            2.819     4.449     1.061    -1.630    -0.578      26974
   3   Lennard   AU      AU            2.951     4.580     1.042    -1.629    -0.552      32384
   3   Lennard   AU      PD            2.885     4.589     1.026    -1.704    -0.591      15722
   3   Lennard   PD      PD            2.819     4.472     1.061    -1.653    -0.586      28212
   4   Lennard   AU      AU            2.951     4.601     1.042    -1.650    -0.559      35632
   4   Lennard   AU      PD            2.885     4.582     1.025    -1.697    -0.588      15246
   4   Lennard   PD      PD            2.819     4.440     1.060    -1.621    -0.575      25916

 Maximum Cycles reached 
 Largest          difference ************ ?       0.0000
 Largest relative difference ************ ?       0.0000
 Stagnant: average changes   ************ ?       0.0000
 Stagnant: largest changes   ************ ?       0.0000

 --- Average energy changes ---

 Energy type              number                 number  number
                             E < 0      <E>           E = 0     E > 0     <E>
Occupation correlation           0       0.000000         0         0       0.000000
Displacement correlation         0       0.000000         0         0       0.000000
Displacement energy              0       0.000000         0         0       0.000000
Angular energy                   0       0.000000         0         0       0.000000
Vector energy                    0       0.000000         0         0       0.000000
Bond length energy               0       0.000000         0         0       0.000000
Lennard Jones Potential     663603      -0.510108        54    515523       0.641865
Buckingham Potential             0       0.000000         0         0       0.000000
Repulsive     Potential          0       0.000000         0         0       0.000000
Coordination Number              0       0.000000         0         0       0.000000
Unidirectional Corr              0       0.000000         0         0       0.000000
Groupwise correlation            0       0.000000         0         0       0.000000

 Elapsed time :    0 h 34 min  8 sec 
 Time/cycle   :     0.000 sec

 Fm-3m             225
 Lattice constants :
    a          b          c         alpha      beta       gamma      volume
    4.07890    4.07890    4.07890   90.00000   90.00000   90.00000    67.8624    

 Metric Tensor     :
      16.63743      0.00000      0.00000
       0.00000     16.63743      0.00000
       0.00000      0.00000     16.63743

 Reciprocal Lattice constants :
    a*         b*         c*        alpha*     beta*      gamma*     volume
    0.24516    0.24516    0.24516   90.00000   90.00000   90.00000   0.147357E-01

 Reciprocal metric tensor     : 
       0.06011     -0.00000     -0.00000
      -0.00000      0.06011     -0.00000
      -0.00000     -0.00000      0.06011

    Neighbour determination mode   : quick = F
    Periodic boundaries (x,y,z)    : F F F
    Current operation mode         : atoms
    Sample volume for homo-check   : complete crystal
    Allowed bond length range      :  1.500 A to  7.500 A
    # points for histogramms       :    601

    Neighbour definitions          : 

        #  Mode  Neighbour (or vec.)  fsig  wsig   rmin[A] rmax[A] ang sym
       -------------------------------------------------------------------

    Defined correlation vectors    : 

       ** none defined **

    Defined correlation angles     : 

       ** none defined **

    Defined correlation environments: 

       ** none defined **

    Defined correlation ranges: 

       ** none defined **

    Defined displacement direc.    : 

       ** none defined **

    Defined correlation connectiv. : 

       ** none defined **
 Size of the crystal (unit cells) :    1 x    1 x    1
 Total number of atoms            :      3925
 Number of atoms per unit cell    :      3925
 Number of different atoms        :         2

    Element : VOID(0)   rel. abundance : 0.000  (        0 atoms)
    Element : AU(1)     rel. abundance : 0.488  (     1914 atoms)
    Element : PD(2)     rel. abundance : 0.512  (     2011 atoms)
 Computing powder sine lookup table ...
 Computing sin(theta)/lambda table ...
  Starting histogram

 Elapsed time H  :   3.17601     sec
  Starting convolution

 Elapsed time    :   9921.12     sec
 Resetting - all parameters ..
 Reading file Au50Pd50_Profiles_v2/Au50Pd50Dt10.xrd ..
 Column assignement (x y dx dy):     1    2    0    0
 Data set no.:   1

   Filename : Au50Pd50_Profiles_v2/Au50Pd50Dt10.xrd
   Size     :   8692 points

   Range  x :    30.00     to    120.0    
   Range  y :   0.5875E-10 to   0.1672E+05

 Reading file MC_Dt10/500.xrd ..
 Column assignement (x y dx dy):     1    2    0    0
 Data set no.:   2

   Filename : MC_Dt10/500.xrd
   Size     :   8692 points

   Range  x :    30.00     to    120.0    
   Range  y :   0.2420E-09 to   0.1579E+05

 Data set no.:   1

   Filename : Au50Pd50_Profiles_v2/Au50Pd50Dt10.xrd
   Size     :   8692 points

   Range  x :    30.00     to    120.0    
   Range  y :   0.3514E-13 to    10.00    

 Data set no.:   2

   Filename : MC_Dt10/500.xrd
   Size     :   8692 points

   Range  x :    30.00     to    120.0    
   Range  y :   0.1447E-12 to    9.442    

 ------ > Saving window   1 to file : MC_Dt10/500XRD.pdf ..
 Setting PDF calculation to no periodic bound., 3D, exact mode ..
 Setting up PDF segment ...
 Extending PDF search distance to  51.1429 A ...
 Calculating PDF (exact mode) ...
    20.00 % done  ...
    40.00 % done  ...
    60.00 % done  ...
    80.00 % done  ...
   100.00 % done  ...

 Elapsed time    :  0.408715     sec
 Required time        :     5.09 s

 Total sum of weights :    178331.6957    
 Saving PDF to file : MC_Dt10/500.apd ...
 Resetting - all parameters ..
 Reading file Au50Pd50_Profiles_v2/Au50Pd50Dt10.apd ..
 Column assignement (x y dx dy):     1    2    3    4
 Data set no.:   1

   Filename : Au50Pd50_Profiles_v2/Au50Pd50Dt10.apd
   Size     :   5000 points

   Range  x :   0.1000E-01 to    50.00    
   Range  y :   -11.89     to    42.62    

 Reading file MC_Dt10/500.apd ..
 Column assignement (x y dx dy):     1    2    3    4
 Data set no.:   2

   Filename : MC_Dt10/500.apd
   Size     :   5000 points

   Range  x :   0.1000E-01 to    50.00    
   Range  y :   -3.874     to    15.32    

 Data set no.:   1

   Filename : Au50Pd50_Profiles_v2/Au50Pd50Dt10.apd
   Size     :   5000 points

   Range  x :   0.1000E-01 to    50.00    
   Range  y :   -2.789     to    10.00    

 Data set no.:   2

   Filename : MC_Dt10/500.apd
   Size     :   5000 points

   Range  x :   0.1000E-01 to    50.00    
   Range  y :  -0.9090     to    3.594    

 ------ > Saving window   1 to file : MC_Dt10/500PDF.pdf ..
 Calculating bond-length distibution
    Allowed range :   1.00 A to  15.00  A / File : MC_Dt10/500_ ( 801 pts)

    AU(1)    - AU(1)    : d = 10.878 +-  3.012 A (Min =  0.000, Max = 15.000)
                                                 (Pairs =             808628)
                                                 (Total =             808628)
 Calculating bond-length distibution
    Allowed range :   1.00 A to  15.00  A / File : MC_Dt10/500_ ( 801 pts)

    AU(1)    - PD(2)    : d = 11.224 +-  2.918 A (Min =  0.000, Max = 15.000)
                                                 (Pairs =             467539)
                                                 (Total =             467539)
 Calculating bond-length distibution
    Allowed range :   1.00 A to  15.00  A / File : MC_Dt10/500_ ( 801 pts)

    PD(2)    - PD(2)    : d = 10.492 +-  3.229 A (Min =  0.000, Max = 15.000)
                                                 (Pairs =             466586)
                                                 (Total =             466586)
 Resetting ..
 Reading file Au50Pd50_Profiles_v2/Au50Pd50Dt10_AuAu.bld ..
 Column assignement (x y dx dy):     1    2    0    0
 Data set no.:   1

   Filename : Au50Pd50_Profiles_v2/Au50Pd50Dt10_AuAu.bld
   Size     :    801 points

   Range  x :    1.000     to    14.98    
   Range  y :    0.000     to   0.7626E+05

 Reading file MC_Dt10/500_AuAu.bld ..
 Column assignement (x y dx dy):     1    2    0    0
 Data set no.:   2

   Filename : MC_Dt10/500_AuAu.bld
   Size     :    801 points

   Range  x :    1.000     to    14.98    
   Range  y :    0.000     to    4342.    

 Reading file Au50Pd50_Profiles_v2/Au50Pd50Dt10_AuPd.bld ..
 Column assignement (x y dx dy):     1    2    0    0
 Data set no.:   3

   Filename : Au50Pd50_Profiles_v2/Au50Pd50Dt10_AuPd.bld
   Size     :    801 points

   Range  x :    1.000     to    14.98    
   Range  y :    0.000     to   0.4949E+05

 Reading file MC_Dt10/500_AuPd.bld ..
 Column assignement (x y dx dy):     1    2    0    0
 Data set no.:   4

   Filename : MC_Dt10/500_AuPd.bld
   Size     :    801 points

   Range  x :    1.000     to    14.98    
   Range  y :    0.000     to    2733.    

 Reading file Au50Pd50_Profiles_v2/Au50Pd50Dt10_PdPd.bld ..
 Column assignement (x y dx dy):     1    2    0    0
 Data set no.:   5

   Filename : Au50Pd50_Profiles_v2/Au50Pd50Dt10_PdPd.bld
   Size     :    801 points

   Range  x :    1.000     to    14.98    
   Range  y :    0.000     to   0.4066E+05

 Reading file MC_Dt10/500_PdPd.bld ..
 Column assignement (x y dx dy):     1    2    0    0
 Data set no.:   6

   Filename : MC_Dt10/500_PdPd.bld
   Size     :    801 points

   Range  x :    1.000     to    14.98    
   Range  y :    0.000     to    2178.    

 Data set no.:   1

   Filename : Au50Pd50_Profiles_v2/Au50Pd50Dt10_AuAu.bld
   Size     :    801 points

   Range  x :    1.000     to    14.98    
   Range  y :    0.000     to    10.00    

 Data set no.:   2

   Filename : MC_Dt10/500_AuAu.bld
   Size     :    801 points

   Range  x :    1.000     to    14.98    
   Range  y :    0.000     to   0.5694    

 Data set no.:   3

   Filename : Au50Pd50_Profiles_v2/Au50Pd50Dt10_AuPd.bld
   Size     :    801 points

   Range  x :    1.000     to    14.98    
   Range  y :    0.000     to    10.00    

 Data set no.:   4

   Filename : MC_Dt10/500_AuPd.bld
   Size     :    801 points

   Range  x :    1.000     to    14.98    
   Range  y :    0.000     to   0.5522    

 Data set no.:   5

   Filename : Au50Pd50_Profiles_v2/Au50Pd50Dt10_PdPd.bld
   Size     :    801 points

   Range  x :    1.000     to    14.98    
   Range  y :    0.000     to    10.00    

 Data set no.:   6

   Filename : MC_Dt10/500_PdPd.bld
   Size     :    801 points

   Range  x :    1.000     to    14.98    
   Range  y :    0.000     to   0.5357    

 ------ > Saving window   3 to file : MC_Dt10/500BLD.pdf ..
 Fm-3m             225
 Lattice constants :
    a          b          c         alpha      beta       gamma      volume
    4.07890    4.07890    4.07890   90.00000   90.00000   90.00000    67.8624    

 Metric Tensor     :
      16.63743      0.00000      0.00000
       0.00000     16.63743      0.00000
       0.00000      0.00000     16.63743

 Reciprocal Lattice constants :
    a*         b*         c*        alpha*     beta*      gamma*     volume
    0.24516    0.24516    0.24516   90.00000   90.00000   90.00000   0.147357E-01

 Reciprocal metric tensor     : 
       0.06011     -0.00000     -0.00000
      -0.00000      0.06011     -0.00000
      -0.00000     -0.00000      0.06011

    Neighbour determination mode   : quick = F
    Periodic boundaries (x,y,z)    : F F F
    Current operation mode         : atoms
    Sample volume for homo-check   : complete crystal
    Allowed bond length range      :  1.500 A to  7.500 A
    # points for histogramms       :    601

    Neighbour definitions          : 

        #  Mode  Neighbour (or vec.)  fsig  wsig   rmin[A] rmax[A] ang sym
       -------------------------------------------------------------------

    Defined correlation vectors    : 

       ** none defined **

    Defined correlation angles     : 

       ** none defined **

    Defined correlation environments: 

       ** none defined **

    Defined correlation ranges: 

       ** none defined **

    Defined displacement direc.    : 

       ** none defined **

    Defined correlation connectiv. : 

       ** none defined **
 Size of the crystal (unit cells) :    1 x    1 x    1
 Total number of atoms            :      3925
 Number of atoms per unit cell    :      3925
 Number of different atoms        :         2

    Element : VOID(0)   rel. abundance : 0.000  (        0 atoms)
    Element : AU(1)     rel. abundance : 0.488  (     1914 atoms)
    Element : PD(2)     rel. abundance : 0.512  (     2011 atoms)
 Computing powder sine lookup table ...
 Computing sin(theta)/lambda table ...
  Starting histogram

 Elapsed time H  :   3.16269     sec
  Starting convolution

 Elapsed time    :   9946.67     sec
 Resetting - all parameters ..
 Reading file Au50Pd50_Profiles_v2/Au50Pd50Dt10.xrd ..
 Column assignement (x y dx dy):     1    2    0    0
 Data set no.:   1

   Filename : Au50Pd50_Profiles_v2/Au50Pd50Dt10.xrd
   Size     :   8692 points

   Range  x :    30.00     to    120.0    
   Range  y :   0.5875E-10 to   0.1672E+05

 Reading file MC_Dt10/1000.xrd ..
 Column assignement (x y dx dy):     1    2    0    0
 Data set no.:   2

   Filename : MC_Dt10/1000.xrd
   Size     :   8692 points

   Range  x :    30.00     to    120.0    
   Range  y :   0.2383E-09 to   0.1574E+05

 Data set no.:   1

   Filename : Au50Pd50_Profiles_v2/Au50Pd50Dt10.xrd
   Size     :   8692 points

   Range  x :    30.00     to    120.0    
   Range  y :   0.3514E-13 to    10.00    

 Data set no.:   2

   Filename : MC_Dt10/1000.xrd
   Size     :   8692 points

   Range  x :    30.00     to    120.0    
   Range  y :   0.1425E-12 to    9.416    

 ------ > Saving window   1 to file : MC_Dt10/1000XRD.pdf ..
 Setting PDF calculation to no periodic bound., 3D, exact mode ..
 Setting up PDF segment ...
 Extending PDF search distance to  51.1429 A ...
 Calculating PDF (exact mode) ...
    20.00 % done  ...
    40.00 % done  ...
    60.00 % done  ...
    80.00 % done  ...
   100.00 % done  ...

 Elapsed time    :  0.407945     sec
 Required time        :     5.10 s

 Total sum of weights :    178291.6630    
 Saving PDF to file : MC_Dt10/1000.apd ...
 Resetting - all parameters ..
 Reading file Au50Pd50_Profiles_v2/Au50Pd50Dt10.apd ..
 Column assignement (x y dx dy):     1    2    3    4
 Data set no.:   1

   Filename : Au50Pd50_Profiles_v2/Au50Pd50Dt10.apd
   Size     :   5000 points

   Range  x :   0.1000E-01 to    50.00    
   Range  y :   -11.89     to    42.62    

 Reading file MC_Dt10/1000.apd ..
 Column assignement (x y dx dy):     1    2    3    4
 Data set no.:   2

   Filename : MC_Dt10/1000.apd
   Size     :   5000 points

   Range  x :   0.1000E-01 to    50.00    
   Range  y :   -3.791     to    15.52    

 Data set no.:   1

   Filename : Au50Pd50_Profiles_v2/Au50Pd50Dt10.apd
   Size     :   5000 points

   Range  x :   0.1000E-01 to    50.00    
   Range  y :   -2.789     to    10.00    

 Data set no.:   2

   Filename : MC_Dt10/1000.apd
   Size     :   5000 points

   Range  x :   0.1000E-01 to    50.00    
   Range  y :  -0.8894     to    3.641    

 ------ > Saving window   1 to file : MC_Dt10/1000PDF.pdf ..
 Calculating bond-length distibution
    Allowed range :   1.00 A to  15.00  A / File : MC_Dt10/1000 ( 801 pts)

    AU(1)    - AU(1)    : d = 10.873 +-  3.011 A (Min =  0.000, Max = 15.000)
                                                 (Pairs =             806110)
                                                 (Total =             806110)
 Calculating bond-length distibution
    Allowed range :   1.00 A to  15.00  A / File : MC_Dt10/1000 ( 801 pts)

    AU(1)    - PD(2)    : d = 11.221 +-  2.918 A (Min =  0.000, Max = 15.000)
                                                 (Pairs =             467372)
                                                 (Total =             467372)
 Calculating bond-length distibution
    Allowed range :   1.00 A to  15.00  A / File : MC_Dt10/1000 ( 801 pts)

    PD(2)    - PD(2)    : d = 10.493 +-  3.230 A (Min =  0.000, Max = 15.000)
                                                 (Pairs =             466806)
                                                 (Total =             466806)
 Resetting ..
 Reading file Au50Pd50_Profiles_v2/Au50Pd50Dt10_AuAu.bld ..
 Column assignement (x y dx dy):     1    2    0    0
 Data set no.:   1

   Filename : Au50Pd50_Profiles_v2/Au50Pd50Dt10_AuAu.bld
   Size     :    801 points

   Range  x :    1.000     to    14.98    
   Range  y :    0.000     to   0.7626E+05

 Reading file MC_Dt10/1000_AuAu.bld ..
 Column assignement (x y dx dy):     1    2    0    0
 Data set no.:   2

   Filename : MC_Dt10/1000_AuAu.bld
   Size     :    801 points

   Range  x :    1.000     to    14.98    
   Range  y :    0.000     to    4156.    

 Reading file Au50Pd50_Profiles_v2/Au50Pd50Dt10_AuPd.bld ..
 Column assignement (x y dx dy):     1    2    0    0
 Data set no.:   3

   Filename : Au50Pd50_Profiles_v2/Au50Pd50Dt10_AuPd.bld
   Size     :    801 points

   Range  x :    1.000     to    14.98    
   Range  y :    0.000     to   0.4949E+05

 Reading file MC_Dt10/1000_AuPd.bld ..
 Column assignement (x y dx dy):     1    2    0    0
 Data set no.:   4

   Filename : MC_Dt10/1000_AuPd.bld
   Size     :    801 points

   Range  x :    1.000     to    14.98    
   Range  y :    0.000     to    2639.    

 Reading file Au50Pd50_Profiles_v2/Au50Pd50Dt10_PdPd.bld ..
 Column assignement (x y dx dy):     1    2    0    0
 Data set no.:   5

   Filename : Au50Pd50_Profiles_v2/Au50Pd50Dt10_PdPd.bld
   Size     :    801 points

   Range  x :    1.000     to    14.98    
   Range  y :    0.000     to   0.4066E+05

 Reading file MC_Dt10/1000_PdPd.bld ..
 Column assignement (x y dx dy):     1    2    0    0
 Data set no.:   6

   Filename : MC_Dt10/1000_PdPd.bld
   Size     :    801 points

   Range  x :    1.000     to    14.98    
   Range  y :    0.000     to    2248.    

 Data set no.:   1

   Filename : Au50Pd50_Profiles_v2/Au50Pd50Dt10_AuAu.bld
   Size     :    801 points

   Range  x :    1.000     to    14.98    
   Range  y :    0.000     to    10.00    

 Data set no.:   2

   Filename : MC_Dt10/1000_AuAu.bld
   Size     :    801 points

   Range  x :    1.000     to    14.98    
   Range  y :    0.000     to   0.5450    

 Data set no.:   3

   Filename : Au50Pd50_Profiles_v2/Au50Pd50Dt10_AuPd.bld
   Size     :    801 points

   Range  x :    1.000     to    14.98    
   Range  y :    0.000     to    10.00    

 Data set no.:   4

   Filename : MC_Dt10/1000_AuPd.bld
   Size     :    801 points

   Range  x :    1.000     to    14.98    
   Range  y :    0.000     to   0.5332    

 Data set no.:   5

   Filename : Au50Pd50_Profiles_v2/Au50Pd50Dt10_PdPd.bld
   Size     :    801 points

   Range  x :    1.000     to    14.98    
   Range  y :    0.000     to    10.00    

 Data set no.:   6

   Filename : MC_Dt10/1000_PdPd.bld
   Size     :    801 points

   Range  x :    1.000     to    14.98    
   Range  y :    0.000     to   0.5529    

 ------ > Saving window   3 to file : MC_Dt10/1000BLD.pdf ..
 Fm-3m             225
 Lattice constants :
    a          b          c         alpha      beta       gamma      volume
    4.07890    4.07890    4.07890   90.00000   90.00000   90.00000    67.8624    

 Metric Tensor     :
      16.63743      0.00000      0.00000
       0.00000     16.63743      0.00000
       0.00000      0.00000     16.63743

 Reciprocal Lattice constants :
    a*         b*         c*        alpha*     beta*      gamma*     volume
    0.24516    0.24516    0.24516   90.00000   90.00000   90.00000   0.147357E-01

 Reciprocal metric tensor     : 
       0.06011     -0.00000     -0.00000
      -0.00000      0.06011     -0.00000
      -0.00000     -0.00000      0.06011

    Neighbour determination mode   : quick = F
    Periodic boundaries (x,y,z)    : F F F
    Current operation mode         : atoms
    Sample volume for homo-check   : complete crystal
    Allowed bond length range      :  1.500 A to  7.500 A
    # points for histogramms       :    601

    Neighbour definitions          : 

        #  Mode  Neighbour (or vec.)  fsig  wsig   rmin[A] rmax[A] ang sym
       -------------------------------------------------------------------

    Defined correlation vectors    : 

       ** none defined **

    Defined correlation angles     : 

       ** none defined **

    Defined correlation environments: 

       ** none defined **

    Defined correlation ranges: 

       ** none defined **

    Defined displacement direc.    : 

       ** none defined **

    Defined correlation connectiv. : 

       ** none defined **
 Size of the crystal (unit cells) :    1 x    1 x    1
 Total number of atoms            :      3925
 Number of atoms per unit cell    :      3925
 Number of different atoms        :         2

    Element : VOID(0)   rel. abundance : 0.000  (        0 atoms)
    Element : AU(1)     rel. abundance : 0.488  (     1914 atoms)
    Element : PD(2)     rel. abundance : 0.512  (     2011 atoms)
 Computing powder sine lookup table ...
 Computing sin(theta)/lambda table ...
  Starting histogram

 Elapsed time H  :   3.23696     sec
  Starting convolution

 Elapsed time    :   9972.25     sec
 Resetting - all parameters ..
 Reading file Au50Pd50_Profiles_v2/Au50Pd50Dt10.xrd ..
 Column assignement (x y dx dy):     1    2    0    0
 Data set no.:   1

   Filename : Au50Pd50_Profiles_v2/Au50Pd50Dt10.xrd
   Size     :   8692 points

   Range  x :    30.00     to    120.0    
   Range  y :   0.5875E-10 to   0.1672E+05

 Reading file MC_Dt10/1500.xrd ..
 Column assignement (x y dx dy):     1    2    0    0
 Data set no.:   2

   Filename : MC_Dt10/1500.xrd
   Size     :   8692 points

   Range  x :    30.00     to    120.0    
   Range  y :   0.2467E-09 to   0.1570E+05

 Data set no.:   1

   Filename : Au50Pd50_Profiles_v2/Au50Pd50Dt10.xrd
   Size     :   8692 points

   Range  x :    30.00     to    120.0    
   Range  y :   0.3514E-13 to    10.00    

 Data set no.:   2

   Filename : MC_Dt10/1500.xrd
   Size     :   8692 points

   Range  x :    30.00     to    120.0    
   Range  y :   0.1475E-12 to    9.393    

 ------ > Saving window   1 to file : MC_Dt10/1500XRD.pdf ..
 Setting PDF calculation to no periodic bound., 3D, exact mode ..
 Setting up PDF segment ...
 Extending PDF search distance to  51.1429 A ...
 Calculating PDF (exact mode) ...
    20.00 % done  ...
    40.00 % done  ...
    60.00 % done  ...
    80.00 % done  ...
   100.00 % done  ...

 Elapsed time    :  0.410376     sec
 Required time        :     5.09 s

 Total sum of weights :    178425.4500    
 Saving PDF to file : MC_Dt10/1500.apd ...
 Resetting - all parameters ..
 Reading file Au50Pd50_Profiles_v2/Au50Pd50Dt10.apd ..
 Column assignement (x y dx dy):     1    2    3    4
 Data set no.:   1

   Filename : Au50Pd50_Profiles_v2/Au50Pd50Dt10.apd
   Size     :   5000 points

   Range  x :   0.1000E-01 to    50.00    
   Range  y :   -11.89     to    42.62    

 Reading file MC_Dt10/1500.apd ..
 Column assignement (x y dx dy):     1    2    3    4
 Data set no.:   2

   Filename : MC_Dt10/1500.apd
   Size     :   5000 points

   Range  x :   0.1000E-01 to    50.00    
   Range  y :   -3.756     to    15.20    

 Data set no.:   1

   Filename : Au50Pd50_Profiles_v2/Au50Pd50Dt10.apd
   Size     :   5000 points

   Range  x :   0.1000E-01 to    50.00    
   Range  y :   -2.789     to    10.00    

 Data set no.:   2

   Filename : MC_Dt10/1500.apd
   Size     :   5000 points

   Range  x :   0.1000E-01 to    50.00    
   Range  y :  -0.8812     to    3.566    

 ------ > Saving window   1 to file : MC_Dt10/1500PDF.pdf ..
 Calculating bond-length distibution
    Allowed range :   1.00 A to  15.00  A / File : MC_Dt10/1500 ( 801 pts)

    AU(1)    - AU(1)    : d = 10.872 +-  3.011 A (Min =  0.000, Max = 15.000)
                                                 (Pairs =             805702)
                                                 (Total =             805702)
 Calculating bond-length distibution
    Allowed range :   1.00 A to  15.00  A / File : MC_Dt10/1500 ( 801 pts)

    AU(1)    - PD(2)    : d = 11.221 +-  2.919 A (Min =  0.000, Max = 15.000)
                                                 (Pairs =             467447)
                                                 (Total =             467447)
 Calculating bond-length distibution
    Allowed range :   1.00 A to  15.00  A / File : MC_Dt10/1500 ( 801 pts)

    PD(2)    - PD(2)    : d = 10.492 +-  3.229 A (Min =  0.000, Max = 15.000)
                                                 (Pairs =             466590)
                                                 (Total =             466590)
 Resetting ..
 Reading file Au50Pd50_Profiles_v2/Au50Pd50Dt10_AuAu.bld ..
 Column assignement (x y dx dy):     1    2    0    0
 Data set no.:   1

   Filename : Au50Pd50_Profiles_v2/Au50Pd50Dt10_AuAu.bld
   Size     :    801 points

   Range  x :    1.000     to    14.98    
   Range  y :    0.000     to   0.7626E+05

 Reading file MC_Dt10/1500_AuAu.bld ..
 Column assignement (x y dx dy):     1    2    0    0
 Data set no.:   2

   Filename : MC_Dt10/1500_AuAu.bld
   Size     :    801 points

   Range  x :    1.000     to    14.98    
   Range  y :    0.000     to    4402.    

 Reading file Au50Pd50_Profiles_v2/Au50Pd50Dt10_AuPd.bld ..
 Column assignement (x y dx dy):     1    2    0    0
 Data set no.:   3

   Filename : Au50Pd50_Profiles_v2/Au50Pd50Dt10_AuPd.bld
   Size     :    801 points

   Range  x :    1.000     to    14.98    
   Range  y :    0.000     to   0.4949E+05

 Reading file MC_Dt10/1500_AuPd.bld ..
 Column assignement (x y dx dy):     1    2    0    0
 Data set no.:   4

   Filename : MC_Dt10/1500_AuPd.bld
   Size     :    801 points

   Range  x :    1.000     to    14.98    
   Range  y :    0.000     to    2661.    

 Reading file Au50Pd50_Profiles_v2/Au50Pd50Dt10_PdPd.bld ..
 Column assignement (x y dx dy):     1    2    0    0
 Data set no.:   5

   Filename : Au50Pd50_Profiles_v2/Au50Pd50Dt10_PdPd.bld
   Size     :    801 points

   Range  x :    1.000     to    14.98    
   Range  y :    0.000     to   0.4066E+05

 Reading file MC_Dt10/1500_PdPd.bld ..
 Column assignement (x y dx dy):     1    2    0    0
 Data set no.:   6

   Filename : MC_Dt10/1500_PdPd.bld
   Size     :    801 points

   Range  x :    1.000     to    14.98    
   Range  y :    0.000     to    2242.    

 Data set no.:   1

   Filename : Au50Pd50_Profiles_v2/Au50Pd50Dt10_AuAu.bld
   Size     :    801 points

   Range  x :    1.000     to    14.98    
   Range  y :    0.000     to    10.00    

 Data set no.:   2

   Filename : MC_Dt10/1500_AuAu.bld
   Size     :    801 points

   Range  x :    1.000     to    14.98    
   Range  y :    0.000     to   0.5772    

 Data set no.:   3

   Filename : Au50Pd50_Profiles_v2/Au50Pd50Dt10_AuPd.bld
   Size     :    801 points

   Range  x :    1.000     to    14.98    
   Range  y :    0.000     to    10.00    

 Data set no.:   4

   Filename : MC_Dt10/1500_AuPd.bld
   Size     :    801 points

   Range  x :    1.000     to    14.98    
   Range  y :    0.000     to   0.5377    

 Data set no.:   5

   Filename : Au50Pd50_Profiles_v2/Au50Pd50Dt10_PdPd.bld
   Size     :    801 points

   Range  x :    1.000     to    14.98    
   Range  y :    0.000     to    10.00    

 Data set no.:   6

   Filename : MC_Dt10/1500_PdPd.bld
   Size     :    801 points

   Range  x :    1.000     to    14.98    
   Range  y :    0.000     to   0.5515    

 ------ > Saving window   3 to file : MC_Dt10/1500BLD.pdf ..
 Fm-3m             225
 Lattice constants :
    a          b          c         alpha      beta       gamma      volume
    4.07890    4.07890    4.07890   90.00000   90.00000   90.00000    67.8624    

 Metric Tensor     :
      16.63743      0.00000      0.00000
       0.00000     16.63743      0.00000
       0.00000      0.00000     16.63743

 Reciprocal Lattice constants :
    a*         b*         c*        alpha*     beta*      gamma*     volume
    0.24516    0.24516    0.24516   90.00000   90.00000   90.00000   0.147357E-01

 Reciprocal metric tensor     : 
       0.06011     -0.00000     -0.00000
      -0.00000      0.06011     -0.00000
      -0.00000     -0.00000      0.06011

    Neighbour determination mode   : quick = F
    Periodic boundaries (x,y,z)    : F F F
    Current operation mode         : atoms
    Sample volume for homo-check   : complete crystal
    Allowed bond length range      :  1.500 A to  7.500 A
    # points for histogramms       :    601

    Neighbour definitions          : 

        #  Mode  Neighbour (or vec.)  fsig  wsig   rmin[A] rmax[A] ang sym
       -------------------------------------------------------------------

    Defined correlation vectors    : 

       ** none defined **

    Defined correlation angles     : 

       ** none defined **

    Defined correlation environments: 

       ** none defined **

    Defined correlation ranges: 

       ** none defined **

    Defined displacement direc.    : 

       ** none defined **

    Defined correlation connectiv. : 

       ** none defined **
 Size of the crystal (unit cells) :    1 x    1 x    1
 Total number of atoms            :      3925
 Number of atoms per unit cell    :      3925
 Number of different atoms        :         2

    Element : VOID(0)   rel. abundance : 0.000  (        0 atoms)
    Element : AU(1)     rel. abundance : 0.488  (     1914 atoms)
    Element : PD(2)     rel. abundance : 0.512  (     2011 atoms)
 Computing powder sine lookup table ...
 Computing sin(theta)/lambda table ...
  Starting histogram

 Elapsed time H  :   3.17388     sec
  Starting convolution

 Elapsed time    :   9997.75     sec
 Resetting - all parameters ..
 Reading file Au50Pd50_Profiles_v2/Au50Pd50Dt10.xrd ..
 Column assignement (x y dx dy):     1    2    0    0
 Data set no.:   1

   Filename : Au50Pd50_Profiles_v2/Au50Pd50Dt10.xrd
   Size     :   8692 points

   Range  x :    30.00     to    120.0    
   Range  y :   0.5875E-10 to   0.1672E+05

 Reading file MC_Dt10/2000.xrd ..
 Column assignement (x y dx dy):     1    2    0    0
 Data set no.:   2

   Filename : MC_Dt10/2000.xrd
   Size     :   8692 points

   Range  x :    30.00     to    120.0    
   Range  y :   0.2412E-09 to   0.1575E+05

 Data set no.:   1

   Filename : Au50Pd50_Profiles_v2/Au50Pd50Dt10.xrd
   Size     :   8692 points

   Range  x :    30.00     to    120.0    
   Range  y :   0.3514E-13 to    10.00    

 Data set no.:   2

   Filename : MC_Dt10/2000.xrd
   Size     :   8692 points

   Range  x :    30.00     to    120.0    
   Range  y :   0.1443E-12 to    9.422    

 ------ > Saving window   1 to file : MC_Dt10/2000XRD.pdf ..
 Setting PDF calculation to no periodic bound., 3D, exact mode ..
 Setting up PDF segment ...
 Extending PDF search distance to  51.1429 A ...
 Calculating PDF (exact mode) ...
    20.00 % done  ...
    40.00 % done  ...
    60.00 % done  ...
    80.00 % done  ...
   100.00 % done  ...

 Elapsed time    :  0.412405     sec
 Required time        :     5.06 s

 Total sum of weights :    178250.9964    
 Saving PDF to file : MC_Dt10/2000.apd ...
 Resetting - all parameters ..
 Reading file Au50Pd50_Profiles_v2/Au50Pd50Dt10.apd ..
 Column assignement (x y dx dy):     1    2    3    4
 Data set no.:   1

   Filename : Au50Pd50_Profiles_v2/Au50Pd50Dt10.apd
   Size     :   5000 points

   Range  x :   0.1000E-01 to    50.00    
   Range  y :   -11.89     to    42.62    

 Reading file MC_Dt10/2000.apd ..
 Column assignement (x y dx dy):     1    2    3    4
 Data set no.:   2

   Filename : MC_Dt10/2000.apd
   Size     :   5000 points

   Range  x :   0.1000E-01 to    50.00    
   Range  y :   -3.776     to    15.21    

 Data set no.:   1

   Filename : Au50Pd50_Profiles_v2/Au50Pd50Dt10.apd
   Size     :   5000 points

   Range  x :   0.1000E-01 to    50.00    
   Range  y :   -2.789     to    10.00    

 Data set no.:   2

   Filename : MC_Dt10/2000.apd
   Size     :   5000 points

   Range  x :   0.1000E-01 to    50.00    
   Range  y :  -0.8860     to    3.568    

 ------ > Saving window   1 to file : MC_Dt10/2000PDF.pdf ..
 Calculating bond-length distibution
    Allowed range :   1.00 A to  15.00  A / File : MC_Dt10/2000 ( 801 pts)

    AU(1)    - AU(1)    : d = 10.875 +-  3.012 A (Min =  0.000, Max = 15.000)
                                                 (Pairs =             807188)
                                                 (Total =             807188)
 Calculating bond-length distibution
    Allowed range :   1.00 A to  15.00  A / File : MC_Dt10/2000 ( 801 pts)

    AU(1)    - PD(2)    : d = 11.222 +-  2.918 A (Min =  0.000, Max = 15.000)
                                                 (Pairs =             467712)
                                                 (Total =             467712)
 Calculating bond-length distibution
    Allowed range :   1.00 A to  15.00  A / File : MC_Dt10/2000 ( 801 pts)

    PD(2)    - PD(2)    : d = 10.492 +-  3.229 A (Min =  0.000, Max = 15.000)
                                                 (Pairs =             466674)
                                                 (Total =             466674)
 Resetting ..
 Reading file Au50Pd50_Profiles_v2/Au50Pd50Dt10_AuAu.bld ..
 Column assignement (x y dx dy):     1    2    0    0
 Data set no.:   1

   Filename : Au50Pd50_Profiles_v2/Au50Pd50Dt10_AuAu.bld
   Size     :    801 points

   Range  x :    1.000     to    14.98    
   Range  y :    0.000     to   0.7626E+05

 Reading file MC_Dt10/2000_AuAu.bld ..
 Column assignement (x y dx dy):     1    2    0    0
 Data set no.:   2

   Filename : MC_Dt10/2000_AuAu.bld
   Size     :    801 points

   Range  x :    1.000     to    14.98    
   Range  y :    0.000     to    4260.    

 Reading file Au50Pd50_Profiles_v2/Au50Pd50Dt10_AuPd.bld ..
 Column assignement (x y dx dy):     1    2    0    0
 Data set no.:   3

   Filename : Au50Pd50_Profiles_v2/Au50Pd50Dt10_AuPd.bld
   Size     :    801 points

   Range  x :    1.000     to    14.98    
   Range  y :    0.000     to   0.4949E+05

 Reading file MC_Dt10/2000_AuPd.bld ..
 Column assignement (x y dx dy):     1    2    0    0
 Data set no.:   4

   Filename : MC_Dt10/2000_AuPd.bld
   Size     :    801 points

   Range  x :    1.000     to    14.98    
   Range  y :    0.000     to    2618.    

 Reading file Au50Pd50_Profiles_v2/Au50Pd50Dt10_PdPd.bld ..
 Column assignement (x y dx dy):     1    2    0    0
 Data set no.:   5

   Filename : Au50Pd50_Profiles_v2/Au50Pd50Dt10_PdPd.bld
   Size     :    801 points

   Range  x :    1.000     to    14.98    
   Range  y :    0.000     to   0.4066E+05

 Reading file MC_Dt10/2000_PdPd.bld ..
 Column assignement (x y dx dy):     1    2    0    0
 Data set no.:   6

   Filename : MC_Dt10/2000_PdPd.bld
   Size     :    801 points

   Range  x :    1.000     to    14.98    
   Range  y :    0.000     to    2142.    

 Data set no.:   1

   Filename : Au50Pd50_Profiles_v2/Au50Pd50Dt10_AuAu.bld
   Size     :    801 points

   Range  x :    1.000     to    14.98    
   Range  y :    0.000     to    10.00    

 Data set no.:   2

   Filename : MC_Dt10/2000_AuAu.bld
   Size     :    801 points

   Range  x :    1.000     to    14.98    
   Range  y :    0.000     to   0.5586    

 Data set no.:   3

   Filename : Au50Pd50_Profiles_v2/Au50Pd50Dt10_AuPd.bld
   Size     :    801 points

   Range  x :    1.000     to    14.98    
   Range  y :    0.000     to    10.00    

 Data set no.:   4

   Filename : MC_Dt10/2000_AuPd.bld
   Size     :    801 points

   Range  x :    1.000     to    14.98    
   Range  y :    0.000     to   0.5290    

 Data set no.:   5

   Filename : Au50Pd50_Profiles_v2/Au50Pd50Dt10_PdPd.bld
   Size     :    801 points

   Range  x :    1.000     to    14.98    
   Range  y :    0.000     to    10.00    

 Data set no.:   6

   Filename : MC_Dt10/2000_PdPd.bld
   Size     :    801 points

   Range  x :    1.000     to    14.98    
   Range  y :    0.000     to   0.5269    

 ------ > Saving window   3 to file : MC_Dt10/2000BLD.pdf ..
 END mc.relax.mac
