  running mc.relax.mac 
 Fm-3m             225
 Lattice constants :
    a          b          c         alpha      beta       gamma      volume
    4.07890    4.07890    4.07890   90.00000   90.00000   90.00000    67.8624    

 Metric Tensor     :
      16.63743      0.00000      0.00000
       0.00000     16.63743      0.00000
       0.00000      0.00000     16.63743

 Reciprocal Lattice constants :
    a*         b*         c*        alpha*     beta*      gamma*     volume
    0.24516    0.24516    0.24516   90.00000   90.00000   90.00000   0.147357E-01

 Reciprocal metric tensor     : 
       0.06011     -0.00000     -0.00000
      -0.00000      0.06011     -0.00000
      -0.00000     -0.00000      0.06011

    Neighbour determination mode   : quick = F
    Periodic boundaries (x,y,z)    : F F F
    Current operation mode         : atoms
    Sample volume for homo-check   : complete crystal
    Allowed bond length range      :  1.500 A to  7.500 A
    # points for histogramms       :    601

    Neighbour definitions          : 

        #  Mode  Neighbour (or vec.)  fsig  wsig   rmin[A] rmax[A] ang sym
       -------------------------------------------------------------------

    Defined correlation vectors    : 

       ** none defined **

    Defined correlation angles     : 

       ** none defined **

    Defined correlation environments: 

       ** none defined **

    Defined correlation ranges: 

       ** none defined **

    Defined displacement direc.    : 

       ** none defined **

    Defined correlation connectiv. : 

       ** none defined **
 Size of the crystal (unit cells) :   14 x   14 x   14
 Total number of atoms            :     10976
 Number of atoms per unit cell    :         4
 Number of different atoms        :         2

    Element : VOID(0)   rel. abundance : 0.642  (     7051 atoms)
    Element : PD(1)     rel. abundance : 0.177  (     1946 atoms)
    Element : AU(2)     rel. abundance : 0.180  (     1979 atoms)
   Operation mode for MC        : atoms
   Max. number of MC cycles     :  5488000
   Feedback/update intervall    :  5488000
   Maximum no. non_valid cycles :     1000
   Temperature [kT]             :   0.6000
   MMC will stop at convergence
      Max rel. difference       :   0.0000 at last cycle
      Max change rel. difference:   0.0000 observed over    3 feedbacks
      Av. change rel. difference:   0.0000 averaged over    3 feedbacks

 Operation modes for MMC; atoms selected 
   Mode                  Probability  two-atom correlation
   -------------------------------------------------------
   switch chemistry      0.00000      all                 
   switch displacement   0.00000      all                 
   shift atom            1.00000      all                 
   inverse displacement  0.00000      all                 

 Correlation definitions        : 

    Neighbour definitions          : 

        #  Mode  Neighbour (or vec.)  fsig  wsig   rmin[A] rmax[A] ang sym
       -------------------------------------------------------------------
        1  vec      1   2   3   4   5   6   7   8   9  10  11  12  13  14  15  16  17  18  19  20  21  22  23  24  25  26  27  28  29  30  31  32  33  34  35  36  37  38  39  40  41  42  43  44  45  46  47  48  49  50
       51  vec     52  53  54
        2  vec     55  56  57  58  59  60  61  62  63  64  65  66  67  68  69  70  71  72  73  74  75  76  77  78  79  80  81  82  83  84  85  86  87  88  89  90  91  92  93  94  95  96  97  98  99 100 101 102 103 104
       **  vec    106 107 108
        3  vec    109 110 111 112 113 114 115 116 117 118 119 120 121 122 123 124 125 126 127 128 129 130 131 132 133 134 135 136 137 138 139 140 141 142 143 144 145 146 147 148 149 150 151 152 153 154 155 156 157 158
       **  vec    160 161 162
        4  vec    163 164 165 166 167 168 169 170 171 172 173 174 175 176 177 178 179 180 181 182 183 184 185 186 187 188 189 190 191 192 193 194 195 196 197 198 199 200 201 202 203 204 205 206 207 208 209 210 211 212
       **  vec    214 215 216

    Defined correlation vectors    : 

       Correlation vector   1      : Site  1 -> site  2, neig =  0 -1 -1
       Correlation vector   2      : Site  1 -> site  3, neig =  0  0 -1
       Correlation vector   3      : Site  1 -> site  4, neig = -1 -1  0
       Correlation vector   4      : Site  1 -> site  3, neig = -1  0  0
       Correlation vector   5      : Site  1 -> site  4, neig = -1  0  0
       Correlation vector   6      : Site  1 -> site  2, neig =  0 -1  0
       Correlation vector   7      : Site  1 -> site  2, neig =  0  0  0
       Correlation vector   8      : Site  1 -> site  2, neig =  0  0 -1
       Correlation vector   9      : Site  1 -> site  4, neig =  0 -1  0
       Correlation vector  10      : Site  1 -> site  3, neig = -1  0 -1
       Correlation vector  11      : Site  1 -> site  4, neig =  0  0  0
       Correlation vector  12      : Site  1 -> site  3, neig =  0  0  0
       Correlation vector  13      : Site  1 -> site  1, neig =  0 -1  0
       Correlation vector  14      : Site  1 -> site  1, neig =  0  1  0
       Correlation vector  15      : Site  1 -> site  1, neig = -1  0  0
       Correlation vector  16      : Site  1 -> site  1, neig =  1  0  0
       Correlation vector  17      : Site  1 -> site  1, neig =  0  0  1
       Correlation vector  18      : Site  1 -> site  1, neig =  0  0 -1
       Correlation vector  19      : Site  1 -> site  3, neig =  0  1  0
       Correlation vector  20      : Site  1 -> site  2, neig =  1  0  0
       Correlation vector  21      : Site  1 -> site  2, neig =  1 -1 -1
       Correlation vector  22      : Site  1 -> site  4, neig =  0 -1 -1
       Correlation vector  23      : Site  1 -> site  3, neig = -1 -1 -1
       Correlation vector  24      : Site  1 -> site  3, neig =  0 -1 -1
       Correlation vector  25      : Site  1 -> site  4, neig = -1 -1  1
       Correlation vector  26      : Site  1 -> site  3, neig = -1  1 -1
       Correlation vector  27      : Site  1 -> site  4, neig = -1 -1 -1
       Correlation vector  28      : Site  1 -> site  3, neig =  0  1 -1
       Correlation vector  29      : Site  1 -> site  4, neig =  0 -1  1
       Correlation vector  30      : Site  1 -> site  2, neig = -1 -1 -1
       Correlation vector  31      : Site  1 -> site  2, neig = -1  0  0
       Correlation vector  32      : Site  1 -> site  2, neig = -1  0 -1
       Correlation vector  33      : Site  1 -> site  3, neig = -1  1  0
       Correlation vector  34      : Site  1 -> site  4, neig =  0  0 -1
       Correlation vector  35      : Site  1 -> site  2, neig =  1 -1  0
       Correlation vector  36      : Site  1 -> site  3, neig =  0 -1  0
       Correlation vector  37      : Site  1 -> site  3, neig = -1 -1  0
       Correlation vector  38      : Site  1 -> site  2, neig =  1  0 -1
       Correlation vector  39      : Site  1 -> site  4, neig =  0  0  1
       Correlation vector  40      : Site  1 -> site  4, neig = -1  0  1
       Correlation vector  41      : Site  1 -> site  2, neig = -1 -1  0
       Correlation vector  42      : Site  1 -> site  4, neig = -1  0 -1
       Correlation vector  43      : Site  1 -> site  1, neig =  0  1 -1
       Correlation vector  44      : Site  1 -> site  1, neig =  0  1  1
       Correlation vector  45      : Site  1 -> site  1, neig =  1  0 -1
       Correlation vector  46      : Site  1 -> site  1, neig =  1 -1  0
       Correlation vector  47      : Site  1 -> site  1, neig =  0 -1 -1
       Correlation vector  48      : Site  1 -> site  1, neig = -1 -1  0
       Correlation vector  49      : Site  1 -> site  1, neig =  0 -1  1
       Correlation vector  50      : Site  1 -> site  1, neig = -1  1  0
       Correlation vector  51      : Site  1 -> site  1, neig = -1  0  1
       Correlation vector  52      : Site  1 -> site  1, neig = -1  0 -1
       Correlation vector  53      : Site  1 -> site  1, neig =  1  0  1
       Correlation vector  54      : Site  1 -> site  1, neig =  1  1  0
       Correlation vector  55      : Site  2 -> site  1, neig =  0  0  0
       Correlation vector  56      : Site  2 -> site  3, neig = -1  1  0
       Correlation vector  57      : Site  2 -> site  1, neig =  0  0  1
       Correlation vector  58      : Site  2 -> site  3, neig =  0  0  0
       Correlation vector  59      : Site  2 -> site  4, neig =  0  0  1
       Correlation vector  60      : Site  2 -> site  4, neig = -1  0  0
       Correlation vector  61      : Site  2 -> site  3, neig = -1  0  0
       Correlation vector  62      : Site  2 -> site  4, neig = -1  0  1
       Correlation vector  63      : Site  2 -> site  1, neig =  0  1  1
       Correlation vector  64      : Site  2 -> site  4, neig =  0  0  0
       Correlation vector  65      : Site  2 -> site  1, neig =  0  1  0
       Correlation vector  66      : Site  2 -> site  3, neig =  0  1  0
       Correlation vector  67      : Site  2 -> site  2, neig =  0  1  0
       Correlation vector  68      : Site  2 -> site  2, neig =  0  0 -1
       Correlation vector  69      : Site  2 -> site  2, neig =  0  0  1
       Correlation vector  70      : Site  2 -> site  2, neig =  0 -1  0
       Correlation vector  71      : Site  2 -> site  2, neig = -1  0  0
       Correlation vector  72      : Site  2 -> site  2, neig =  1  0  0
       Correlation vector  73      : Site  2 -> site  1, neig = -1  1  0
       Correlation vector  74      : Site  2 -> site  4, neig = -1  1  0
       Correlation vector  75      : Site  2 -> site  1, neig =  1  1  0
       Correlation vector  76      : Site  2 -> site  3, neig = -1  1 -1
       Correlation vector  77      : Site  2 -> site  4, neig = -1 -1  0
       Correlation vector  78      : Site  2 -> site  3, neig =  0  0 -1
       Correlation vector  79      : Site  2 -> site  1, neig =  1  0  0
       Correlation vector  80      : Site  2 -> site  3, neig =  0  1 -1
       Correlation vector  81      : Site  2 -> site  1, neig = -1  0  0
       Correlation vector  82      : Site  2 -> site  4, neig =  0 -1  0
       Correlation vector  83      : Site  2 -> site  4, neig =  0  1  0
       Correlation vector  84      : Site  2 -> site  3, neig = -1  0 -1
       Correlation vector  85      : Site  2 -> site  1, neig = -1  1  1
       Correlation vector  86      : Site  2 -> site  4, neig =  0 -1  1
       Correlation vector  87      : Site  2 -> site  3, neig = -1  0  1
       Correlation vector  88      : Site  2 -> site  3, neig = -1  1  1
       Correlation vector  89      : Site  2 -> site  4, neig = -1  1  1
       Correlation vector  90      : Site  2 -> site  1, neig = -1  0  1
       Correlation vector  91      : Site  2 -> site  3, neig =  0  1  1
       Correlation vector  92      : Site  2 -> site  1, neig =  1  0  1
       Correlation vector  93      : Site  2 -> site  1, neig =  1  1  1
       Correlation vector  94      : Site  2 -> site  3, neig =  0  0  1
       Correlation vector  95      : Site  2 -> site  4, neig = -1 -1  1
       Correlation vector  96      : Site  2 -> site  4, neig =  0  1  1
       Correlation vector  97      : Site  2 -> site  2, neig =  1  0 -1
       Correlation vector  98      : Site  2 -> site  2, neig =  1  0  1
       Correlation vector  99      : Site  2 -> site  2, neig = -1 -1  0
       Correlation vector 100      : Site  2 -> site  2, neig =  1 -1  0
       Correlation vector 101      : Site  2 -> site  2, neig =  0 -1 -1
       Correlation vector 102      : Site  2 -> site  2, neig =  0  1  1
       Correlation vector 103      : Site  2 -> site  2, neig =  0  1 -1
       Correlation vector 104      : Site  2 -> site  2, neig = -1  0 -1
       Correlation vector 105      : Site  2 -> site  2, neig = -1  0  1
       Correlation vector 106      : Site  2 -> site  2, neig =  0 -1  1
       Correlation vector 107      : Site  2 -> site  2, neig = -1  1  0
       Correlation vector 108      : Site  2 -> site  2, neig =  1  1  0
       Correlation vector 109      : Site  3 -> site  2, neig =  1  0  0
       Correlation vector 110      : Site  3 -> site  1, neig =  1  0  1
       Correlation vector 111      : Site  3 -> site  1, neig =  0  0  0
       Correlation vector 112      : Site  3 -> site  2, neig =  0  0  0
       Correlation vector 113      : Site  3 -> site  4, neig =  0  0  0
       Correlation vector 114      : Site  3 -> site  1, neig =  1  0  0
       Correlation vector 115      : Site  3 -> site  2, neig =  1 -1  0
       Correlation vector 116      : Site  3 -> site  4, neig =  0  0  1
       Correlation vector 117      : Site  3 -> site  2, neig =  0 -1  0
       Correlation vector 118      : Site  3 -> site  4, neig =  0 -1  1
       Correlation vector 119      : Site  3 -> site  1, neig =  0  0  1
       Correlation vector 120      : Site  3 -> site  4, neig =  0 -1  0
       Correlation vector 121      : Site  3 -> site  3, neig =  0  0 -1
       Correlation vector 122      : Site  3 -> site  3, neig =  0  0  1
       Correlation vector 123      : Site  3 -> site  3, neig =  0 -1  0
       Correlation vector 124      : Site  3 -> site  3, neig = -1  0  0
       Correlation vector 125      : Site  3 -> site  3, neig =  0  1  0
       Correlation vector 126      : Site  3 -> site  3, neig =  1  0  0
       Correlation vector 127      : Site  3 -> site  2, neig =  1 -1  1
       Correlation vector 128      : Site  3 -> site  1, neig =  1  1  0
       Correlation vector 129      : Site  3 -> site  1, neig =  1 -1  1
       Correlation vector 130      : Site  3 -> site  4, neig =  1 -1  1
       Correlation vector 131      : Site  3 -> site  2, neig =  0 -1 -1
       Correlation vector 132      : Site  3 -> site  2, neig =  1 -1 -1
       Correlation vector 133      : Site  3 -> site  1, neig =  1 -1  0
       Correlation vector 134      : Site  3 -> site  4, neig =  1  0  0
       Correlation vector 135      : Site  3 -> site  4, neig =  1 -1  0
       Correlation vector 136      : Site  3 -> site  4, neig = -1  0  0
       Correlation vector 137      : Site  3 -> site  2, neig =  0 -1  1
       Correlation vector 138      : Site  3 -> site  1, neig =  0 -1  1
       Correlation vector 139      : Site  3 -> site  4, neig = -1 -1  1
       Correlation vector 140      : Site  3 -> site  2, neig =  0  0 -1
       Correlation vector 141      : Site  3 -> site  1, neig =  0  1  0
       Correlation vector 142      : Site  3 -> site  2, neig =  1  0 -1
       Correlation vector 143      : Site  3 -> site  4, neig = -1  0  1
       Correlation vector 144      : Site  3 -> site  2, neig =  1  0  1
       Correlation vector 145      : Site  3 -> site  1, neig =  0 -1  0
       Correlation vector 146      : Site  3 -> site  1, neig =  1  1  1
       Correlation vector 147      : Site  3 -> site  4, neig = -1 -1  0
       Correlation vector 148      : Site  3 -> site  2, neig =  0  0  1
       Correlation vector 149      : Site  3 -> site  1, neig =  0  1  1
       Correlation vector 150      : Site  3 -> site  4, neig =  1  0  1
       Correlation vector 151      : Site  3 -> site  3, neig =  0 -1 -1
       Correlation vector 152      : Site  3 -> site  3, neig = -1 -1  0
       Correlation vector 153      : Site  3 -> site  3, neig = -1  1  0
       Correlation vector 154      : Site  3 -> site  3, neig =  0  1 -1
       Correlation vector 155      : Site  3 -> site  3, neig =  1  1  0
       Correlation vector 156      : Site  3 -> site  3, neig = -1  0 -1
       Correlation vector 157      : Site  3 -> site  3, neig =  0 -1  1
       Correlation vector 158      : Site  3 -> site  3, neig =  1  0 -1
       Correlation vector 159      : Site  3 -> site  3, neig =  1 -1  0
       Correlation vector 160      : Site  3 -> site  3, neig =  1  0  1
       Correlation vector 161      : Site  3 -> site  3, neig =  0  1  1
       Correlation vector 162      : Site  3 -> site  3, neig = -1  0  1
       Correlation vector 163      : Site  4 -> site  1, neig =  0  1  0
       Correlation vector 164      : Site  4 -> site  2, neig =  1  0  0
       Correlation vector 165      : Site  4 -> site  3, neig =  0  1  0
       Correlation vector 166      : Site  4 -> site  3, neig =  0  1 -1
       Correlation vector 167      : Site  4 -> site  1, neig =  0  0  0
       Correlation vector 168      : Site  4 -> site  3, neig =  0  0  0
       Correlation vector 169      : Site  4 -> site  1, neig =  1  0  0
       Correlation vector 170      : Site  4 -> site  1, neig =  1  1  0
       Correlation vector 171      : Site  4 -> site  2, neig =  0  0  0
       Correlation vector 172      : Site  4 -> site  2, neig =  1  0 -1
       Correlation vector 173      : Site  4 -> site  2, neig =  0  0 -1
       Correlation vector 174      : Site  4 -> site  3, neig =  0  0 -1
       Correlation vector 175      : Site  4 -> site  4, neig = -1  0  0
       Correlation vector 176      : Site  4 -> site  4, neig =  0  0  1
       Correlation vector 177      : Site  4 -> site  4, neig =  0  1  0
       Correlation vector 178      : Site  4 -> site  4, neig =  0  0 -1
       Correlation vector 179      : Site  4 -> site  4, neig =  0 -1  0
       Correlation vector 180      : Site  4 -> site  4, neig =  1  0  0
       Correlation vector 181      : Site  4 -> site  1, neig =  0  0 -1
       Correlation vector 182      : Site  4 -> site  3, neig = -1  0 -1
       Correlation vector 183      : Site  4 -> site  2, neig =  1 -1 -1
       Correlation vector 184      : Site  4 -> site  1, neig =  1  1  1
       Correlation vector 185      : Site  4 -> site  2, neig =  1 -1  0
       Correlation vector 186      : Site  4 -> site  3, neig =  1  0 -1
       Correlation vector 187      : Site  4 -> site  1, neig =  1  0 -1
       Correlation vector 188      : Site  4 -> site  1, neig =  1  1 -1
       Correlation vector 189      : Site  4 -> site  1, neig =  0  1 -1
       Correlation vector 190      : Site  4 -> site  2, neig =  0  1 -1
       Correlation vector 191      : Site  4 -> site  2, neig =  0 -1  0
       Correlation vector 192      : Site  4 -> site  3, neig = -1  1 -1
       Correlation vector 193      : Site  4 -> site  3, neig = -1  0  0
       Correlation vector 194      : Site  4 -> site  3, neig =  1  1 -1
       Correlation vector 195      : Site  4 -> site  2, neig =  1  1 -1
       Correlation vector 196      : Site  4 -> site  2, neig =  0 -1 -1
       Correlation vector 197      : Site  4 -> site  3, neig =  1  0  0
       Correlation vector 198      : Site  4 -> site  2, neig =  1  1  0
       Correlation vector 199      : Site  4 -> site  3, neig =  1  1  0
       Correlation vector 200      : Site  4 -> site  3, neig = -1  1  0
       Correlation vector 201      : Site  4 -> site  1, neig =  0  1  1
       Correlation vector 202      : Site  4 -> site  2, neig =  0  1  0
       Correlation vector 203      : Site  4 -> site  1, neig =  1  0  1
       Correlation vector 204      : Site  4 -> site  1, neig =  0  0  1
       Correlation vector 205      : Site  4 -> site  4, neig = -1  0 -1
       Correlation vector 206      : Site  4 -> site  4, neig =  0 -1 -1
       Correlation vector 207      : Site  4 -> site  4, neig =  1  1  0
       Correlation vector 208      : Site  4 -> site  4, neig = -1  0  1
       Correlation vector 209      : Site  4 -> site  4, neig =  1  0  1
       Correlation vector 210      : Site  4 -> site  4, neig =  1  0 -1
       Correlation vector 211      : Site  4 -> site  4, neig =  0 -1  1
       Correlation vector 212      : Site  4 -> site  4, neig =  0  1 -1
       Correlation vector 213      : Site  4 -> site  4, neig =  1 -1  0
       Correlation vector 214      : Site  4 -> site  4, neig = -1 -1  0
       Correlation vector 215      : Site  4 -> site  4, neig =  0  1  1
       Correlation vector 216      : Site  4 -> site  4, neig = -1  1  0

    Defined correlation angles     : 

       ** none defined **

    Defined correlation environments: 

       ** none defined **

    Defined correlation ranges: 

       ** none defined **

    Defined displacement direc.    : 

       Displacement corr. #  1     : all directions
       Displacement corr. #  2     : all directions
       Displacement corr. #  3     : all directions
       Displacement corr. #  4     : all directions

    Defined correlation connectiv. : 

       ** none defined **

 Desired distance for LENNARD : 

            Pairs          neigh. #   distance/A       depth/B       m       n
     PD(1)    - PD(1)          1       2.819          6.1500000    
                                   1548873.8         6172.7056     12.000    6.000
     PD(1)    - AU(2)          1       2.885          5.7200000    
                                   1901716.8         6596.3081     12.000    6.000
     AU(2)    - AU(2)          1       2.951          5.2900000    
                                   2307205.0         6987.1638     12.000    6.000
     PD(1)    - PD(1)          2       2.819          6.1500000    
                                   1548873.8         6172.7056     12.000    6.000
     PD(1)    - AU(2)          2       2.885          5.7200000    
                                   1901716.8         6596.3081     12.000    6.000
     AU(2)    - AU(2)          2       2.951          5.2900000    
                                   2307205.0         6987.1638     12.000    6.000
     PD(1)    - PD(1)          3       2.819          6.1500000    
                                   1548873.8         6172.7056     12.000    6.000
     PD(1)    - AU(2)          3       2.885          5.7200000    
                                   1901716.8         6596.3081     12.000    6.000
     AU(2)    - AU(2)          3       2.951          5.2900000    
                                   2307205.0         6987.1638     12.000    6.000
     PD(1)    - PD(1)          4       2.819          6.1500000    
                                   1548873.8         6172.7056     12.000    6.000
     PD(1)    - AU(2)          4       2.885          5.7200000    
                                   1901716.8         6596.3081     12.000    6.000
     AU(2)    - AU(2)          4       2.951          5.2900000    
                                   2307205.0         6987.1638     12.000    6.000

 Sigmas for MC shifts (l.u.)    : 
                 Atom VOID(0)   :   0.00000   0.00000   0.00000
                 Atom PD(1)     :   0.02500   0.02500   0.02500
                 Atom AU(2)     :   0.02500   0.02500   0.02500

 Gen:    5488000 try:   10976000 acc: (g/n/b):   665802 /       59 /   520348  MC moves 0.0000
                                             Correlations/
 Neig.- Energy-       Atoms           Target  Distance/    Sigma     Diff      Diff/     Number
 Def.   Type    central  Neighbors             Angle                           Target  of pairs
   1   Lennard   PD      PD            2.819     4.506     1.045    -1.687    -0.599      21066
   1   Lennard   PD      AU            2.885     4.541     1.038    -1.656    -0.574      22401
   1   Lennard   AU      AU            2.951     4.554     1.036    -1.603    -0.543      23796
   2   Lennard   PD      PD            2.819     4.517     1.048    -1.698    -0.602      22134
   2   Lennard   PD      AU            2.885     4.544     1.038    -1.659    -0.575      22666
   2   Lennard   AU      AU            2.951     4.564     1.037    -1.613    -0.546      24574
   3   Lennard   PD      PD            2.819     4.522     1.043    -1.703    -0.604      23042
   3   Lennard   PD      AU            2.885     4.549     1.041    -1.664    -0.577      22775
   3   Lennard   AU      AU            2.951     4.554     1.034    -1.603    -0.543      23448
   4   Lennard   PD      PD            2.819     4.514     1.050    -1.695    -0.601      22230
   4   Lennard   PD      AU            2.885     4.553     1.035    -1.668    -0.578      22916
   4   Lennard   AU      AU            2.951     4.551     1.040    -1.600    -0.542      23978

 --- Final multiple energy configuration ---

 Gen:    5488000 try:    5488000 acc: (g/n/b):   665802 /       59 /   520348  MC moves 
                                             Correlations/
 Neig.- Energy-       Atoms           Target  Distance/    Sigma     Diff      Diff/     Number
 Def.   Type    central  Neighbors             Angle                           Target  of pairs
   1   Lennard   PD      PD            2.819     4.506     1.045    -1.687    -0.599      21066
   1   Lennard   PD      AU            2.885     4.541     1.038    -1.656    -0.574      22401
   1   Lennard   AU      AU            2.951     4.554     1.036    -1.603    -0.543      23796
   2   Lennard   PD      PD            2.819     4.517     1.048    -1.698    -0.602      22134
   2   Lennard   PD      AU            2.885     4.544     1.038    -1.659    -0.575      22666
   2   Lennard   AU      AU            2.951     4.564     1.037    -1.613    -0.546      24574
   3   Lennard   PD      PD            2.819     4.522     1.043    -1.703    -0.604      23042
   3   Lennard   PD      AU            2.885     4.549     1.041    -1.664    -0.577      22775
   3   Lennard   AU      AU            2.951     4.554     1.034    -1.603    -0.543      23448
   4   Lennard   PD      PD            2.819     4.514     1.050    -1.695    -0.601      22230
   4   Lennard   PD      AU            2.885     4.553     1.035    -1.668    -0.578      22916
   4   Lennard   AU      AU            2.951     4.551     1.040    -1.600    -0.542      23978

 Maximum Cycles reached 
 Largest          difference ************ ?       0.0000
 Largest relative difference ************ ?       0.0000
 Stagnant: average changes   ************ ?       0.0000
 Stagnant: largest changes   ************ ?       0.0000

 --- Average energy changes ---

 Energy type              number                 number  number
                             E < 0      <E>           E = 0     E > 0     <E>
Occupation correlation           0       0.000000         0         0       0.000000
Displacement correlation         0       0.000000         0         0       0.000000
Displacement energy              0       0.000000         0         0       0.000000
Angular energy                   0       0.000000         0         0       0.000000
Vector energy                    0       0.000000         0         0       0.000000
Bond length energy               0       0.000000         0         0       0.000000
Lennard Jones Potential     665810      -0.507898        59    520356       0.640401
Buckingham Potential             0       0.000000         0         0       0.000000
Repulsive     Potential          0       0.000000         0         0       0.000000
Coordination Number              0       0.000000         0         0       0.000000
Unidirectional Corr              0       0.000000         0         0       0.000000
Groupwise correlation            0       0.000000         0         0       0.000000

 Elapsed time :    0 h 33 min 54 sec 
 Time/cycle   :     0.000 sec


 Gen:    5488000 try:   10976000 acc: (g/n/b):   663329 /       54 /   515459  MC moves 0.0000
                                             Correlations/
 Neig.- Energy-       Atoms           Target  Distance/    Sigma     Diff      Diff/     Number
 Def.   Type    central  Neighbors             Angle                           Target  of pairs
   1   Lennard   PD      PD            2.819     4.506     1.046    -1.687    -0.598      21066
   1   Lennard   PD      AU            2.885     4.542     1.038    -1.657    -0.574      22401
   1   Lennard   AU      AU            2.951     4.554     1.036    -1.603    -0.543      23796
   2   Lennard   PD      PD            2.819     4.518     1.047    -1.699    -0.603      22134
   2   Lennard   PD      AU            2.885     4.543     1.039    -1.658    -0.575      22666
   2   Lennard   AU      AU            2.951     4.564     1.035    -1.613    -0.547      24574
   3   Lennard   PD      PD            2.819     4.521     1.044    -1.702    -0.604      23042
   3   Lennard   PD      AU            2.885     4.545     1.040    -1.660    -0.576      22775
   3   Lennard   AU      AU            2.951     4.555     1.036    -1.604    -0.544      23448
   4   Lennard   PD      PD            2.819     4.515     1.051    -1.696    -0.601      22230
   4   Lennard   PD      AU            2.885     4.553     1.035    -1.668    -0.578      22916
   4   Lennard   AU      AU            2.951     4.550     1.040    -1.599    -0.542      23978

 --- Final multiple energy configuration ---

 Gen:    5488000 try:    5488000 acc: (g/n/b):   663329 /       54 /   515459  MC moves 
                                             Correlations/
 Neig.- Energy-       Atoms           Target  Distance/    Sigma     Diff      Diff/     Number
 Def.   Type    central  Neighbors             Angle                           Target  of pairs
   1   Lennard   PD      PD            2.819     4.506     1.046    -1.687    -0.598      21066
   1   Lennard   PD      AU            2.885     4.542     1.038    -1.657    -0.574      22401
   1   Lennard   AU      AU            2.951     4.554     1.036    -1.603    -0.543      23796
   2   Lennard   PD      PD            2.819     4.518     1.047    -1.699    -0.603      22134
   2   Lennard   PD      AU            2.885     4.543     1.039    -1.658    -0.575      22666
   2   Lennard   AU      AU            2.951     4.564     1.035    -1.613    -0.547      24574
   3   Lennard   PD      PD            2.819     4.521     1.044    -1.702    -0.604      23042
   3   Lennard   PD      AU            2.885     4.545     1.040    -1.660    -0.576      22775
   3   Lennard   AU      AU            2.951     4.555     1.036    -1.604    -0.544      23448
   4   Lennard   PD      PD            2.819     4.515     1.051    -1.696    -0.601      22230
   4   Lennard   PD      AU            2.885     4.553     1.035    -1.668    -0.578      22916
   4   Lennard   AU      AU            2.951     4.550     1.040    -1.599    -0.542      23978

 Maximum Cycles reached 
 Largest          difference ************ ?       0.0000
 Largest relative difference ************ ?       0.0000
 Stagnant: average changes   ************ ?       0.0000
 Stagnant: largest changes   ************ ?       0.0000

 --- Average energy changes ---

 Energy type              number                 number  number
                             E < 0      <E>           E = 0     E > 0     <E>
Occupation correlation           0       0.000000         0         0       0.000000
Displacement correlation         0       0.000000         0         0       0.000000
Displacement energy              0       0.000000         0         0       0.000000
Angular energy                   0       0.000000         0         0       0.000000
Vector energy                    0       0.000000         0         0       0.000000
Bond length energy               0       0.000000         0         0       0.000000
Lennard Jones Potential     663332      -0.510337        54    515458       0.642283
Buckingham Potential             0       0.000000         0         0       0.000000
Repulsive     Potential          0       0.000000         0         0       0.000000
Coordination Number              0       0.000000         0         0       0.000000
Unidirectional Corr              0       0.000000         0         0       0.000000
Groupwise correlation            0       0.000000         0         0       0.000000

 Elapsed time :    0 h 34 min  3 sec 
 Time/cycle   :     0.000 sec


 Gen:    5488000 try:   10976000 acc: (g/n/b):   662266 /       42 /   516042  MC moves 0.0000
                                             Correlations/
 Neig.- Energy-       Atoms           Target  Distance/    Sigma     Diff      Diff/     Number
 Def.   Type    central  Neighbors             Angle                           Target  of pairs
   1   Lennard   PD      PD            2.819     4.507     1.047    -1.688    -0.599      21066
   1   Lennard   PD      AU            2.885     4.543     1.038    -1.658    -0.575      22401
   1   Lennard   AU      AU            2.951     4.556     1.036    -1.605    -0.544      23796
   2   Lennard   PD      PD            2.819     4.516     1.048    -1.697    -0.602      22134
   2   Lennard   PD      AU            2.885     4.546     1.039    -1.661    -0.576      22666
   2   Lennard   AU      AU            2.951     4.566     1.036    -1.615    -0.547      24574
   3   Lennard   PD      PD            2.819     4.526     1.045    -1.707    -0.605      23042
   3   Lennard   PD      AU            2.885     4.548     1.040    -1.663    -0.576      22775
   3   Lennard   AU      AU            2.951     4.556     1.036    -1.605    -0.544      23448
   4   Lennard   PD      PD            2.819     4.516     1.050    -1.697    -0.602      22230
   4   Lennard   PD      AU            2.885     4.554     1.036    -1.669    -0.579      22916
   4   Lennard   AU      AU            2.951     4.552     1.041    -1.601    -0.543      23978

 --- Final multiple energy configuration ---

 Gen:    5488000 try:    5488000 acc: (g/n/b):   662266 /       42 /   516042  MC moves 
                                             Correlations/
 Neig.- Energy-       Atoms           Target  Distance/    Sigma     Diff      Diff/     Number
 Def.   Type    central  Neighbors             Angle                           Target  of pairs
   1   Lennard   PD      PD            2.819     4.507     1.047    -1.688    -0.599      21066
   1   Lennard   PD      AU            2.885     4.543     1.038    -1.658    -0.575      22401
   1   Lennard   AU      AU            2.951     4.556     1.036    -1.605    -0.544      23796
   2   Lennard   PD      PD            2.819     4.516     1.048    -1.697    -0.602      22134
   2   Lennard   PD      AU            2.885     4.546     1.039    -1.661    -0.576      22666
   2   Lennard   AU      AU            2.951     4.566     1.036    -1.615    -0.547      24574
   3   Lennard   PD      PD            2.819     4.526     1.045    -1.707    -0.605      23042
   3   Lennard   PD      AU            2.885     4.548     1.040    -1.663    -0.576      22775
   3   Lennard   AU      AU            2.951     4.556     1.036    -1.605    -0.544      23448
   4   Lennard   PD      PD            2.819     4.516     1.050    -1.697    -0.602      22230
   4   Lennard   PD      AU            2.885     4.554     1.036    -1.669    -0.579      22916
   4   Lennard   AU      AU            2.951     4.552     1.041    -1.601    -0.543      23978

 Maximum Cycles reached 
 Largest          difference ************ ?       0.0000
 Largest relative difference ************ ?       0.0000
 Stagnant: average changes   ************ ?       0.0000
 Stagnant: largest changes   ************ ?       0.0000

 --- Average energy changes ---

 Energy type              number                 number  number
                             E < 0      <E>           E = 0     E > 0     <E>
Occupation correlation           0       0.000000         0         0       0.000000
Displacement correlation         0       0.000000         0         0       0.000000
Displacement energy              0       0.000000         0         0       0.000000
Angular energy                   0       0.000000         0         0       0.000000
Vector energy                    0       0.000000         0         0       0.000000
Bond length energy               0       0.000000         0         0       0.000000
Lennard Jones Potential     662279      -0.510501        42    516036       0.641724
Buckingham Potential             0       0.000000         0         0       0.000000
Repulsive     Potential          0       0.000000         0         0       0.000000
Coordination Number              0       0.000000         0         0       0.000000
Unidirectional Corr              0       0.000000         0         0       0.000000
Groupwise correlation            0       0.000000         0         0       0.000000

 Elapsed time :    0 h 33 min 59 sec 
 Time/cycle   :     0.000 sec


 Gen:    5488000 try:   10976000 acc: (g/n/b):   663650 /       45 /   515311  MC moves 0.0000
                                             Correlations/
 Neig.- Energy-       Atoms           Target  Distance/    Sigma     Diff      Diff/     Number
 Def.   Type    central  Neighbors             Angle                           Target  of pairs
   1   Lennard   PD      PD            2.819     4.506     1.045    -1.687    -0.599      21066
   1   Lennard   PD      AU            2.885     4.541     1.039    -1.656    -0.574      22401
   1   Lennard   AU      AU            2.951     4.555     1.036    -1.604    -0.544      23796
   2   Lennard   PD      PD            2.819     4.517     1.048    -1.698    -0.602      22134
   2   Lennard   PD      AU            2.885     4.545     1.039    -1.660    -0.575      22666
   2   Lennard   AU      AU            2.951     4.565     1.035    -1.614    -0.547      24574
   3   Lennard   PD      PD            2.819     4.524     1.044    -1.705    -0.605      23042
   3   Lennard   PD      AU            2.885     4.546     1.041    -1.661    -0.576      22775
   3   Lennard   AU      AU            2.951     4.554     1.033    -1.603    -0.543      23448
   4   Lennard   PD      PD            2.819     4.512     1.050    -1.693    -0.601      22230
   4   Lennard   PD      AU            2.885     4.552     1.034    -1.667    -0.578      22916
   4   Lennard   AU      AU            2.951     4.550     1.040    -1.599    -0.542      23978

 --- Final multiple energy configuration ---

 Gen:    5488000 try:    5488000 acc: (g/n/b):   663650 /       45 /   515311  MC moves 
                                             Correlations/
 Neig.- Energy-       Atoms           Target  Distance/    Sigma     Diff      Diff/     Number
 Def.   Type    central  Neighbors             Angle                           Target  of pairs
   1   Lennard   PD      PD            2.819     4.506     1.045    -1.687    -0.599      21066
   1   Lennard   PD      AU            2.885     4.541     1.039    -1.656    -0.574      22401
   1   Lennard   AU      AU            2.951     4.555     1.036    -1.604    -0.544      23796
   2   Lennard   PD      PD            2.819     4.517     1.048    -1.698    -0.602      22134
   2   Lennard   PD      AU            2.885     4.545     1.039    -1.660    -0.575      22666
   2   Lennard   AU      AU            2.951     4.565     1.035    -1.614    -0.547      24574
   3   Lennard   PD      PD            2.819     4.524     1.044    -1.705    -0.605      23042
   3   Lennard   PD      AU            2.885     4.546     1.041    -1.661    -0.576      22775
   3   Lennard   AU      AU            2.951     4.554     1.033    -1.603    -0.543      23448
   4   Lennard   PD      PD            2.819     4.512     1.050    -1.693    -0.601      22230
   4   Lennard   PD      AU            2.885     4.552     1.034    -1.667    -0.578      22916
   4   Lennard   AU      AU            2.951     4.550     1.040    -1.599    -0.542      23978

 Maximum Cycles reached 
 Largest          difference ************ ?       0.0000
 Largest relative difference ************ ?       0.0000
 Stagnant: average changes   ************ ?       0.0000
 Stagnant: largest changes   ************ ?       0.0000

 --- Average energy changes ---

 Energy type              number                 number  number
                             E < 0      <E>           E = 0     E > 0     <E>
Occupation correlation           0       0.000000         0         0       0.000000
Displacement correlation         0       0.000000         0         0       0.000000
Displacement energy              0       0.000000         0         0       0.000000
Angular energy                   0       0.000000         0         0       0.000000
Vector energy                    0       0.000000         0         0       0.000000
Bond length energy               0       0.000000         0         0       0.000000
Lennard Jones Potential     663655      -0.509888        45    515310       0.642798
Buckingham Potential             0       0.000000         0         0       0.000000
Repulsive     Potential          0       0.000000         0         0       0.000000
Coordination Number              0       0.000000         0         0       0.000000
Unidirectional Corr              0       0.000000         0         0       0.000000
Groupwise correlation            0       0.000000         0         0       0.000000

 Elapsed time :    0 h 34 min  5 sec 
 Time/cycle   :     0.000 sec

 Fm-3m             225
 Lattice constants :
    a          b          c         alpha      beta       gamma      volume
    4.07890    4.07890    4.07890   90.00000   90.00000   90.00000    67.8624    

 Metric Tensor     :
      16.63743      0.00000      0.00000
       0.00000     16.63743      0.00000
       0.00000      0.00000     16.63743

 Reciprocal Lattice constants :
    a*         b*         c*        alpha*     beta*      gamma*     volume
    0.24516    0.24516    0.24516   90.00000   90.00000   90.00000   0.147357E-01

 Reciprocal metric tensor     : 
       0.06011     -0.00000     -0.00000
      -0.00000      0.06011     -0.00000
      -0.00000     -0.00000      0.06011

    Neighbour determination mode   : quick = F
    Periodic boundaries (x,y,z)    : F F F
    Current operation mode         : atoms
    Sample volume for homo-check   : complete crystal
    Allowed bond length range      :  1.500 A to  7.500 A
    # points for histogramms       :    601

    Neighbour definitions          : 

        #  Mode  Neighbour (or vec.)  fsig  wsig   rmin[A] rmax[A] ang sym
       -------------------------------------------------------------------

    Defined correlation vectors    : 

       ** none defined **

    Defined correlation angles     : 

       ** none defined **

    Defined correlation environments: 

       ** none defined **

    Defined correlation ranges: 

       ** none defined **

    Defined displacement direc.    : 

       ** none defined **

    Defined correlation connectiv. : 

       ** none defined **
 Size of the crystal (unit cells) :    1 x    1 x    1
 Total number of atoms            :      3925
 Number of atoms per unit cell    :      3925
 Number of different atoms        :         2

    Element : VOID(0)   rel. abundance : 0.000  (        0 atoms)
    Element : PD(1)     rel. abundance : 0.496  (     1946 atoms)
    Element : AU(2)     rel. abundance : 0.504  (     1979 atoms)
 Computing powder sine lookup table ...
 Computing sin(theta)/lambda table ...
  Starting histogram

 Elapsed time H  :   3.18839     sec
  Starting convolution

 Elapsed time    :   8175.25     sec
 Resetting - all parameters ..
 Reading file Au50Pd50_Profiles_v2/Au50Pd50Dt100.xrd ..
 Column assignement (x y dx dy):     1    2    0    0
 Data set no.:   1

   Filename : Au50Pd50_Profiles_v2/Au50Pd50Dt100.xrd
   Size     :   8692 points

   Range  x :    30.00     to    120.0    
   Range  y :   0.1964E-09 to   0.1610E+05

 Reading file MC_Dt100/500.xrd ..
 Column assignement (x y dx dy):     1    2    0    0
 Data set no.:   2

   Filename : MC_Dt100/500.xrd
   Size     :   8692 points

   Range  x :    30.00     to    120.0    
   Range  y :   0.3980E-09 to   0.1527E+05

 Data set no.:   1

   Filename : Au50Pd50_Profiles_v2/Au50Pd50Dt100.xrd
   Size     :   8692 points

   Range  x :    30.00     to    120.0    
   Range  y :   0.1220E-12 to    10.00    

 Data set no.:   2

   Filename : MC_Dt100/500.xrd
   Size     :   8692 points

   Range  x :    30.00     to    120.0    
   Range  y :   0.2472E-12 to    9.483    

 ------ > Saving window   1 to file : MC_Dt100/500XRD.pdf ..
 Setting PDF calculation to no periodic bound., 3D, exact mode ..
 Setting up PDF segment ...
 Extending PDF search distance to  51.1429 A ...
 Calculating PDF (exact mode) ...
    20.00 % done  ...
    40.00 % done  ...
    60.00 % done  ...
    80.00 % done  ...
   100.00 % done  ...

 Elapsed time    :  0.522572     sec
 Required time        :     5.28 s

 Total sum of weights :    179999.2433    
 Saving PDF to file : MC_Dt100/500.apd ...
 Resetting - all parameters ..
 Reading file Au50Pd50_Profiles_v2/Au50Pd50Dt100.apd ..
 Column assignement (x y dx dy):     1    2    3    4
 Data set no.:   1

   Filename : Au50Pd50_Profiles_v2/Au50Pd50Dt100.apd
   Size     :   5000 points

   Range  x :   0.1000E-01 to    50.00    
   Range  y :   -11.35     to    40.19    

 Reading file MC_Dt100/500.apd ..
 Column assignement (x y dx dy):     1    2    3    4
 Data set no.:   2

   Filename : MC_Dt100/500.apd
   Size     :   5000 points

   Range  x :   0.1000E-01 to    50.00    
   Range  y :   -4.287     to    14.75    

 Data set no.:   1

   Filename : Au50Pd50_Profiles_v2/Au50Pd50Dt100.apd
   Size     :   5000 points

   Range  x :   0.1000E-01 to    50.00    
   Range  y :   -2.825     to    10.00    

 Data set no.:   2

   Filename : MC_Dt100/500.apd
   Size     :   5000 points

   Range  x :   0.1000E-01 to    50.00    
   Range  y :   -1.067     to    3.670    

 ------ > Saving window   1 to file : MC_Dt100/500PDF.pdf ..
 Calculating bond-length distibution
    Allowed range :   1.00 A to  15.00  A / File : MC_Dt100/500 ( 801 pts)

    AU(2)    - AU(2)    : d = 11.023 +-  3.024 A (Min =  0.000, Max = 15.000)
                                                 (Pairs =             606900)
                                                 (Total =             606900)
 Calculating bond-length distibution
    Allowed range :   1.00 A to  15.00  A / File : MC_Dt100/500 ( 801 pts)

    AU(2)    - PD(1)    : d = 11.000 +-  3.038 A (Min =  0.000, Max = 15.000)
                                                 (Pairs =             563779)
                                                 (Total =             563779)
 Calculating bond-length distibution
    Allowed range :   1.00 A to  15.00  A / File : MC_Dt100/500 ( 801 pts)

    PD(1)    - PD(1)    : d = 10.952 +-  3.070 A (Min =  0.000, Max = 15.000)
                                                 (Pairs =             529588)
                                                 (Total =             529588)
 Resetting ..
 Reading file Au50Pd50_Profiles_v2/Au50Pd50Dt100_AuAu.bld ..
 Column assignement (x y dx dy):     1    2    0    0
 Data set no.:   1

   Filename : Au50Pd50_Profiles_v2/Au50Pd50Dt100_AuAu.bld
   Size     :    801 points

   Range  x :    1.000     to    14.98    
   Range  y :    0.000     to   0.5770E+05

 Reading file MC_Dt100/500_AuAu.bld ..
 Column assignement (x y dx dy):     1    2    0    0
 Data set no.:   2

   Filename : MC_Dt100/500_AuAu.bld
   Size     :    801 points

   Range  x :    1.000     to    14.98    
   Range  y :    0.000     to    3582.    

 Reading file Au50Pd50_Profiles_v2/Au50Pd50Dt100_AuPd.bld ..
 Column assignement (x y dx dy):     1    2    0    0
 Data set no.:   3

   Filename : Au50Pd50_Profiles_v2/Au50Pd50Dt100_AuPd.bld
   Size     :    801 points

   Range  x :    1.000     to    14.98    
   Range  y :    0.000     to   0.5327E+05

 Reading file MC_Dt100/500_AuPd.bld ..
 Column assignement (x y dx dy):     1    2    0    0
 Data set no.:   4

   Filename : MC_Dt100/500_AuPd.bld
   Size     :    801 points

   Range  x :    1.000     to    14.98    
   Range  y :    0.000     to    3263.    

 Reading file Au50Pd50_Profiles_v2/Au50Pd50Dt100_PdPd.bld ..
 Column assignement (x y dx dy):     1    2    0    0
 Data set no.:   5

   Filename : Au50Pd50_Profiles_v2/Au50Pd50Dt100_PdPd.bld
   Size     :    801 points

   Range  x :    1.000     to    14.98    
   Range  y :    0.000     to   0.4908E+05

 Reading file MC_Dt100/500_PdPd.bld ..
 Column assignement (x y dx dy):     1    2    0    0
 Data set no.:   6

   Filename : MC_Dt100/500_PdPd.bld
   Size     :    801 points

   Range  x :    1.000     to    14.98    
   Range  y :    0.000     to    2970.    

 Data set no.:   1

   Filename : Au50Pd50_Profiles_v2/Au50Pd50Dt100_AuAu.bld
   Size     :    801 points

   Range  x :    1.000     to    14.98    
   Range  y :    0.000     to    10.00    

 Data set no.:   2

   Filename : MC_Dt100/500_AuAu.bld
   Size     :    801 points

   Range  x :    1.000     to    14.98    
   Range  y :    0.000     to   0.6208    

 Data set no.:   3

   Filename : Au50Pd50_Profiles_v2/Au50Pd50Dt100_AuPd.bld
   Size     :    801 points

   Range  x :    1.000     to    14.98    
   Range  y :    0.000     to    10.00    

 Data set no.:   4

   Filename : MC_Dt100/500_AuPd.bld
   Size     :    801 points

   Range  x :    1.000     to    14.98    
   Range  y :    0.000     to   0.6126    

 Data set no.:   5

   Filename : Au50Pd50_Profiles_v2/Au50Pd50Dt100_PdPd.bld
   Size     :    801 points

   Range  x :    1.000     to    14.98    
   Range  y :    0.000     to    10.00    

 Data set no.:   6

   Filename : MC_Dt100/500_PdPd.bld
   Size     :    801 points

   Range  x :    1.000     to    14.98    
   Range  y :    0.000     to   0.6052    

 ------ > Saving window   3 to file : MC_Dt100/500BLD.pdf ..
 Fm-3m             225
 Lattice constants :
    a          b          c         alpha      beta       gamma      volume
    4.07890    4.07890    4.07890   90.00000   90.00000   90.00000    67.8624    

 Metric Tensor     :
      16.63743      0.00000      0.00000
       0.00000     16.63743      0.00000
       0.00000      0.00000     16.63743

 Reciprocal Lattice constants :
    a*         b*         c*        alpha*     beta*      gamma*     volume
    0.24516    0.24516    0.24516   90.00000   90.00000   90.00000   0.147357E-01

 Reciprocal metric tensor     : 
       0.06011     -0.00000     -0.00000
      -0.00000      0.06011     -0.00000
      -0.00000     -0.00000      0.06011

    Neighbour determination mode   : quick = F
    Periodic boundaries (x,y,z)    : F F F
    Current operation mode         : atoms
    Sample volume for homo-check   : complete crystal
    Allowed bond length range      :  1.500 A to  7.500 A
    # points for histogramms       :    601

    Neighbour definitions          : 

        #  Mode  Neighbour (or vec.)  fsig  wsig   rmin[A] rmax[A] ang sym
       -------------------------------------------------------------------

    Defined correlation vectors    : 

       ** none defined **

    Defined correlation angles     : 

       ** none defined **

    Defined correlation environments: 

       ** none defined **

    Defined correlation ranges: 

       ** none defined **

    Defined displacement direc.    : 

       ** none defined **

    Defined correlation connectiv. : 

       ** none defined **
 Size of the crystal (unit cells) :    1 x    1 x    1
 Total number of atoms            :      3925
 Number of atoms per unit cell    :      3925
 Number of different atoms        :         2

    Element : VOID(0)   rel. abundance : 0.000  (        0 atoms)
    Element : PD(1)     rel. abundance : 0.496  (     1946 atoms)
    Element : AU(2)     rel. abundance : 0.504  (     1979 atoms)
 Computing powder sine lookup table ...
 Computing sin(theta)/lambda table ...
  Starting histogram

 Elapsed time H  :   3.24744     sec
  Starting convolution

 Elapsed time    :   8201.57     sec
 Resetting - all parameters ..
 Reading file Au50Pd50_Profiles_v2/Au50Pd50Dt100.xrd ..
 Column assignement (x y dx dy):     1    2    0    0
 Data set no.:   1

   Filename : Au50Pd50_Profiles_v2/Au50Pd50Dt100.xrd
   Size     :   8692 points

   Range  x :    30.00     to    120.0    
   Range  y :   0.1964E-09 to   0.1610E+05

 Reading file MC_Dt100/1000.xrd ..
 Column assignement (x y dx dy):     1    2    0    0
 Data set no.:   2

   Filename : MC_Dt100/1000.xrd
   Size     :   8692 points

   Range  x :    30.00     to    120.0    
   Range  y :   0.3873E-09 to   0.1528E+05

 Data set no.:   1

   Filename : Au50Pd50_Profiles_v2/Au50Pd50Dt100.xrd
   Size     :   8692 points

   Range  x :    30.00     to    120.0    
   Range  y :   0.1220E-12 to    10.00    

 Data set no.:   2

   Filename : MC_Dt100/1000.xrd
   Size     :   8692 points

   Range  x :    30.00     to    120.0    
   Range  y :   0.2406E-12 to    9.489    

 ------ > Saving window   1 to file : MC_Dt100/1000XRD.pdf ..
 Setting PDF calculation to no periodic bound., 3D, exact mode ..
 Setting up PDF segment ...
 Extending PDF search distance to  51.1429 A ...
 Calculating PDF (exact mode) ...
    20.00 % done  ...
    40.00 % done  ...
    60.00 % done  ...
    80.00 % done  ...
   100.00 % done  ...

 Elapsed time    :  0.446027     sec
 Required time        :     5.22 s

 Total sum of weights :    180038.9911    
 Saving PDF to file : MC_Dt100/1000.apd ...
 Resetting - all parameters ..
 Reading file Au50Pd50_Profiles_v2/Au50Pd50Dt100.apd ..
 Column assignement (x y dx dy):     1    2    3    4
 Data set no.:   1

   Filename : Au50Pd50_Profiles_v2/Au50Pd50Dt100.apd
   Size     :   5000 points

   Range  x :   0.1000E-01 to    50.00    
   Range  y :   -11.35     to    40.19    

 Reading file MC_Dt100/1000.apd ..
 Column assignement (x y dx dy):     1    2    3    4
 Data set no.:   2

   Filename : MC_Dt100/1000.apd
   Size     :   5000 points

   Range  x :   0.1000E-01 to    50.00    
   Range  y :   -4.259     to    14.99    

 Data set no.:   1

   Filename : Au50Pd50_Profiles_v2/Au50Pd50Dt100.apd
   Size     :   5000 points

   Range  x :   0.1000E-01 to    50.00    
   Range  y :   -2.825     to    10.00    

 Data set no.:   2

   Filename : MC_Dt100/1000.apd
   Size     :   5000 points

   Range  x :   0.1000E-01 to    50.00    
   Range  y :   -1.060     to    3.731    

 ------ > Saving window   1 to file : MC_Dt100/1000PDF.pdf ..
 Calculating bond-length distibution
    Allowed range :   1.00 A to  15.00  A / File : MC_Dt100/100 ( 801 pts)

    AU(2)    - AU(2)    : d = 11.015 +-  3.023 A (Min =  0.000, Max = 15.000)
                                                 (Pairs =             605070)
                                                 (Total =             605070)
 Calculating bond-length distibution
    Allowed range :   1.00 A to  15.00  A / File : MC_Dt100/100 ( 801 pts)

    AU(2)    - PD(1)    : d = 10.993 +-  3.037 A (Min =  0.000, Max = 15.000)
                                                 (Pairs =             562335)
                                                 (Total =             562335)
 Calculating bond-length distibution
    Allowed range :   1.00 A to  15.00  A / File : MC_Dt100/100 ( 801 pts)

    PD(1)    - PD(1)    : d = 10.946 +-  3.070 A (Min =  0.000, Max = 15.000)
                                                 (Pairs =             528368)
                                                 (Total =             528368)
 Resetting ..
 Reading file Au50Pd50_Profiles_v2/Au50Pd50Dt100_AuAu.bld ..
 Column assignement (x y dx dy):     1    2    0    0
 Data set no.:   1

   Filename : Au50Pd50_Profiles_v2/Au50Pd50Dt100_AuAu.bld
   Size     :    801 points

   Range  x :    1.000     to    14.98    
   Range  y :    0.000     to   0.5770E+05

 Reading file MC_Dt100/1000_AuAu.bld ..
 Column assignement (x y dx dy):     1    2    0    0
 Data set no.:   2

   Filename : MC_Dt100/1000_AuAu.bld
   Size     :    801 points

   Range  x :    1.000     to    14.98    
   Range  y :    0.000     to    3496.    

 Reading file Au50Pd50_Profiles_v2/Au50Pd50Dt100_AuPd.bld ..
 Column assignement (x y dx dy):     1    2    0    0
 Data set no.:   3

   Filename : Au50Pd50_Profiles_v2/Au50Pd50Dt100_AuPd.bld
   Size     :    801 points

   Range  x :    1.000     to    14.98    
   Range  y :    0.000     to   0.5327E+05

 Reading file MC_Dt100/1000_AuPd.bld ..
 Column assignement (x y dx dy):     1    2    0    0
 Data set no.:   4

   Filename : MC_Dt100/1000_AuPd.bld
   Size     :    801 points

   Range  x :    1.000     to    14.98    
   Range  y :    0.000     to    3154.    

 Reading file Au50Pd50_Profiles_v2/Au50Pd50Dt100_PdPd.bld ..
 Column assignement (x y dx dy):     1    2    0    0
 Data set no.:   5

   Filename : Au50Pd50_Profiles_v2/Au50Pd50Dt100_PdPd.bld
   Size     :    801 points

   Range  x :    1.000     to    14.98    
   Range  y :    0.000     to   0.4908E+05

 Reading file MC_Dt100/1000_PdPd.bld ..
 Column assignement (x y dx dy):     1    2    0    0
 Data set no.:   6

   Filename : MC_Dt100/1000_PdPd.bld
   Size     :    801 points

   Range  x :    1.000     to    14.98    
   Range  y :    0.000     to    2888.    

 Data set no.:   1

   Filename : Au50Pd50_Profiles_v2/Au50Pd50Dt100_AuAu.bld
   Size     :    801 points

   Range  x :    1.000     to    14.98    
   Range  y :    0.000     to    10.00    

 Data set no.:   2

   Filename : MC_Dt100/1000_AuAu.bld
   Size     :    801 points

   Range  x :    1.000     to    14.98    
   Range  y :    0.000     to   0.6059    

 Data set no.:   3

   Filename : Au50Pd50_Profiles_v2/Au50Pd50Dt100_AuPd.bld
   Size     :    801 points

   Range  x :    1.000     to    14.98    
   Range  y :    0.000     to    10.00    

 Data set no.:   4

   Filename : MC_Dt100/1000_AuPd.bld
   Size     :    801 points

   Range  x :    1.000     to    14.98    
   Range  y :    0.000     to   0.5921    

 Data set no.:   5

   Filename : Au50Pd50_Profiles_v2/Au50Pd50Dt100_PdPd.bld
   Size     :    801 points

   Range  x :    1.000     to    14.98    
   Range  y :    0.000     to    10.00    

 Data set no.:   6

   Filename : MC_Dt100/1000_PdPd.bld
   Size     :    801 points

   Range  x :    1.000     to    14.98    
   Range  y :    0.000     to   0.5885    

 ------ > Saving window   3 to file : MC_Dt100/1000BLD.pdf ..
 Fm-3m             225
 Lattice constants :
    a          b          c         alpha      beta       gamma      volume
    4.07890    4.07890    4.07890   90.00000   90.00000   90.00000    67.8624    

 Metric Tensor     :
      16.63743      0.00000      0.00000
       0.00000     16.63743      0.00000
       0.00000      0.00000     16.63743

 Reciprocal Lattice constants :
    a*         b*         c*        alpha*     beta*      gamma*     volume
    0.24516    0.24516    0.24516   90.00000   90.00000   90.00000   0.147357E-01

 Reciprocal metric tensor     : 
       0.06011     -0.00000     -0.00000
      -0.00000      0.06011     -0.00000
      -0.00000     -0.00000      0.06011

    Neighbour determination mode   : quick = F
    Periodic boundaries (x,y,z)    : F F F
    Current operation mode         : atoms
    Sample volume for homo-check   : complete crystal
    Allowed bond length range      :  1.500 A to  7.500 A
    # points for histogramms       :    601

    Neighbour definitions          : 

        #  Mode  Neighbour (or vec.)  fsig  wsig   rmin[A] rmax[A] ang sym
       -------------------------------------------------------------------

    Defined correlation vectors    : 

       ** none defined **

    Defined correlation angles     : 

       ** none defined **

    Defined correlation environments: 

       ** none defined **

    Defined correlation ranges: 

       ** none defined **

    Defined displacement direc.    : 

       ** none defined **

    Defined correlation connectiv. : 

       ** none defined **
 Size of the crystal (unit cells) :    1 x    1 x    1
 Total number of atoms            :      3925
 Number of atoms per unit cell    :      3925
 Number of different atoms        :         2

    Element : VOID(0)   rel. abundance : 0.000  (        0 atoms)
    Element : PD(1)     rel. abundance : 0.496  (     1946 atoms)
    Element : AU(2)     rel. abundance : 0.504  (     1979 atoms)
 Computing powder sine lookup table ...
 Computing sin(theta)/lambda table ...
  Starting histogram

 Elapsed time H  :   3.21084     sec
  Starting convolution

 Elapsed time    :   8227.87     sec
 Resetting - all parameters ..
 Reading file Au50Pd50_Profiles_v2/Au50Pd50Dt100.xrd ..
 Column assignement (x y dx dy):     1    2    0    0
 Data set no.:   1

   Filename : Au50Pd50_Profiles_v2/Au50Pd50Dt100.xrd
   Size     :   8692 points

   Range  x :    30.00     to    120.0    
   Range  y :   0.1964E-09 to   0.1610E+05

 Reading file MC_Dt100/1500.xrd ..
 Column assignement (x y dx dy):     1    2    0    0
 Data set no.:   2

   Filename : MC_Dt100/1500.xrd
   Size     :   8692 points

   Range  x :    30.00     to    120.0    
   Range  y :   0.3974E-09 to   0.1527E+05

 Data set no.:   1

   Filename : Au50Pd50_Profiles_v2/Au50Pd50Dt100.xrd
   Size     :   8692 points

   Range  x :    30.00     to    120.0    
   Range  y :   0.1220E-12 to    10.00    

 Data set no.:   2

   Filename : MC_Dt100/1500.xrd
   Size     :   8692 points

   Range  x :    30.00     to    120.0    
   Range  y :   0.2468E-12 to    9.486    

 ------ > Saving window   1 to file : MC_Dt100/1500XRD.pdf ..
 Setting PDF calculation to no periodic bound., 3D, exact mode ..
 Setting up PDF segment ...
 Extending PDF search distance to  51.1429 A ...
 Calculating PDF (exact mode) ...
    20.00 % done  ...
    40.00 % done  ...
    60.00 % done  ...
    80.00 % done  ...
   100.00 % done  ...

 Elapsed time    :  0.445531     sec
 Required time        :     5.21 s

 Total sum of weights :    180167.8797    
 Saving PDF to file : MC_Dt100/1500.apd ...
 Resetting - all parameters ..
 Reading file Au50Pd50_Profiles_v2/Au50Pd50Dt100.apd ..
 Column assignement (x y dx dy):     1    2    3    4
 Data set no.:   1

   Filename : Au50Pd50_Profiles_v2/Au50Pd50Dt100.apd
   Size     :   5000 points

   Range  x :   0.1000E-01 to    50.00    
   Range  y :   -11.35     to    40.19    

 Reading file MC_Dt100/1500.apd ..
 Column assignement (x y dx dy):     1    2    3    4
 Data set no.:   2

   Filename : MC_Dt100/1500.apd
   Size     :   5000 points

   Range  x :   0.1000E-01 to    50.00    
   Range  y :   -4.296     to    14.77    

 Data set no.:   1

   Filename : Au50Pd50_Profiles_v2/Au50Pd50Dt100.apd
   Size     :   5000 points

   Range  x :   0.1000E-01 to    50.00    
   Range  y :   -2.825     to    10.00    

 Data set no.:   2

   Filename : MC_Dt100/1500.apd
   Size     :   5000 points

   Range  x :   0.1000E-01 to    50.00    
   Range  y :   -1.069     to    3.674    

 ------ > Saving window   1 to file : MC_Dt100/1500PDF.pdf ..
 Calculating bond-length distibution
    Allowed range :   1.00 A to  15.00  A / File : MC_Dt100/150 ( 801 pts)

    AU(2)    - AU(2)    : d = 11.012 +-  3.023 A (Min =  0.000, Max = 15.000)
                                                 (Pairs =             604188)
                                                 (Total =             604188)
 Calculating bond-length distibution
    Allowed range :   1.00 A to  15.00  A / File : MC_Dt100/150 ( 801 pts)

    AU(2)    - PD(1)    : d = 10.994 +-  3.037 A (Min =  0.000, Max = 15.000)
                                                 (Pairs =             561732)
                                                 (Total =             561732)
 Calculating bond-length distibution
    Allowed range :   1.00 A to  15.00  A / File : MC_Dt100/150 ( 801 pts)

    PD(1)    - PD(1)    : d = 10.944 +-  3.070 A (Min =  0.000, Max = 15.000)
                                                 (Pairs =             527254)
                                                 (Total =             527254)
 Resetting ..
 Reading file Au50Pd50_Profiles_v2/Au50Pd50Dt100_AuAu.bld ..
 Column assignement (x y dx dy):     1    2    0    0
 Data set no.:   1

   Filename : Au50Pd50_Profiles_v2/Au50Pd50Dt100_AuAu.bld
   Size     :    801 points

   Range  x :    1.000     to    14.98    
   Range  y :    0.000     to   0.5770E+05

 Reading file MC_Dt100/1500_AuAu.bld ..
 Column assignement (x y dx dy):     1    2    0    0
 Data set no.:   2

   Filename : MC_Dt100/1500_AuAu.bld
   Size     :    801 points

   Range  x :    1.000     to    14.98    
   Range  y :    0.000     to    3490.    

 Reading file Au50Pd50_Profiles_v2/Au50Pd50Dt100_AuPd.bld ..
 Column assignement (x y dx dy):     1    2    0    0
 Data set no.:   3

   Filename : Au50Pd50_Profiles_v2/Au50Pd50Dt100_AuPd.bld
   Size     :    801 points

   Range  x :    1.000     to    14.98    
   Range  y :    0.000     to   0.5327E+05

 Reading file MC_Dt100/1500_AuPd.bld ..
 Column assignement (x y dx dy):     1    2    0    0
 Data set no.:   4

   Filename : MC_Dt100/1500_AuPd.bld
   Size     :    801 points

   Range  x :    1.000     to    14.98    
   Range  y :    0.000     to    3317.    

 Reading file Au50Pd50_Profiles_v2/Au50Pd50Dt100_PdPd.bld ..
 Column assignement (x y dx dy):     1    2    0    0
 Data set no.:   5

   Filename : Au50Pd50_Profiles_v2/Au50Pd50Dt100_PdPd.bld
   Size     :    801 points

   Range  x :    1.000     to    14.98    
   Range  y :    0.000     to   0.4908E+05

 Reading file MC_Dt100/1500_PdPd.bld ..
 Column assignement (x y dx dy):     1    2    0    0
 Data set no.:   6

   Filename : MC_Dt100/1500_PdPd.bld
   Size     :    801 points

   Range  x :    1.000     to    14.98    
   Range  y :    0.000     to    3022.    

 Data set no.:   1

   Filename : Au50Pd50_Profiles_v2/Au50Pd50Dt100_AuAu.bld
   Size     :    801 points

   Range  x :    1.000     to    14.98    
   Range  y :    0.000     to    10.00    

 Data set no.:   2

   Filename : MC_Dt100/1500_AuAu.bld
   Size     :    801 points

   Range  x :    1.000     to    14.98    
   Range  y :    0.000     to   0.6049    

 Data set no.:   3

   Filename : Au50Pd50_Profiles_v2/Au50Pd50Dt100_AuPd.bld
   Size     :    801 points

   Range  x :    1.000     to    14.98    
   Range  y :    0.000     to    10.00    

 Data set no.:   4

   Filename : MC_Dt100/1500_AuPd.bld
   Size     :    801 points

   Range  x :    1.000     to    14.98    
   Range  y :    0.000     to   0.6227    

 Data set no.:   5

   Filename : Au50Pd50_Profiles_v2/Au50Pd50Dt100_PdPd.bld
   Size     :    801 points

   Range  x :    1.000     to    14.98    
   Range  y :    0.000     to    10.00    

 Data set no.:   6

   Filename : MC_Dt100/1500_PdPd.bld
   Size     :    801 points

   Range  x :    1.000     to    14.98    
   Range  y :    0.000     to   0.6158    

 ------ > Saving window   3 to file : MC_Dt100/1500BLD.pdf ..
 Fm-3m             225
 Lattice constants :
    a          b          c         alpha      beta       gamma      volume
    4.07890    4.07890    4.07890   90.00000   90.00000   90.00000    67.8624    

 Metric Tensor     :
      16.63743      0.00000      0.00000
       0.00000     16.63743      0.00000
       0.00000      0.00000     16.63743

 Reciprocal Lattice constants :
    a*         b*         c*        alpha*     beta*      gamma*     volume
    0.24516    0.24516    0.24516   90.00000   90.00000   90.00000   0.147357E-01

 Reciprocal metric tensor     : 
       0.06011     -0.00000     -0.00000
      -0.00000      0.06011     -0.00000
      -0.00000     -0.00000      0.06011

    Neighbour determination mode   : quick = F
    Periodic boundaries (x,y,z)    : F F F
    Current operation mode         : atoms
    Sample volume for homo-check   : complete crystal
    Allowed bond length range      :  1.500 A to  7.500 A
    # points for histogramms       :    601

    Neighbour definitions          : 

        #  Mode  Neighbour (or vec.)  fsig  wsig   rmin[A] rmax[A] ang sym
       -------------------------------------------------------------------

    Defined correlation vectors    : 

       ** none defined **

    Defined correlation angles     : 

       ** none defined **

    Defined correlation environments: 

       ** none defined **

    Defined correlation ranges: 

       ** none defined **

    Defined displacement direc.    : 

       ** none defined **

    Defined correlation connectiv. : 

       ** none defined **
 Size of the crystal (unit cells) :    1 x    1 x    1
 Total number of atoms            :      3925
 Number of atoms per unit cell    :      3925
 Number of different atoms        :         2

    Element : VOID(0)   rel. abundance : 0.000  (        0 atoms)
    Element : PD(1)     rel. abundance : 0.496  (     1946 atoms)
    Element : AU(2)     rel. abundance : 0.504  (     1979 atoms)
 Computing powder sine lookup table ...
 Computing sin(theta)/lambda table ...
  Starting histogram

 Elapsed time H  :   3.19345     sec
  Starting convolution

 Elapsed time    :   8254.07     sec
 Resetting - all parameters ..
 Reading file Au50Pd50_Profiles_v2/Au50Pd50Dt100.xrd ..
 Column assignement (x y dx dy):     1    2    0    0
 Data set no.:   1

   Filename : Au50Pd50_Profiles_v2/Au50Pd50Dt100.xrd
   Size     :   8692 points

   Range  x :    30.00     to    120.0    
   Range  y :   0.1964E-09 to   0.1610E+05

 Reading file MC_Dt100/2000.xrd ..
 Column assignement (x y dx dy):     1    2    0    0
 Data set no.:   2

   Filename : MC_Dt100/2000.xrd
   Size     :   8692 points

   Range  x :    30.00     to    120.0    
   Range  y :   0.3954E-09 to   0.1523E+05

 Data set no.:   1

   Filename : Au50Pd50_Profiles_v2/Au50Pd50Dt100.xrd
   Size     :   8692 points

   Range  x :    30.00     to    120.0    
   Range  y :   0.1220E-12 to    10.00    

 Data set no.:   2

   Filename : MC_Dt100/2000.xrd
   Size     :   8692 points

   Range  x :    30.00     to    120.0    
   Range  y :   0.2456E-12 to    9.461    

 ------ > Saving window   1 to file : MC_Dt100/2000XRD.pdf ..
 Setting PDF calculation to no periodic bound., 3D, exact mode ..
 Setting up PDF segment ...
 Extending PDF search distance to  51.1429 A ...
 Calculating PDF (exact mode) ...
    20.00 % done  ...
    40.00 % done  ...
    60.00 % done  ...
    80.00 % done  ...
   100.00 % done  ...

 Elapsed time    :  0.426068     sec
 Required time        :     5.19 s

 Total sum of weights :    179986.3821    
 Saving PDF to file : MC_Dt100/2000.apd ...
 Resetting - all parameters ..
 Reading file Au50Pd50_Profiles_v2/Au50Pd50Dt100.apd ..
 Column assignement (x y dx dy):     1    2    3    4
 Data set no.:   1

   Filename : Au50Pd50_Profiles_v2/Au50Pd50Dt100.apd
   Size     :   5000 points

   Range  x :   0.1000E-01 to    50.00    
   Range  y :   -11.35     to    40.19    

 Reading file MC_Dt100/2000.apd ..
 Column assignement (x y dx dy):     1    2    3    4
 Data set no.:   2

   Filename : MC_Dt100/2000.apd
   Size     :   5000 points

   Range  x :   0.1000E-01 to    50.00    
   Range  y :   -4.283     to    14.94    

 Data set no.:   1

   Filename : Au50Pd50_Profiles_v2/Au50Pd50Dt100.apd
   Size     :   5000 points

   Range  x :   0.1000E-01 to    50.00    
   Range  y :   -2.825     to    10.00    

 Data set no.:   2

   Filename : MC_Dt100/2000.apd
   Size     :   5000 points

   Range  x :   0.1000E-01 to    50.00    
   Range  y :   -1.066     to    3.717    

 ------ > Saving window   1 to file : MC_Dt100/2000PDF.pdf ..
 Calculating bond-length distibution
    Allowed range :   1.00 A to  15.00  A / File : MC_Dt100/200 ( 801 pts)

    AU(2)    - AU(2)    : d = 11.019 +-  3.023 A (Min =  0.000, Max = 15.000)
                                                 (Pairs =             605948)
                                                 (Total =             605948)
 Calculating bond-length distibution
    Allowed range :   1.00 A to  15.00  A / File : MC_Dt100/200 ( 801 pts)

    AU(2)    - PD(1)    : d = 10.996 +-  3.037 A (Min =  0.000, Max = 15.000)
                                                 (Pairs =             562901)
                                                 (Total =             562901)
 Calculating bond-length distibution
    Allowed range :   1.00 A to  15.00  A / File : MC_Dt100/200 ( 801 pts)

    PD(1)    - PD(1)    : d = 10.948 +-  3.070 A (Min =  0.000, Max = 15.000)
                                                 (Pairs =             528886)
                                                 (Total =             528886)
 Resetting ..
 Reading file Au50Pd50_Profiles_v2/Au50Pd50Dt100_AuAu.bld ..
 Column assignement (x y dx dy):     1    2    0    0
 Data set no.:   1

   Filename : Au50Pd50_Profiles_v2/Au50Pd50Dt100_AuAu.bld
   Size     :    801 points

   Range  x :    1.000     to    14.98    
   Range  y :    0.000     to   0.5770E+05

 Reading file MC_Dt100/2000_AuAu.bld ..
 Column assignement (x y dx dy):     1    2    0    0
 Data set no.:   2

   Filename : MC_Dt100/2000_AuAu.bld
   Size     :    801 points

   Range  x :    1.000     to    14.98    
   Range  y :    0.000     to    3404.    

 Reading file Au50Pd50_Profiles_v2/Au50Pd50Dt100_AuPd.bld ..
 Column assignement (x y dx dy):     1    2    0    0
 Data set no.:   3

   Filename : Au50Pd50_Profiles_v2/Au50Pd50Dt100_AuPd.bld
   Size     :    801 points

   Range  x :    1.000     to    14.98    
   Range  y :    0.000     to   0.5327E+05

 Reading file MC_Dt100/2000_AuPd.bld ..
 Column assignement (x y dx dy):     1    2    0    0
 Data set no.:   4

   Filename : MC_Dt100/2000_AuPd.bld
   Size     :    801 points

   Range  x :    1.000     to    14.98    
   Range  y :    0.000     to    3209.    

 Reading file Au50Pd50_Profiles_v2/Au50Pd50Dt100_PdPd.bld ..
 Column assignement (x y dx dy):     1    2    0    0
 Data set no.:   5

   Filename : Au50Pd50_Profiles_v2/Au50Pd50Dt100_PdPd.bld
   Size     :    801 points

   Range  x :    1.000     to    14.98    
   Range  y :    0.000     to   0.4908E+05

 Reading file MC_Dt100/2000_PdPd.bld ..
 Column assignement (x y dx dy):     1    2    0    0
 Data set no.:   6

   Filename : MC_Dt100/2000_PdPd.bld
   Size     :    801 points

   Range  x :    1.000     to    14.98    
   Range  y :    0.000     to    2962.    

 Data set no.:   1

   Filename : Au50Pd50_Profiles_v2/Au50Pd50Dt100_AuAu.bld
   Size     :    801 points

   Range  x :    1.000     to    14.98    
   Range  y :    0.000     to    10.00    

 Data set no.:   2

   Filename : MC_Dt100/2000_AuAu.bld
   Size     :    801 points

   Range  x :    1.000     to    14.98    
   Range  y :    0.000     to   0.5900    

 Data set no.:   3

   Filename : Au50Pd50_Profiles_v2/Au50Pd50Dt100_AuPd.bld
   Size     :    801 points

   Range  x :    1.000     to    14.98    
   Range  y :    0.000     to    10.00    

 Data set no.:   4

   Filename : MC_Dt100/2000_AuPd.bld
   Size     :    801 points

   Range  x :    1.000     to    14.98    
   Range  y :    0.000     to   0.6024    

 Data set no.:   5

   Filename : Au50Pd50_Profiles_v2/Au50Pd50Dt100_PdPd.bld
   Size     :    801 points

   Range  x :    1.000     to    14.98    
   Range  y :    0.000     to    10.00    

 Data set no.:   6

   Filename : MC_Dt100/2000_PdPd.bld
   Size     :    801 points

   Range  x :    1.000     to    14.98    
   Range  y :    0.000     to   0.6036    

 ------ > Saving window   3 to file : MC_Dt100/2000BLD.pdf ..
 END mc.relax.mac
